=== ICMP Drop Detector ===
Source IP: 192.168.77.83
Destination IP: 192.168.76.244
RX Interface(s): enp24s0f0np0(ifindex=3)
TX Interface(s): vnet130(ifindex=196)
Timeout: 1000 ms

Flow path:
  [0] Request RX at enp24s0f0np0
  [1] Request TX at vnet130
  [2] Reply RX at vnet130
  [3] Reply TX at enp24s0f0np0

Tracing... Hit Ctrl-C to end.

2026-02-06 16:00:26.456 [new] ID=15812 Seq=1 ReqRX:Y ReqTX:- RepRX:- RepTX:-
2026-02-06 16:00:26.456 [update] ID=15812 Seq=1 ReqRX:Y ReqTX:Y RepRX:- RepTX:-
2026-02-06 16:00:26.456 [update] ID=15812 Seq=1 ReqRX:Y ReqTX:Y RepRX:Y RepTX:-
2026-02-06 16:00:26.456 [complete] ID=15812 Seq=1 ReqRX:Y ReqTX:Y RepRX:Y RepTX:Y
  Latency(us): ReqInternal=106.7  External=213.5  RepInternal=60.1  Total=380.3
--------------------------------------------------------------------------------
2026-02-06 16:00:27.455 [new] ID=15812 Seq=2 ReqRX:Y ReqTX:- RepRX:- RepTX:-
2026-02-06 16:00:27.455 [update] ID=15812 Seq=2 ReqRX:Y ReqTX:Y RepRX:- RepTX:-
2026-02-06 16:00:27.455 [update] ID=15812 Seq=2 ReqRX:Y ReqTX:Y RepRX:Y RepTX:-
2026-02-06 16:00:27.455 [complete] ID=15812 Seq=2 ReqRX:Y ReqTX:Y RepRX:Y RepTX:Y
  Latency(us): ReqInternal=73.8  External=203.0  RepInternal=47.2  Total=323.9
--------------------------------------------------------------------------------
2026-02-06 16:00:28.461 [new] ID=15812 Seq=3 ReqRX:Y ReqTX:- RepRX:- RepTX:-
2026-02-06 16:00:28.461 [update] ID=15812 Seq=3 ReqRX:Y ReqTX:Y RepRX:- RepTX:-
2026-02-06 16:00:28.461 [update] ID=15812 Seq=3 ReqRX:Y ReqTX:Y RepRX:Y RepTX:-
2026-02-06 16:00:28.461 [complete] ID=15812 Seq=3 ReqRX:Y ReqTX:Y RepRX:Y RepTX:Y
  Latency(us): ReqInternal=83.8  External=210.4  RepInternal=49.4  Total=343.6
--------------------------------------------------------------------------------
2026-02-06 16:00:29.464 [new] ID=15812 Seq=4 ReqRX:Y ReqTX:- RepRX:- RepTX:-
2026-02-06 16:00:29.464 [update] ID=15812 Seq=4 ReqRX:Y ReqTX:Y RepRX:- RepTX:-
2026-02-06 16:00:29.464 [update] ID=15812 Seq=4 ReqRX:Y ReqTX:Y RepRX:Y RepTX:-
2026-02-06 16:00:29.465 [complete] ID=15812 Seq=4 ReqRX:Y ReqTX:Y RepRX:Y RepTX:Y
  Latency(us): ReqInternal=68.2  External=254.6  RepInternal=51.8  Total=374.5
--------------------------------------------------------------------------------
2026-02-06 16:00:30.469 [new] ID=15812 Seq=5 ReqRX:Y ReqTX:- RepRX:- RepTX:-
2026-02-06 16:00:30.469 [update] ID=15812 Seq=5 ReqRX:Y ReqTX:Y RepRX:- RepTX:-
2026-02-06 16:00:30.469 [update] ID=15812 Seq=5 ReqRX:Y ReqTX:Y RepRX:Y RepTX:-
2026-02-06 16:00:30.469 [complete] ID=15812 Seq=5 ReqRX:Y ReqTX:Y RepRX:Y RepTX:Y
  Latency(us): ReqInternal=83.7  External=159.8  RepInternal=60.1  Total=303.5
--------------------------------------------------------------------------------
2026-02-06 16:00:32.549 [new] ID=15813 Seq=1 ReqRX:Y ReqTX:- RepRX:- RepTX:-
2026-02-06 16:00:32.549 [update] ID=15813 Seq=1 ReqRX:Y ReqTX:Y RepRX:- RepTX:-
2026-02-06 16:00:32.549 [update] ID=15813 Seq=1 ReqRX:Y ReqTX:Y RepRX:Y RepTX:-
2026-02-06 16:00:32.549 [complete] ID=15813 Seq=1 ReqRX:Y ReqTX:Y RepRX:Y RepTX:Y
  Latency(us): ReqInternal=108.1  External=247.2  RepInternal=64.1  Total=419.5
--------------------------------------------------------------------------------
2026-02-06 16:00:33.551 [new] ID=15813 Seq=2 ReqRX:Y ReqTX:- RepRX:- RepTX:-
2026-02-06 16:00:33.551 [update] ID=15813 Seq=2 ReqRX:Y ReqTX:Y RepRX:- RepTX:-
2026-02-06 16:00:34.556 [new] ID=15813 Seq=3 ReqRX:Y ReqTX:- RepRX:- RepTX:-
2026-02-06 16:00:34.556 [update] ID=15813 Seq=3 ReqRX:Y ReqTX:Y RepRX:- RepTX:-
2026-02-06 16:00:34.556 [update] ID=15813 Seq=3 ReqRX:Y ReqTX:Y RepRX:Y RepTX:-
2026-02-06 16:00:34.556 [complete] ID=15813 Seq=3 ReqRX:Y ReqTX:Y RepRX:Y RepTX:Y
  Latency(us): ReqInternal=82.2  External=210.5  RepInternal=44.4  Total=337.1
--------------------------------------------------------------------------------

=== ICMP Drop Detected: 2026-02-06 16:00:35.158 ===
Flow: 192.168.77.83 -> 192.168.76.244 (ID=15813, Seq=2)
  [0] ReqRX: recorded
  [1] ReqTX: recorded
  [2] RepRX: MISSING
  [3] RepTX: MISSING

Drop Location: EXTERNAL (network or peer)
  Request sent from vnet130 but Reply NOT received at vnet130
2026-02-06 16:00:35.562 [new] ID=15813 Seq=4 ReqRX:Y ReqTX:- RepRX:- RepTX:-
2026-02-06 16:00:35.562 [update] ID=15813 Seq=4 ReqRX:Y ReqTX:Y RepRX:- RepTX:-
2026-02-06 16:00:35.562 [update] ID=15813 Seq=4 ReqRX:Y ReqTX:Y RepRX:Y RepTX:-
2026-02-06 16:00:35.562 [complete] ID=15813 Seq=4 ReqRX:Y ReqTX:Y RepRX:Y RepTX:Y
  Latency(us): ReqInternal=105.1  External=233.3  RepInternal=50.0  Total=388.4
--------------------------------------------------------------------------------
2026-02-06 16:00:36.572 [new] ID=15813 Seq=5 ReqRX:Y ReqTX:- RepRX:- RepTX:-
2026-02-06 16:00:36.572 [update] ID=15813 Seq=5 ReqRX:Y ReqTX:Y RepRX:- RepTX:-
2026-02-06 16:00:36.572 [update] ID=15813 Seq=5 ReqRX:Y ReqTX:Y RepRX:Y RepTX:-
2026-02-06 16:00:36.572 [complete] ID=15813 Seq=5 ReqRX:Y ReqTX:Y RepRX:Y RepTX:Y
  Latency(us): ReqInternal=85.6  External=255.3  RepInternal=73.7  Total=414.5
--------------------------------------------------------------------------------
2026-02-06 16:00:38.642 [new] ID=15814 Seq=1 ReqRX:Y ReqTX:- RepRX:- RepTX:-
2026-02-06 16:00:38.642 [update] ID=15814 Seq=1 ReqRX:Y ReqTX:Y RepRX:- RepTX:-
2026-02-06 16:00:38.643 [update] ID=15814 Seq=1 ReqRX:Y ReqTX:Y RepRX:Y RepTX:-
2026-02-06 16:00:38.643 [complete] ID=15814 Seq=1 ReqRX:Y ReqTX:Y RepRX:Y RepTX:Y
  Latency(us): ReqInternal=118.4  External=233.6  RepInternal=50.6  Total=402.6
--------------------------------------------------------------------------------
2026-02-06 16:00:39.648 [new] ID=15814 Seq=2 ReqRX:Y ReqTX:- RepRX:- RepTX:-
2026-02-06 16:00:39.648 [update] ID=15814 Seq=2 ReqRX:Y ReqTX:Y RepRX:- RepTX:-
2026-02-06 16:00:39.648 [update] ID=15814 Seq=2 ReqRX:Y ReqTX:Y RepRX:Y RepTX:-
2026-02-06 16:00:39.648 [complete] ID=15814 Seq=2 ReqRX:Y ReqTX:Y RepRX:Y RepTX:Y
  Latency(us): ReqInternal=104.4  External=220.0  RepInternal=56.9  Total=381.3
--------------------------------------------------------------------------------
2026-02-06 16:00:40.653 [new] ID=15814 Seq=3 ReqRX:Y ReqTX:- RepRX:- RepTX:-
2026-02-06 16:00:40.653 [update] ID=15814 Seq=3 ReqRX:Y ReqTX:Y RepRX:- RepTX:-
2026-02-06 16:00:40.654 [update] ID=15814 Seq=3 ReqRX:Y ReqTX:Y RepRX:Y RepTX:-
2026-02-06 16:00:40.654 [complete] ID=15814 Seq=3 ReqRX:Y ReqTX:Y RepRX:Y RepTX:Y
  Latency(us): ReqInternal=86.0  External=246.6  RepInternal=56.0  Total=388.6
--------------------------------------------------------------------------------
2026-02-06 16:00:41.659 [new] ID=15814 Seq=4 ReqRX:Y ReqTX:- RepRX:- RepTX:-
2026-02-06 16:00:41.659 [update] ID=15814 Seq=4 ReqRX:Y ReqTX:Y RepRX:- RepTX:-
2026-02-06 16:00:41.659 [update] ID=15814 Seq=4 ReqRX:Y ReqTX:Y RepRX:Y RepTX:-
2026-02-06 16:00:41.659 [complete] ID=15814 Seq=4 ReqRX:Y ReqTX:Y RepRX:Y RepTX:Y
  Latency(us): ReqInternal=83.3  External=151.1  RepInternal=44.8  Total=279.2
--------------------------------------------------------------------------------
2026-02-06 16:00:42.665 [new] ID=15814 Seq=5 ReqRX:Y ReqTX:- RepRX:- RepTX:-
2026-02-06 16:00:42.665 [update] ID=15814 Seq=5 ReqRX:Y ReqTX:Y RepRX:- RepTX:-
2026-02-06 16:00:42.665 [update] ID=15814 Seq=5 ReqRX:Y ReqTX:Y RepRX:Y RepTX:-
2026-02-06 16:00:42.665 [complete] ID=15814 Seq=5 ReqRX:Y ReqTX:Y RepRX:Y RepTX:Y
  Latency(us): ReqInternal=91.2  External=162.2  RepInternal=55.4  Total=308.9
--------------------------------------------------------------------------------
2026-02-06 16:00:44.740 [new] ID=15815 Seq=1 ReqRX:Y ReqTX:- RepRX:- RepTX:-
2026-02-06 16:00:44.740 [update] ID=15815 Seq=1 ReqRX:Y ReqTX:Y RepRX:- RepTX:-
2026-02-06 16:00:44.741 [update] ID=15815 Seq=1 ReqRX:Y ReqTX:Y RepRX:Y RepTX:-
2026-02-06 16:00:44.741 [complete] ID=15815 Seq=1 ReqRX:Y ReqTX:Y RepRX:Y RepTX:Y
  Latency(us): ReqInternal=94.8  External=237.5  RepInternal=50.6  Total=383.0
--------------------------------------------------------------------------------
2026-02-06 16:00:45.752 [new] ID=15815 Seq=2 ReqRX:Y ReqTX:- RepRX:- RepTX:-
2026-02-06 16:00:45.752 [update] ID=15815 Seq=2 ReqRX:Y ReqTX:Y RepRX:- RepTX:-
2026-02-06 16:00:45.752 [update] ID=15815 Seq=2 ReqRX:Y ReqTX:Y RepRX:Y RepTX:-
2026-02-06 16:00:45.752 [complete] ID=15815 Seq=2 ReqRX:Y ReqTX:Y RepRX:Y RepTX:Y
  Latency(us): ReqInternal=85.5  External=143.4  RepInternal=48.2  Total=277.1
--------------------------------------------------------------------------------
2026-02-06 16:00:46.751 [new] ID=15815 Seq=3 ReqRX:Y ReqTX:- RepRX:- RepTX:-
2026-02-06 16:00:46.752 [update] ID=15815 Seq=3 ReqRX:Y ReqTX:Y RepRX:- RepTX:-
2026-02-06 16:00:46.752 [update] ID=15815 Seq=3 ReqRX:Y ReqTX:Y RepRX:Y RepTX:-
2026-02-06 16:00:46.752 [complete] ID=15815 Seq=3 ReqRX:Y ReqTX:Y RepRX:Y RepTX:Y
  Latency(us): ReqInternal=91.0  External=251.8  RepInternal=40.4  Total=383.2
--------------------------------------------------------------------------------
2026-02-06 16:00:47.757 [new] ID=15815 Seq=4 ReqRX:Y ReqTX:- RepRX:- RepTX:-
2026-02-06 16:00:47.757 [update] ID=15815 Seq=4 ReqRX:Y ReqTX:Y RepRX:- RepTX:-
2026-02-06 16:00:47.757 [update] ID=15815 Seq=4 ReqRX:Y ReqTX:Y RepRX:Y RepTX:-
2026-02-06 16:00:47.757 [complete] ID=15815 Seq=4 ReqRX:Y ReqTX:Y RepRX:Y RepTX:Y
  Latency(us): ReqInternal=84.7  External=242.3  RepInternal=58.5  Total=385.5
--------------------------------------------------------------------------------
2026-02-06 16:00:48.763 [new] ID=15815 Seq=5 ReqRX:Y ReqTX:- RepRX:- RepTX:-
2026-02-06 16:00:48.763 [update] ID=15815 Seq=5 ReqRX:Y ReqTX:Y RepRX:- RepTX:-
2026-02-06 16:00:48.763 [update] ID=15815 Seq=5 ReqRX:Y ReqTX:Y RepRX:Y RepTX:-
2026-02-06 16:00:48.763 [complete] ID=15815 Seq=5 ReqRX:Y ReqTX:Y RepRX:Y RepTX:Y
  Latency(us): ReqInternal=96.1  External=234.0  RepInternal=55.5  Total=385.6
--------------------------------------------------------------------------------

Detaching...

=== ICMP Flow Statistics ===
Total flows tracked: 20
Complete flows: 19
Request internal drops: 0
External drops: 1
Reply internal drops: 0
