Auto-detecting QEMU PID for device vnet130...
QEMU PID: 43272
Found 8 vhost threads: [51210, 51211, 51212, 51213, 51214, 51215, 51216, 51217]
Device filter: vnet130
Target vhost TIDs: [51210, 51211, 51212, 51213, 51214, 51215, 51216, 51217]
Flow filter: proto=icmp,src=192.168.76.244,dst=192.168.77.83

Warmup: 2s (learning eventfds)...
Warmup complete.

Tracing... Hit Ctrl+C to end.
[16:00:29.465] tid=51217 queue=7 s0=17us s1=9us s2=13us total=39us
[16:00:30.469] tid=51217 queue=7 s0=10us s1=4us s2=9us total=23us
[16:00:32.546] tid=51217 queue=7 s0=12us s1=6us s2=10us total=28us
[16:00:33.551] tid=51217 queue=7 s0=10us s1=4us s2=7us total=21us
[16:00:34.556] tid=51217 queue=7 s0=10us s1=4us s2=7us total=21us
[16:00:35.562] tid=51217 queue=7 s0=18us s1=6us s2=11us total=35us
[16:00:36.572] tid=51217 queue=7 s0=10us s1=6us s2=9us total=25us
[16:00:38.643] tid=51217 queue=7 s0=13us s1=5us s2=9us total=27us
[16:00:39.648] tid=51217 queue=7 s0=17us s1=10us s2=15us total=42us
[16:00:40.654] tid=51217 queue=7 s0=17us s1=10us s2=15us total=42us
[16:00:41.659] tid=51217 queue=7 s0=10us s1=4us s2=9us total=23us
[16:00:42.665] tid=51217 queue=7 s0=9us s1=5us s2=9us total=23us
[16:00:44.741] tid=51217 queue=7 s0=12us s1=4us s2=7us total=23us
[16:00:45.747] tid=51217 queue=7 s0=9us s1=4us s2=7us total=20us
[16:00:46.752] tid=51217 queue=7 s0=11us s1=4us s2=61us total=76us
[16:00:47.759] tid=51217 queue=7 s0=15us s1=5us s2=8us total=28us
[16:00:48.763] tid=51217 queue=7 s0=11us s1=8us s2=16us total=35us

============================================================
Summary Statistics
============================================================
S0 (ioeventfd->kick):   cnt=      17  avg=      12.4us
S1 (kick->sendmsg):     cnt=      17  avg=       5.8us
S2 (sendmsg->receive):  cnt=      17  avg=      13.1us
Total chain:            cnt=      17  avg=      31.2us
