Auto-detecting QEMU PID for device vnet35...
QEMU PID: 22529
Found 8 vhost threads: [22550, 22551, 22552, 22554, 22555, 22556, 22557, 22558]
Device filter: vnet35
Target vhost TIDs: [22550, 22551, 22552, 22554, 22555, 22556, 22557, 22558]
Flow filter: proto=icmp,src=192.168.77.83,dst=192.168.76.244

Warmup: 2s (learning eventfds)...
Warmup complete.

Tracing... Hit Ctrl+C to end.
[16:00:28.459] tid=22554 queue=3 s0=12us s1=5us s2=18us total=35us
[16:00:29.464] tid=22554 queue=3 s0=11us s1=5us s2=17us total=33us
[16:00:30.469] tid=22558 queue=7 s0=13us s1=5us s2=22us total=40us
[16:00:32.545] tid=22550 queue=0 s0=0us s1=5us s2=23us total=0us
[16:00:33.551] tid=22550 queue=0 s0=68us s1=5us s2=21us total=94us
[16:00:34.559] tid=22550 queue=0 s0=13us s1=5us s2=21us total=39us
[16:00:35.561] tid=22550 queue=0 s0=48us s1=5us s2=21us total=74us
[16:00:36.567] tid=22550 queue=0 s0=16us s1=5us s2=26us total=47us
[16:00:38.644] tid=22554 queue=3 s0=11us s1=5us s2=31us total=47us
[16:00:39.648] tid=22554 queue=3 s0=12us s1=5us s2=19us total=36us
[16:00:40.654] tid=22554 queue=3 s0=15us s1=5us s2=25us total=45us
[16:00:41.659] tid=22554 queue=3 s0=17us s1=5us s2=22us total=44us
[16:00:42.665] tid=22558 queue=7 s0=14us s1=5us s2=19us total=38us
[16:00:44.740] tid=22555 queue=4 s0=13us s1=7us s2=26us total=46us
[16:00:45.746] tid=22555 queue=4 s0=14us s1=4us s2=16us total=34us
[16:00:46.752] tid=22555 queue=4 s0=11us s1=5us s2=19us total=35us
[16:00:47.757] tid=22555 queue=4 s0=13us s1=5us s2=16us total=34us
[16:00:48.762] tid=22555 queue=4 s0=13us s1=8us s2=8us total=29us

============================================================
Summary Statistics
============================================================
S0 (ioeventfd->kick):   cnt=      17  avg=      18.5us
S1 (kick->sendmsg):     cnt=      18  avg=       5.2us
S2 (sendmsg->receive):  cnt=      18  avg=      20.6us
Total chain:            cnt=      17  avg=      44.1us
