=== Kernel ICMP RTT Tracer ===
Trace Direction: TX
Ping Session: 192.168.77.83 -> 192.168.76.244
Local IP: 192.168.77.83 (0xc0a84d53)
Remote IP: 192.168.76.244 (0xc0a84cf4)
Monitoring interface(s): ens4(ifindex=2)

BPF program loaded successfully

Verifying probe attachments:
  [OK] ip_local_out found in kallsyms
  [OK] __ip_local_out found in kallsyms
  [OK] ip_rcv found in kallsyms
  [OK] icmp_rcv found in kallsyms
  [OK] netif_receive_skb tracepoint exists
  [OK] net_dev_xmit tracepoint exists

Tracing ICMP RTT (src=192.168.77.83, dst=192.168.76.244, dir=tx) ... Hit Ctrl-C to end.
================================================================================
=== ICMP RTT Trace: 2026-02-06 02:00:22.366 (TX (Local -> Remote)) ===
Session: 192.168.77.83 -> 192.168.76.244 (ID: 15811, Seq: 3)
Path 1 (Request: TX to 192.168.76.244)       : PID=3870855 COMM=ping         IF=unknown    ICMP_Type=8
Path 2 (Reply:   RX from 192.168.76.244)     : PID=0      COMM=swapper/0    IF=ens4       ICMP_Type=0

SKB Pointers:
  Stage 0 (P1 (ip_local_out)                       ): 0xffff9921e664c600
  Stage 1 (P1 (net_dev_xmit)                       ): 0xffff9921e664c600
  Stage 3 (P2 (netif_receive_skb)                  ): 0xffff9921de0d6400
  Stage 5 (P2 (icmp_rcv)                           ): 0xffff9921de0d6400

Path 1 Latencies (us):
  [0->1] P1 (ip_local_out)                        -> P1 (net_dev_xmit)                       : 60191.937 us
  Total Path 1: 60191.937 us

Path 2 Latencies (us):
  [3->5] P2 (netif_receive_skb)                   -> P2 (icmp_rcv)                           : 104.629 us
  Total Path 2: 104.629 us

Total RTT (Path1 Start to Path2 End): 61145.224 us
Inter-Path Latency (P1 end -> P2 start): 848.658 us
================================================================================

================================================================================
=== ICMP RTT Trace: 2026-02-06 02:00:23.371 (TX (Local -> Remote)) ===
Session: 192.168.77.83 -> 192.168.76.244 (ID: 15811, Seq: 4)
Path 1 (Request: TX to 192.168.76.244)       : PID=3870855 COMM=ping         IF=unknown    ICMP_Type=8
Path 2 (Reply:   RX from 192.168.76.244)     : PID=0      COMM=swapper/0    IF=ens4       ICMP_Type=0

SKB Pointers:
  Stage 0 (P1 (ip_local_out)                       ): 0xffff9921e664d200
  Stage 1 (P1 (net_dev_xmit)                       ): 0xffff9921e664d200
  Stage 3 (P2 (netif_receive_skb)                  ): 0xffff9921de0d6a00
  Stage 5 (P2 (icmp_rcv)                           ): 0xffff9921de0d6a00

Path 1 Latencies (us):
  [0->1] P1 (ip_local_out)                        -> P1 (net_dev_xmit)                       : 60098.188 us
  Total Path 1: 60098.188 us

Path 2 Latencies (us):
  [3->5] P2 (netif_receive_skb)                   -> P2 (icmp_rcv)                           :  34.378 us
  Total Path 2:  34.378 us

Total RTT (Path1 Start to Path2 End): 60531.561 us
Inter-Path Latency (P1 end -> P2 start): 398.995 us
================================================================================

================================================================================
=== ICMP RTT Trace: 2026-02-06 02:00:24.376 (TX (Local -> Remote)) ===
Session: 192.168.77.83 -> 192.168.76.244 (ID: 15811, Seq: 5)
Path 1 (Request: TX to 192.168.76.244)       : PID=3870855 COMM=ping         IF=unknown    ICMP_Type=8
Path 2 (Reply:   RX from 192.168.76.244)     : PID=0      COMM=swapper/0    IF=ens4       ICMP_Type=0

SKB Pointers:
  Stage 0 (P1 (ip_local_out)                       ): 0xffff9921e664dc00
  Stage 1 (P1 (net_dev_xmit)                       ): 0xffff9921e664dc00
  Stage 3 (P2 (netif_receive_skb)                  ): 0xffff9921de0d6b00
  Stage 5 (P2 (icmp_rcv)                           ): 0xffff9921de0d6b00

Path 1 Latencies (us):
  [0->1] P1 (ip_local_out)                        -> P1 (net_dev_xmit)                       : 60077.322 us
  Total Path 1: 60077.322 us

Path 2 Latencies (us):
  [3->5] P2 (netif_receive_skb)                   -> P2 (icmp_rcv)                           :  35.761 us
  Total Path 2:  35.761 us

Total RTT (Path1 Start to Path2 End): 60532.910 us
Inter-Path Latency (P1 end -> P2 start): 419.827 us
================================================================================

================================================================================
=== ICMP RTT Trace: 2026-02-06 02:00:26.451 (TX (Local -> Remote)) ===
Session: 192.168.77.83 -> 192.168.76.244 (ID: 15812, Seq: 1)
Path 1 (Request: TX to 192.168.76.244)       : PID=3870894 COMM=ping         IF=unknown    ICMP_Type=8
Path 2 (Reply:   RX from 192.168.76.244)     : PID=0      COMM=swapper/7    IF=ens4       ICMP_Type=0

SKB Pointers:
  Stage 0 (P1 (ip_local_out)                       ): 0xffff992295a74100
  Stage 1 (P1 (net_dev_xmit)                       ): 0xffff992295a74100
  Stage 3 (P2 (netif_receive_skb)                  ): 0xffff99226953b500
  Stage 5 (P2 (icmp_rcv)                           ): 0xffff99226953b500

Path 1 Latencies (us):
  [0->1] P1 (ip_local_out)                        -> P1 (net_dev_xmit)                       : 60144.395 us
  Total Path 1: 60144.395 us

Path 2 Latencies (us):
  [3->5] P2 (netif_receive_skb)                   -> P2 (icmp_rcv)                           : 103.274 us
  Total Path 2: 103.274 us

Total RTT (Path1 Start to Path2 End): 60884.815 us
Inter-Path Latency (P1 end -> P2 start): 637.146 us
================================================================================

================================================================================
=== ICMP RTT Trace: 2026-02-06 02:00:27.454 (TX (Local -> Remote)) ===
Session: 192.168.77.83 -> 192.168.76.244 (ID: 15812, Seq: 2)
Path 1 (Request: TX to 192.168.76.244)       : PID=3870894 COMM=ping         IF=unknown    ICMP_Type=8
Path 2 (Reply:   RX from 192.168.76.244)     : PID=0      COMM=swapper/7    IF=ens4       ICMP_Type=0

SKB Pointers:
  Stage 0 (P1 (ip_local_out)                       ): 0xffff992295a75a00
  Stage 1 (P1 (net_dev_xmit)                       ): 0xffff992295a75a00
  Stage 3 (P2 (netif_receive_skb)                  ): 0xffff99226953bd00
  Stage 5 (P2 (icmp_rcv)                           ): 0xffff99226953bd00

Path 1 Latencies (us):
  [0->1] P1 (ip_local_out)                        -> P1 (net_dev_xmit)                       : 60106.749 us
  Total Path 1: 60106.749 us

Path 2 Latencies (us):
  [3->5] P2 (netif_receive_skb)                   -> P2 (icmp_rcv)                           :  40.788 us
  Total Path 2:  40.788 us

Total RTT (Path1 Start to Path2 End): 60703.847 us
Inter-Path Latency (P1 end -> P2 start): 556.310 us
================================================================================

================================================================================
=== ICMP RTT Trace: 2026-02-06 02:00:28.460 (TX (Local -> Remote)) ===
Session: 192.168.77.83 -> 192.168.76.244 (ID: 15812, Seq: 3)
Path 1 (Request: TX to 192.168.76.244)       : PID=3870894 COMM=ping         IF=unknown    ICMP_Type=8
Path 2 (Reply:   RX from 192.168.76.244)     : PID=0      COMM=swapper/7    IF=ens4       ICMP_Type=0

SKB Pointers:
  Stage 0 (P1 (ip_local_out)                       ): 0xffff992295a74d00
  Stage 1 (P1 (net_dev_xmit)                       ): 0xffff992295a74d00
  Stage 3 (P2 (netif_receive_skb)                  ): 0xffff99226953b400
  Stage 5 (P2 (icmp_rcv)                           ): 0xffff99226953b400

Path 1 Latencies (us):
  [0->1] P1 (ip_local_out)                        -> P1 (net_dev_xmit)                       : 60133.476 us
  Total Path 1: 60133.476 us

Path 2 Latencies (us):
  [3->5] P2 (netif_receive_skb)                   -> P2 (icmp_rcv)                           :  29.490 us
  Total Path 2:  29.490 us

Total RTT (Path1 Start to Path2 End): 60694.877 us
Inter-Path Latency (P1 end -> P2 start): 531.911 us
================================================================================

================================================================================
=== ICMP RTT Trace: 2026-02-06 02:00:29.465 (TX (Local -> Remote)) ===
Session: 192.168.77.83 -> 192.168.76.244 (ID: 15812, Seq: 4)
Path 1 (Request: TX to 192.168.76.244)       : PID=3870894 COMM=ping         IF=unknown    ICMP_Type=8
Path 2 (Reply:   RX from 192.168.76.244)     : PID=0      COMM=swapper/7    IF=ens4       ICMP_Type=0

SKB Pointers:
  Stage 0 (P1 (ip_local_out)                       ): 0xffff992295a75600
  Stage 1 (P1 (net_dev_xmit)                       ): 0xffff992295a75600
  Stage 3 (P2 (netif_receive_skb)                  ): 0xffff99226953a600
  Stage 5 (P2 (icmp_rcv)                           ): 0xffff99226953a600

Path 1 Latencies (us):
  [0->1] P1 (ip_local_out)                        -> P1 (net_dev_xmit)                       : 60101.522 us
  Total Path 1: 60101.522 us

Path 2 Latencies (us):
  [3->5] P2 (netif_receive_skb)                   -> P2 (icmp_rcv)                           :  32.139 us
  Total Path 2:  32.139 us

Total RTT (Path1 Start to Path2 End): 60734.740 us
Inter-Path Latency (P1 end -> P2 start): 601.079 us
================================================================================

================================================================================
=== ICMP RTT Trace: 2026-02-06 02:00:30.470 (TX (Local -> Remote)) ===
Session: 192.168.77.83 -> 192.168.76.244 (ID: 15812, Seq: 5)
Path 1 (Request: TX to 192.168.76.244)       : PID=3870894 COMM=ping         IF=unknown    ICMP_Type=8
Path 2 (Reply:   RX from 192.168.76.244)     : PID=0      COMM=swapper/7    IF=ens4       ICMP_Type=0

SKB Pointers:
  Stage 0 (P1 (ip_local_out)                       ): 0xffff99226953b300
  Stage 1 (P1 (net_dev_xmit)                       ): 0xffff99226953b300
  Stage 3 (P2 (netif_receive_skb)                  ): 0xffff99226953a600
  Stage 5 (P2 (icmp_rcv)                           ): 0xffff99226953a600

Path 1 Latencies (us):
  [0->1] P1 (ip_local_out)                        -> P1 (net_dev_xmit)                       : 60082.311 us
  Total Path 1: 60082.311 us

Path 2 Latencies (us):
  [3->5] P2 (netif_receive_skb)                   -> P2 (icmp_rcv)                           :  25.312 us
  Total Path 2:  25.312 us

Total RTT (Path1 Start to Path2 End): 60629.285 us
Inter-Path Latency (P1 end -> P2 start): 521.662 us
================================================================================

================================================================================
=== ICMP RTT Trace: 2026-02-06 02:00:32.546 (TX (Local -> Remote)) ===
Session: 192.168.77.83 -> 192.168.76.244 (ID: 15813, Seq: 1)
Path 1 (Request: TX to 192.168.76.244)       : PID=3870895 COMM=ping         IF=unknown    ICMP_Type=8
Path 2 (Reply:   RX from 192.168.76.244)     : PID=0      COMM=swapper/5    IF=ens4       ICMP_Type=0

SKB Pointers:
  Stage 0 (P1 (ip_local_out)                       ): 0xffff9921de0d7000
  Stage 1 (P1 (net_dev_xmit)                       ): 0xffff9921de0d7000
  Stage 3 (P2 (netif_receive_skb)                  ): 0xffff9921dc766f00
  Stage 5 (P2 (icmp_rcv)                           ): 0xffff9921dc766f00

Path 1 Latencies (us):
  [0->1] P1 (ip_local_out)                        -> P1 (net_dev_xmit)                       : 60108.719 us
  Total Path 1: 60108.719 us

Path 2 Latencies (us):
  [3->5] P2 (netif_receive_skb)                   -> P2 (icmp_rcv)                           :  52.707 us
  Total Path 2:  52.707 us

Total RTT (Path1 Start to Path2 End): 60790.376 us
Inter-Path Latency (P1 end -> P2 start): 628.950 us
================================================================================

================================================================================
=== ICMP RTT Trace: 2026-02-06 02:00:33.551 (TX (Local -> Remote)) ===
Session: 192.168.77.83 -> 192.168.76.244 (ID: 15813, Seq: 2)
Path 1 (Request: TX to 192.168.76.244)       : PID=3870895 COMM=ping         IF=unknown    ICMP_Type=8
Path 2 (Reply:   RX from 192.168.76.244)     : PID=0      COMM=swapper/5    IF=ens4       ICMP_Type=0

SKB Pointers:
  Stage 0 (P1 (ip_local_out)                       ): 0xffff9921de0d6400
  Stage 1 (P1 (net_dev_xmit)                       ): 0xffff9921de0d6400
  Stage 3 (P2 (netif_receive_skb)                  ): 0xffff9921dc766e00
  Stage 5 (P2 (icmp_rcv)                           ): 0xffff9921dc766e00

Path 1 Latencies (us):
  [0->1] P1 (ip_local_out)                        -> P1 (net_dev_xmit)                       : 60095.707 us
  Total Path 1: 60095.707 us

Path 2 Latencies (us):
  [3->5] P2 (netif_receive_skb)                   -> P2 (icmp_rcv)                           :  28.467 us
  Total Path 2:  28.467 us

Total RTT (Path1 Start to Path2 End): 60710.315 us
Inter-Path Latency (P1 end -> P2 start): 586.141 us
================================================================================

================================================================================
=== ICMP RTT Trace: 2026-02-06 02:00:34.557 (TX (Local -> Remote)) ===
Session: 192.168.77.83 -> 192.168.76.244 (ID: 15813, Seq: 3)
Path 1 (Request: TX to 192.168.76.244)       : PID=3870895 COMM=ping         IF=unknown    ICMP_Type=8
Path 2 (Reply:   RX from 192.168.76.244)     : PID=0      COMM=swapper/5    IF=ens4       ICMP_Type=0

SKB Pointers:
  Stage 0 (P1 (ip_local_out)                       ): 0xffff9921de0d6600
  Stage 1 (P1 (net_dev_xmit)                       ): 0xffff9921de0d6600
  Stage 3 (P2 (netif_receive_skb)                  ): 0xffff9921dc767800
  Stage 5 (P2 (icmp_rcv)                           ): 0xffff9921dc767800

Path 1 Latencies (us):
  [0->1] P1 (ip_local_out)                        -> P1 (net_dev_xmit)                       : 60099.947 us
  Total Path 1: 60099.947 us

Path 2 Latencies (us):
  [3->5] P2 (netif_receive_skb)                   -> P2 (icmp_rcv)                           :  37.768 us
  Total Path 2:  37.768 us

Total RTT (Path1 Start to Path2 End): 60669.930 us
Inter-Path Latency (P1 end -> P2 start): 532.215 us
================================================================================

================================================================================
=== ICMP RTT Trace: 2026-02-06 02:00:35.563 (TX (Local -> Remote)) ===
Session: 192.168.77.83 -> 192.168.76.244 (ID: 15813, Seq: 4)
Path 1 (Request: TX to 192.168.76.244)       : PID=3870895 COMM=ping         IF=unknown    ICMP_Type=8
Path 2 (Reply:   RX from 192.168.76.244)     : PID=0      COMM=swapper/5    IF=ens4       ICMP_Type=0

SKB Pointers:
  Stage 0 (P1 (ip_local_out)                       ): 0xffff9921de0d6b00
  Stage 1 (P1 (net_dev_xmit)                       ): 0xffff9921de0d6b00
  Stage 3 (P2 (netif_receive_skb)                  ): 0xffff9921dc767300
  Stage 5 (P2 (icmp_rcv)                           ): 0xffff9921dc767300

Path 1 Latencies (us):
  [0->1] P1 (ip_local_out)                        -> P1 (net_dev_xmit)                       : 60112.297 us
  Total Path 1: 60112.297 us

Path 2 Latencies (us):
  [3->5] P2 (netif_receive_skb)                   -> P2 (icmp_rcv)                           :  36.183 us
  Total Path 2:  36.183 us

Total RTT (Path1 Start to Path2 End): 60788.053 us
Inter-Path Latency (P1 end -> P2 start): 639.573 us
================================================================================

================================================================================
=== ICMP RTT Trace: 2026-02-06 02:00:36.568 (TX (Local -> Remote)) ===
Session: 192.168.77.83 -> 192.168.76.244 (ID: 15813, Seq: 5)
Path 1 (Request: TX to 192.168.76.244)       : PID=3870895 COMM=ping         IF=unknown    ICMP_Type=8
Path 2 (Reply:   RX from 192.168.76.244)     : PID=0      COMM=swapper/5    IF=ens4       ICMP_Type=0

SKB Pointers:
  Stage 0 (P1 (ip_local_out)                       ): 0xffff9921de0d7400
  Stage 1 (P1 (net_dev_xmit)                       ): 0xffff9921de0d7400
  Stage 3 (P2 (netif_receive_skb)                  ): 0xffff9921dc766800
  Stage 5 (P2 (icmp_rcv)                           ): 0xffff9921dc766800

Path 1 Latencies (us):
  [0->1] P1 (ip_local_out)                        -> P1 (net_dev_xmit)                       : 60125.198 us
  Total Path 1: 60125.198 us

Path 2 Latencies (us):
  [3->5] P2 (netif_receive_skb)                   -> P2 (icmp_rcv)                           :  37.198 us
  Total Path 2:  37.198 us

Total RTT (Path1 Start to Path2 End): 60804.670 us
Inter-Path Latency (P1 end -> P2 start): 642.274 us
================================================================================

================================================================================
=== ICMP RTT Trace: 2026-02-06 02:00:38.643 (TX (Local -> Remote)) ===
Session: 192.168.77.83 -> 192.168.76.244 (ID: 15814, Seq: 1)
Path 1 (Request: TX to 192.168.76.244)       : PID=3870908 COMM=ping         IF=unknown    ICMP_Type=8
Path 2 (Reply:   RX from 192.168.76.244)     : PID=0      COMM=swapper/7    IF=ens4       ICMP_Type=0

SKB Pointers:
  Stage 0 (P1 (ip_local_out)                       ): 0xffff992295a74a00
  Stage 1 (P1 (net_dev_xmit)                       ): 0xffff992295a74a00
  Stage 3 (P2 (netif_receive_skb)                  ): 0xffff99226953bd00
  Stage 5 (P2 (icmp_rcv)                           ): 0xffff99226953bd00

Path 1 Latencies (us):
  [0->1] P1 (ip_local_out)                        -> P1 (net_dev_xmit)                       : 60136.612 us
  Total Path 1: 60136.612 us

Path 2 Latencies (us):
  [3->5] P2 (netif_receive_skb)                   -> P2 (icmp_rcv)                           :  37.750 us
  Total Path 2:  37.750 us

Total RTT (Path1 Start to Path2 End): 60828.864 us
Inter-Path Latency (P1 end -> P2 start): 654.502 us
================================================================================

================================================================================
=== ICMP RTT Trace: 2026-02-06 02:00:39.649 (TX (Local -> Remote)) ===
Session: 192.168.77.83 -> 192.168.76.244 (ID: 15814, Seq: 2)
Path 1 (Request: TX to 192.168.76.244)       : PID=3870908 COMM=ping         IF=unknown    ICMP_Type=8
Path 2 (Reply:   RX from 192.168.76.244)     : PID=0      COMM=swapper/7    IF=ens4       ICMP_Type=0

SKB Pointers:
  Stage 0 (P1 (ip_local_out)                       ): 0xffff992295a75200
  Stage 1 (P1 (net_dev_xmit)                       ): 0xffff992295a75200
  Stage 3 (P2 (netif_receive_skb)                  ): 0xffff99226953b900
  Stage 5 (P2 (icmp_rcv)                           ): 0xffff99226953b900

Path 1 Latencies (us):
  [0->1] P1 (ip_local_out)                        -> P1 (net_dev_xmit)                       : 60086.967 us
  Total Path 1: 60086.967 us

Path 2 Latencies (us):
  [3->5] P2 (netif_receive_skb)                   -> P2 (icmp_rcv)                           :  32.049 us
  Total Path 2:  32.049 us

Total RTT (Path1 Start to Path2 End): 60674.763 us
Inter-Path Latency (P1 end -> P2 start): 555.747 us
================================================================================

================================================================================
=== ICMP RTT Trace: 2026-02-06 02:00:40.654 (TX (Local -> Remote)) ===
Session: 192.168.77.83 -> 192.168.76.244 (ID: 15814, Seq: 3)
Path 1 (Request: TX to 192.168.76.244)       : PID=3870908 COMM=ping         IF=unknown    ICMP_Type=8
Path 2 (Reply:   RX from 192.168.76.244)     : PID=0      COMM=swapper/7    IF=ens4       ICMP_Type=0

SKB Pointers:
  Stage 0 (P1 (ip_local_out)                       ): 0xffff992295a74300
  Stage 1 (P1 (net_dev_xmit)                       ): 0xffff992295a74300
  Stage 3 (P2 (netif_receive_skb)                  ): 0xffff99226953bc00
  Stage 5 (P2 (icmp_rcv)                           ): 0xffff99226953bc00

Path 1 Latencies (us):
  [0->1] P1 (ip_local_out)                        -> P1 (net_dev_xmit)                       : 60117.587 us
  Total Path 1: 60117.587 us

Path 2 Latencies (us):
  [3->5] P2 (netif_receive_skb)                   -> P2 (icmp_rcv)                           :  56.057 us
  Total Path 2:  56.057 us

Total RTT (Path1 Start to Path2 End): 60782.214 us
Inter-Path Latency (P1 end -> P2 start): 608.570 us
================================================================================

================================================================================
=== ICMP RTT Trace: 2026-02-06 02:00:41.660 (TX (Local -> Remote)) ===
Session: 192.168.77.83 -> 192.168.76.244 (ID: 15814, Seq: 4)
Path 1 (Request: TX to 192.168.76.244)       : PID=3870908 COMM=ping         IF=unknown    ICMP_Type=8
Path 2 (Reply:   RX from 192.168.76.244)     : PID=0      COMM=swapper/7    IF=ens4       ICMP_Type=0

SKB Pointers:
  Stage 0 (P1 (ip_local_out)                       ): 0xffff992295a74900
  Stage 1 (P1 (net_dev_xmit)                       ): 0xffff992295a74900
  Stage 3 (P2 (netif_receive_skb)                  ): 0xffff99226953a100
  Stage 5 (P2 (icmp_rcv)                           ): 0xffff99226953a100

Path 1 Latencies (us):
  [0->1] P1 (ip_local_out)                        -> P1 (net_dev_xmit)                       : 60099.861 us
  Total Path 1: 60099.861 us

Path 2 Latencies (us):
  [3->5] P2 (netif_receive_skb)                   -> P2 (icmp_rcv)                           :  34.916 us
  Total Path 2:  34.916 us

Total RTT (Path1 Start to Path2 End): 60622.572 us
Inter-Path Latency (P1 end -> P2 start): 487.795 us
================================================================================

================================================================================
=== ICMP RTT Trace: 2026-02-06 02:00:42.666 (TX (Local -> Remote)) ===
Session: 192.168.77.83 -> 192.168.76.244 (ID: 15814, Seq: 5)
Path 1 (Request: TX to 192.168.76.244)       : PID=3870908 COMM=ping         IF=unknown    ICMP_Type=8
Path 2 (Reply:   RX from 192.168.76.244)     : PID=0      COMM=swapper/7    IF=ens4       ICMP_Type=0

SKB Pointers:
  Stage 0 (P1 (ip_local_out)                       ): 0xffff99226953bc00
  Stage 1 (P1 (net_dev_xmit)                       ): 0xffff99226953bc00
  Stage 3 (P2 (netif_receive_skb)                  ): 0xffff99226953b500
  Stage 5 (P2 (icmp_rcv)                           ): 0xffff99226953b500

Path 1 Latencies (us):
  [0->1] P1 (ip_local_out)                        -> P1 (net_dev_xmit)                       : 60081.945 us
  Total Path 1: 60081.945 us

Path 2 Latencies (us):
  [3->5] P2 (netif_receive_skb)                   -> P2 (icmp_rcv)                           :  26.612 us
  Total Path 2:  26.612 us

Total RTT (Path1 Start to Path2 End): 60628.177 us
Inter-Path Latency (P1 end -> P2 start): 519.620 us
================================================================================

================================================================================
=== ICMP RTT Trace: 2026-02-06 02:00:44.741 (TX (Local -> Remote)) ===
Session: 192.168.77.83 -> 192.168.76.244 (ID: 15815, Seq: 1)
Path 1 (Request: TX to 192.168.76.244)       : PID=3870921 COMM=ping         IF=unknown    ICMP_Type=8
Path 2 (Reply:   RX from 192.168.76.244)     : PID=0      COMM=swapper/3    IF=ens4       ICMP_Type=0

SKB Pointers:
  Stage 0 (P1 (ip_local_out)                       ): 0xffff992214f2b300
  Stage 1 (P1 (net_dev_xmit)                       ): 0xffff992214f2b300
  Stage 3 (P2 (netif_receive_skb)                  ): 0xffff992295a75100
  Stage 5 (P2 (icmp_rcv)                           ): 0xffff992295a75100

Path 1 Latencies (us):
  [0->1] P1 (ip_local_out)                        -> P1 (net_dev_xmit)                       : 60115.501 us
  Total Path 1: 60115.501 us

Path 2 Latencies (us):
  [3->5] P2 (netif_receive_skb)                   -> P2 (icmp_rcv)                           :  36.207 us
  Total Path 2:  36.207 us

Total RTT (Path1 Start to Path2 End): 60791.250 us
Inter-Path Latency (P1 end -> P2 start): 639.542 us
================================================================================

================================================================================
=== ICMP RTT Trace: 2026-02-06 02:00:45.747 (TX (Local -> Remote)) ===
Session: 192.168.77.83 -> 192.168.76.244 (ID: 15815, Seq: 2)
Path 1 (Request: TX to 192.168.76.244)       : PID=3870921 COMM=ping         IF=unknown    ICMP_Type=8
Path 2 (Reply:   RX from 192.168.76.244)     : PID=0      COMM=swapper/3    IF=ens4       ICMP_Type=0

SKB Pointers:
  Stage 0 (P1 (ip_local_out)                       ): 0xffff992214f2bf00
  Stage 1 (P1 (net_dev_xmit)                       ): 0xffff992214f2bf00
  Stage 3 (P2 (netif_receive_skb)                  ): 0xffff992295a75800
  Stage 5 (P2 (icmp_rcv)                           ): 0xffff992295a75800

Path 1 Latencies (us):
  [0->1] P1 (ip_local_out)                        -> P1 (net_dev_xmit)                       : 60084.945 us
  Total Path 1: 60084.945 us

Path 2 Latencies (us):
  [3->5] P2 (netif_receive_skb)                   -> P2 (icmp_rcv)                           :  34.956 us
  Total Path 2:  34.956 us

Total RTT (Path1 Start to Path2 End): 60607.543 us
Inter-Path Latency (P1 end -> P2 start): 487.642 us
================================================================================

================================================================================
=== ICMP RTT Trace: 2026-02-06 02:00:46.752 (TX (Local -> Remote)) ===
Session: 192.168.77.83 -> 192.168.76.244 (ID: 15815, Seq: 3)
Path 1 (Request: TX to 192.168.76.244)       : PID=3870921 COMM=ping         IF=unknown    ICMP_Type=8
Path 2 (Reply:   RX from 192.168.76.244)     : PID=0      COMM=swapper/3    IF=ens4       ICMP_Type=0

SKB Pointers:
  Stage 0 (P1 (ip_local_out)                       ): 0xffff992214f2b000
  Stage 1 (P1 (net_dev_xmit)                       ): 0xffff992214f2b000
  Stage 3 (P2 (netif_receive_skb)                  ): 0xffff992295a75c00
  Stage 5 (P2 (icmp_rcv)                           ): 0xffff992295a75c00

Path 1 Latencies (us):
  [0->1] P1 (ip_local_out)                        -> P1 (net_dev_xmit)                       : 60094.413 us
  Total Path 1: 60094.413 us

Path 2 Latencies (us):
  [3->5] P2 (netif_receive_skb)                   -> P2 (icmp_rcv)                           :  51.213 us
  Total Path 2:  51.213 us

Total RTT (Path1 Start to Path2 End): 60756.957 us
Inter-Path Latency (P1 end -> P2 start): 611.331 us
================================================================================

================================================================================
=== ICMP RTT Trace: 2026-02-06 02:00:47.758 (TX (Local -> Remote)) ===
Session: 192.168.77.83 -> 192.168.76.244 (ID: 15815, Seq: 4)
Path 1 (Request: TX to 192.168.76.244)       : PID=3870921 COMM=ping         IF=unknown    ICMP_Type=8
Path 2 (Reply:   RX from 192.168.76.244)     : PID=0      COMM=swapper/3    IF=ens4       ICMP_Type=0

SKB Pointers:
  Stage 0 (P1 (ip_local_out)                       ): 0xffff992214f2af00
  Stage 1 (P1 (net_dev_xmit)                       ): 0xffff992214f2af00
  Stage 3 (P2 (netif_receive_skb)                  ): 0xffff992295a74700
  Stage 5 (P2 (icmp_rcv)                           ): 0xffff992295a74700

Path 1 Latencies (us):
  [0->1] P1 (ip_local_out)                        -> P1 (net_dev_xmit)                       : 60070.095 us
  Total Path 1: 60070.095 us

Path 2 Latencies (us):
  [3->5] P2 (netif_receive_skb)                   -> P2 (icmp_rcv)                           :  28.503 us
  Total Path 2:  28.503 us

Total RTT (Path1 Start to Path2 End): 60682.445 us
Inter-Path Latency (P1 end -> P2 start): 583.847 us
================================================================================


Detaching...
Exiting.
