=== ICMP Drop Detector ===
Source IP: 192.168.77.83
Destination IP: 192.168.76.244
RX Interface(s): vnet35(ifindex=62)
TX Interface(s): enp24s0f0np0(ifindex=3)
Timeout: 1000 ms

Flow path:
  [0] Request RX at vnet35
  [1] Request TX at enp24s0f0np0
  [2] Reply RX at enp24s0f0np0
  [3] Reply TX at vnet35

Tracing... Hit Ctrl-C to end.

2026-02-06 16:00:24.375 [new] ID=15811 Seq=5 ReqRX:Y ReqTX:- RepRX:- RepTX:-
2026-02-06 16:00:24.376 [update] ID=15811 Seq=5 ReqRX:Y ReqTX:Y RepRX:- RepTX:-
2026-02-06 16:00:24.376 [update] ID=15811 Seq=5 ReqRX:Y ReqTX:Y RepRX:Y RepTX:-
2026-02-06 16:00:24.376 [complete] ID=15811 Seq=5 ReqRX:Y ReqTX:Y RepRX:Y RepTX:Y
  Latency(us): ReqInternal=73.6  External=262.0  RepInternal=49.7  Total=385.3
--------------------------------------------------------------------------------
2026-02-06 16:00:26.450 [new] ID=15812 Seq=1 ReqRX:Y ReqTX:- RepRX:- RepTX:-
2026-02-06 16:00:26.450 [update] ID=15812 Seq=1 ReqRX:Y ReqTX:Y RepRX:- RepTX:-
2026-02-06 16:00:26.450 [update] ID=15812 Seq=1 ReqRX:Y ReqTX:Y RepRX:Y RepTX:-
2026-02-06 16:00:26.451 [complete] ID=15812 Seq=1 ReqRX:Y ReqTX:Y RepRX:Y RepTX:Y
  Latency(us): ReqInternal=80.8  External=398.7  RepInternal=54.9  Total=534.4
--------------------------------------------------------------------------------
2026-02-06 16:00:27.453 [new] ID=15812 Seq=2 ReqRX:Y ReqTX:- RepRX:- RepTX:-
2026-02-06 16:00:27.453 [update] ID=15812 Seq=2 ReqRX:Y ReqTX:Y RepRX:- RepTX:-
2026-02-06 16:00:27.453 [update] ID=15812 Seq=2 ReqRX:Y ReqTX:Y RepRX:Y RepTX:-
2026-02-06 16:00:27.453 [complete] ID=15812 Seq=2 ReqRX:Y ReqTX:Y RepRX:Y RepTX:Y
  Latency(us): ReqInternal=74.5  External=352.9  RepInternal=56.3  Total=483.7
--------------------------------------------------------------------------------
2026-02-06 16:00:28.459 [new] ID=15812 Seq=3 ReqRX:Y ReqTX:- RepRX:- RepTX:-
2026-02-06 16:00:28.459 [update] ID=15812 Seq=3 ReqRX:Y ReqTX:Y RepRX:- RepTX:-
2026-02-06 16:00:28.459 [update] ID=15812 Seq=3 ReqRX:Y ReqTX:Y RepRX:Y RepTX:-
2026-02-06 16:00:28.459 [complete] ID=15812 Seq=3 ReqRX:Y ReqTX:Y RepRX:Y RepTX:Y
  Latency(us): ReqInternal=49.7  External=368.4  RepInternal=52.9  Total=470.9
--------------------------------------------------------------------------------
2026-02-06 16:00:29.464 [new] ID=15812 Seq=4 ReqRX:Y ReqTX:- RepRX:- RepTX:-
2026-02-06 16:00:29.464 [update] ID=15812 Seq=4 ReqRX:Y ReqTX:Y RepRX:- RepTX:-
2026-02-06 16:00:29.464 [update] ID=15812 Seq=4 ReqRX:Y ReqTX:Y RepRX:Y RepTX:-
2026-02-06 16:00:29.464 [complete] ID=15812 Seq=4 ReqRX:Y ReqTX:Y RepRX:Y RepTX:Y
  Latency(us): ReqInternal=56.6  External=401.7  RepInternal=64.1  Total=522.4
--------------------------------------------------------------------------------
2026-02-06 16:00:30.469 [new] ID=15812 Seq=5 ReqRX:Y ReqTX:- RepRX:- RepTX:-
2026-02-06 16:00:30.469 [update] ID=15812 Seq=5 ReqRX:Y ReqTX:Y RepRX:- RepTX:-
2026-02-06 16:00:30.469 [update] ID=15812 Seq=5 ReqRX:Y ReqTX:Y RepRX:Y RepTX:-
2026-02-06 16:00:30.469 [complete] ID=15812 Seq=5 ReqRX:Y ReqTX:Y RepRX:Y RepTX:Y
  Latency(us): ReqInternal=71.8  External=325.1  RepInternal=71.2  Total=468.1
--------------------------------------------------------------------------------
2026-02-06 16:00:32.545 [new] ID=15813 Seq=1 ReqRX:Y ReqTX:- RepRX:- RepTX:-
2026-02-06 16:00:32.545 [update] ID=15813 Seq=1 ReqRX:Y ReqTX:Y RepRX:- RepTX:-
2026-02-06 16:00:33.550 [new] ID=15813 Seq=2 ReqRX:Y ReqTX:- RepRX:- RepTX:-
2026-02-06 16:00:33.550 [update] ID=15813 Seq=2 ReqRX:Y ReqTX:Y RepRX:- RepTX:-
2026-02-06 16:00:33.551 [update] ID=15813 Seq=2 ReqRX:Y ReqTX:Y RepRX:Y RepTX:-
2026-02-06 16:00:33.551 [complete] ID=15813 Seq=2 ReqRX:Y ReqTX:Y RepRX:Y RepTX:Y
  Latency(us): ReqInternal=56.2  External=371.3  RepInternal=54.1  Total=481.7
--------------------------------------------------------------------------------

=== ICMP Drop Detected: 2026-02-06 16:00:34.168 ===
Flow: 192.168.77.83 -> 192.168.76.244 (ID=15813, Seq=1)
  [0] ReqRX: recorded
  [1] ReqTX: recorded
  [2] RepRX: MISSING
  [3] RepTX: MISSING

Drop Location: EXTERNAL (network or peer)
  Request sent from enp24s0f0np0 but Reply NOT received at enp24s0f0np0
2026-02-06 16:00:34.558 [new] ID=15813 Seq=3 ReqRX:Y ReqTX:- RepRX:- RepTX:-
2026-02-06 16:00:34.558 [update] ID=15813 Seq=3 ReqRX:Y ReqTX:Y RepRX:- RepTX:-
2026-02-06 16:00:35.561 [new] ID=15813 Seq=4 ReqRX:Y ReqTX:- RepRX:- RepTX:-
2026-02-06 16:00:35.562 [update] ID=15813 Seq=4 ReqRX:Y ReqTX:Y RepRX:- RepTX:-
2026-02-06 16:00:35.562 [update] ID=15813 Seq=4 ReqRX:Y ReqTX:Y RepRX:Y RepTX:-
2026-02-06 16:00:35.562 [complete] ID=15813 Seq=4 ReqRX:Y ReqTX:Y RepRX:Y RepTX:Y
  Latency(us): ReqInternal=59.1  External=422.5  RepInternal=66.8  Total=548.4
--------------------------------------------------------------------------------

=== ICMP Drop Detected: 2026-02-06 16:00:36.263 ===
Flow: 192.168.77.83 -> 192.168.76.244 (ID=15813, Seq=3)
  [0] ReqRX: recorded
  [1] ReqTX: recorded
  [2] RepRX: MISSING
  [3] RepTX: MISSING

Drop Location: EXTERNAL (network or peer)
  Request sent from enp24s0f0np0 but Reply NOT received at enp24s0f0np0
2026-02-06 16:00:36.567 [new] ID=15813 Seq=5 ReqRX:Y ReqTX:- RepRX:- RepTX:-
2026-02-06 16:00:36.567 [update] ID=15813 Seq=5 ReqRX:Y ReqTX:Y RepRX:- RepTX:-
2026-02-06 16:00:36.568 [update] ID=15813 Seq=5 ReqRX:Y ReqTX:Y RepRX:Y RepTX:-
2026-02-06 16:00:36.568 [complete] ID=15813 Seq=5 ReqRX:Y ReqTX:Y RepRX:Y RepTX:Y
  Latency(us): ReqInternal=75.2  External=440.2  RepInternal=58.5  Total=573.9
--------------------------------------------------------------------------------
2026-02-06 16:00:38.643 [new] ID=15814 Seq=1 ReqRX:Y ReqTX:- RepRX:- RepTX:-
2026-02-06 16:00:38.643 [update] ID=15814 Seq=1 ReqRX:Y ReqTX:Y RepRX:- RepTX:-
2026-02-06 16:00:39.648 [new] ID=15814 Seq=2 ReqRX:Y ReqTX:- RepRX:- RepTX:-
2026-02-06 16:00:39.648 [update] ID=15814 Seq=2 ReqRX:Y ReqTX:Y RepRX:- RepTX:-
2026-02-06 16:00:39.648 [update] ID=15814 Seq=2 ReqRX:Y ReqTX:Y RepRX:Y RepTX:-
2026-02-06 16:00:39.648 [complete] ID=15814 Seq=2 ReqRX:Y ReqTX:Y RepRX:Y RepTX:Y
  Latency(us): ReqInternal=54.9  External=403.9  RepInternal=46.0  Total=504.7
--------------------------------------------------------------------------------

=== ICMP Drop Detected: 2026-02-06 16:00:40.350 ===
Flow: 192.168.77.83 -> 192.168.76.244 (ID=15814, Seq=1)
  [0] ReqRX: recorded
  [1] ReqTX: recorded
  [2] RepRX: MISSING
  [3] RepTX: MISSING

Drop Location: EXTERNAL (network or peer)
  Request sent from enp24s0f0np0 but Reply NOT received at enp24s0f0np0
2026-02-06 16:00:40.653 [new] ID=15814 Seq=3 ReqRX:Y ReqTX:- RepRX:- RepTX:-
2026-02-06 16:00:40.653 [update] ID=15814 Seq=3 ReqRX:Y ReqTX:Y RepRX:- RepTX:-
2026-02-06 16:00:40.654 [update] ID=15814 Seq=3 ReqRX:Y ReqTX:Y RepRX:Y RepTX:-
2026-02-06 16:00:40.654 [complete] ID=15814 Seq=3 ReqRX:Y ReqTX:Y RepRX:Y RepTX:Y
  Latency(us): ReqInternal=61.5  External=419.2  RepInternal=60.0  Total=540.8
--------------------------------------------------------------------------------
2026-02-06 16:00:41.663 [new] ID=15814 Seq=4 ReqRX:Y ReqTX:- RepRX:- RepTX:-
2026-02-06 16:00:41.663 [update] ID=15814 Seq=4 ReqRX:Y ReqTX:Y RepRX:- RepTX:-
2026-02-06 16:00:42.665 [new] ID=15814 Seq=5 ReqRX:Y ReqTX:- RepRX:- RepTX:-
2026-02-06 16:00:42.665 [update] ID=15814 Seq=5 ReqRX:Y ReqTX:Y RepRX:- RepTX:-
2026-02-06 16:00:42.665 [update] ID=15814 Seq=5 ReqRX:Y ReqTX:Y RepRX:Y RepTX:-
2026-02-06 16:00:42.665 [complete] ID=15814 Seq=5 ReqRX:Y ReqTX:Y RepRX:Y RepTX:Y
  Latency(us): ReqInternal=58.0  External=340.7  RepInternal=69.7  Total=468.4
--------------------------------------------------------------------------------

=== ICMP Drop Detected: 2026-02-06 16:00:43.368 ===
Flow: 192.168.77.83 -> 192.168.76.244 (ID=15814, Seq=4)
  [0] ReqRX: recorded
  [1] ReqTX: recorded
  [2] RepRX: MISSING
  [3] RepTX: MISSING

Drop Location: EXTERNAL (network or peer)
  Request sent from enp24s0f0np0 but Reply NOT received at enp24s0f0np0
2026-02-06 16:00:44.740 [new] ID=15815 Seq=1 ReqRX:Y ReqTX:- RepRX:- RepTX:-
2026-02-06 16:00:44.740 [update] ID=15815 Seq=1 ReqRX:Y ReqTX:Y RepRX:- RepTX:-
2026-02-06 16:00:44.741 [update] ID=15815 Seq=1 ReqRX:Y ReqTX:Y RepRX:Y RepTX:-
2026-02-06 16:00:44.741 [complete] ID=15815 Seq=1 ReqRX:Y ReqTX:Y RepRX:Y RepTX:Y
  Latency(us): ReqInternal=90.2  External=416.8  RepInternal=50.1  Total=557.2
--------------------------------------------------------------------------------
2026-02-06 16:00:45.746 [new] ID=15815 Seq=2 ReqRX:Y ReqTX:- RepRX:- RepTX:-
2026-02-06 16:00:45.746 [update] ID=15815 Seq=2 ReqRX:Y ReqTX:Y RepRX:- RepTX:-
2026-02-06 16:00:45.746 [update] ID=15815 Seq=2 ReqRX:Y ReqTX:Y RepRX:Y RepTX:-
2026-02-06 16:00:45.746 [complete] ID=15815 Seq=2 ReqRX:Y ReqTX:Y RepRX:Y RepTX:Y
  Latency(us): ReqInternal=57.4  External=309.0  RepInternal=57.1  Total=423.6
--------------------------------------------------------------------------------
2026-02-06 16:00:46.751 [new] ID=15815 Seq=3 ReqRX:Y ReqTX:- RepRX:- RepTX:-
2026-02-06 16:00:46.751 [update] ID=15815 Seq=3 ReqRX:Y ReqTX:Y RepRX:- RepTX:-
2026-02-06 16:00:46.754 [update] ID=15815 Seq=3 ReqRX:Y ReqTX:Y RepRX:Y RepTX:-
2026-02-06 16:00:46.754 [complete] ID=15815 Seq=3 ReqRX:Y ReqTX:Y RepRX:Y RepTX:Y
  Latency(us): ReqInternal=66.9  External=415.6  RepInternal=59.1  Total=541.7
--------------------------------------------------------------------------------
2026-02-06 16:00:47.757 [new] ID=15815 Seq=4 ReqRX:Y ReqTX:- RepRX:- RepTX:-
2026-02-06 16:00:47.757 [update] ID=15815 Seq=4 ReqRX:Y ReqTX:Y RepRX:- RepTX:-
2026-02-06 16:00:47.757 [update] ID=15815 Seq=4 ReqRX:Y ReqTX:Y RepRX:Y RepTX:-
2026-02-06 16:00:47.757 [complete] ID=15815 Seq=4 ReqRX:Y ReqTX:Y RepRX:Y RepTX:Y
  Latency(us): ReqInternal=56.7  External=412.0  RepInternal=61.5  Total=530.2
--------------------------------------------------------------------------------

Detaching...

=== ICMP Flow Statistics ===
Total flows tracked: 20
Complete flows: 16
Request internal drops: 0
External drops: 4
Reply internal drops: 0
