=== ICMP Drop Detector ===
Source IP: 192.168.77.83
Destination IP: 192.168.76.244
RX Interface(s): vnet35(ifindex=62)
TX Interface(s): enp24s0f0np0(ifindex=3)
Timeout: 1000 ms

Flow path:
  [0] Request RX at vnet35
  [1] Request TX at enp24s0f0np0
  [2] Reply RX at enp24s0f0np0
  [3] Reply TX at vnet35

Tracing... Hit Ctrl-C to end.

2026-02-04 18:09:50.902 [new] ID=160 Seq=7 ReqRX:Y ReqTX:- RepRX:- RepTX:-
2026-02-04 18:09:50.902 [update] ID=160 Seq=7 ReqRX:Y ReqTX:Y RepRX:- RepTX:-
2026-02-04 18:09:51.924 [new] ID=160 Seq=8 ReqRX:Y ReqTX:- RepRX:- RepTX:-
2026-02-04 18:09:51.925 [update] ID=160 Seq=8 ReqRX:Y ReqTX:Y RepRX:- RepTX:-
2026-02-04 18:09:51.925 [update] ID=160 Seq=8 ReqRX:Y ReqTX:Y RepRX:Y RepTX:-
2026-02-04 18:09:51.925 [complete] ID=160 Seq=8 ReqRX:Y ReqTX:Y RepRX:Y RepTX:Y
  Latency(us): ReqInternal=44.3  External=343.7  RepInternal=59.5  Total=447.6
--------------------------------------------------------------------------------

=== ICMP Drop Detected: 2026-02-04 18:09:52.025 ===
Flow: 192.168.77.83 -> 192.168.76.244 (ID=160, Seq=7)
  [0] ReqRX: recorded
  [1] ReqTX: recorded
  [2] RepRX: MISSING
  [3] RepTX: MISSING

Drop Location: EXTERNAL (network or peer)
  Request sent from enp24s0f0np0 but Reply NOT received at enp24s0f0np0
2026-02-04 18:09:52.948 [new] ID=160 Seq=9 ReqRX:Y ReqTX:- RepRX:- RepTX:-
2026-02-04 18:09:52.948 [update] ID=160 Seq=9 ReqRX:Y ReqTX:Y RepRX:- RepTX:-
2026-02-04 18:09:52.949 [update] ID=160 Seq=9 ReqRX:Y ReqTX:Y RepRX:Y RepTX:-
2026-02-04 18:09:52.949 [complete] ID=160 Seq=9 ReqRX:Y ReqTX:Y RepRX:Y RepTX:Y
  Latency(us): ReqInternal=51.6  External=318.5  RepInternal=52.2  Total=422.2
--------------------------------------------------------------------------------
2026-02-04 18:09:53.972 [new] ID=160 Seq=10 ReqRX:Y ReqTX:- RepRX:- RepTX:-
2026-02-04 18:09:53.972 [update] ID=160 Seq=10 ReqRX:Y ReqTX:Y RepRX:- RepTX:-
2026-02-04 18:09:53.973 [update] ID=160 Seq=10 ReqRX:Y ReqTX:Y RepRX:Y RepTX:-
2026-02-04 18:09:53.973 [complete] ID=160 Seq=10 ReqRX:Y ReqTX:Y RepRX:Y RepTX:Y
  Latency(us): ReqInternal=43.2  External=303.2  RepInternal=54.0  Total=400.4
--------------------------------------------------------------------------------
2026-02-04 18:09:54.997 [new] ID=160 Seq=11 ReqRX:Y ReqTX:- RepRX:- RepTX:-
2026-02-04 18:09:54.997 [update] ID=160 Seq=11 ReqRX:Y ReqTX:Y RepRX:- RepTX:-
2026-02-04 18:09:56.021 [new] ID=160 Seq=12 ReqRX:Y ReqTX:- RepRX:- RepTX:-
2026-02-04 18:09:56.021 [update] ID=160 Seq=12 ReqRX:Y ReqTX:Y RepRX:- RepTX:-
2026-02-04 18:09:56.021 [update] ID=160 Seq=12 ReqRX:Y ReqTX:Y RepRX:Y RepTX:-
2026-02-04 18:09:56.021 [complete] ID=160 Seq=12 ReqRX:Y ReqTX:Y RepRX:Y RepTX:Y
  Latency(us): ReqInternal=42.6  External=291.3  RepInternal=52.4  Total=386.3
--------------------------------------------------------------------------------

=== ICMP Drop Detected: 2026-02-04 18:09:56.121 ===
Flow: 192.168.77.83 -> 192.168.76.244 (ID=160, Seq=11)
  [0] ReqRX: recorded
  [1] ReqTX: recorded
  [2] RepRX: MISSING
  [3] RepTX: MISSING

Drop Location: EXTERNAL (network or peer)
  Request sent from enp24s0f0np0 but Reply NOT received at enp24s0f0np0
2026-02-04 18:09:57.045 [new] ID=160 Seq=13 ReqRX:Y ReqTX:- RepRX:- RepTX:-
2026-02-04 18:09:57.045 [update] ID=160 Seq=13 ReqRX:Y ReqTX:Y RepRX:- RepTX:-
2026-02-04 18:09:58.068 [new] ID=160 Seq=14 ReqRX:Y ReqTX:- RepRX:- RepTX:-
2026-02-04 18:09:58.068 [update] ID=160 Seq=14 ReqRX:Y ReqTX:Y RepRX:- RepTX:-
2026-02-04 18:09:58.069 [update] ID=160 Seq=14 ReqRX:Y ReqTX:Y RepRX:Y RepTX:-
2026-02-04 18:09:58.069 [complete] ID=160 Seq=14 ReqRX:Y ReqTX:Y RepRX:Y RepTX:Y
  Latency(us): ReqInternal=54.4  External=324.3  RepInternal=54.0  Total=432.7
--------------------------------------------------------------------------------

=== ICMP Drop Detected: 2026-02-04 18:09:58.169 ===
Flow: 192.168.77.83 -> 192.168.76.244 (ID=160, Seq=13)
  [0] ReqRX: recorded
  [1] ReqTX: recorded
  [2] RepRX: MISSING
  [3] RepTX: MISSING

Drop Location: EXTERNAL (network or peer)
  Request sent from enp24s0f0np0 but Reply NOT received at enp24s0f0np0
2026-02-04 18:09:59.092 [new] ID=160 Seq=15 ReqRX:Y ReqTX:- RepRX:- RepTX:-
2026-02-04 18:09:59.092 [update] ID=160 Seq=15 ReqRX:Y ReqTX:Y RepRX:- RepTX:-
2026-02-04 18:09:59.093 [update] ID=160 Seq=15 ReqRX:Y ReqTX:Y RepRX:Y RepTX:-
2026-02-04 18:09:59.093 [complete] ID=160 Seq=15 ReqRX:Y ReqTX:Y RepRX:Y RepTX:Y
  Latency(us): ReqInternal=48.1  External=316.2  RepInternal=65.7  Total=430.0
--------------------------------------------------------------------------------
2026-02-04 18:10:00.116 [new] ID=160 Seq=16 ReqRX:Y ReqTX:- RepRX:- RepTX:-
2026-02-04 18:10:00.116 [update] ID=160 Seq=16 ReqRX:Y ReqTX:Y RepRX:- RepTX:-
2026-02-04 18:10:00.117 [update] ID=160 Seq=16 ReqRX:Y ReqTX:Y RepRX:Y RepTX:-
2026-02-04 18:10:00.117 [complete] ID=160 Seq=16 ReqRX:Y ReqTX:Y RepRX:Y RepTX:Y
  Latency(us): ReqInternal=71.1  External=355.2  RepInternal=62.4  Total=488.7
--------------------------------------------------------------------------------
2026-02-04 18:10:01.140 [new] ID=160 Seq=17 ReqRX:Y ReqTX:- RepRX:- RepTX:-
2026-02-04 18:10:01.140 [update] ID=160 Seq=17 ReqRX:Y ReqTX:Y RepRX:- RepTX:-
2026-02-04 18:10:01.141 [update] ID=160 Seq=17 ReqRX:Y ReqTX:Y RepRX:Y RepTX:-
2026-02-04 18:10:01.141 [complete] ID=160 Seq=17 ReqRX:Y ReqTX:Y RepRX:Y RepTX:Y
  Latency(us): ReqInternal=61.9  External=302.7  RepInternal=53.7  Total=418.2
--------------------------------------------------------------------------------
2026-02-04 18:10:02.165 [new] ID=160 Seq=18 ReqRX:Y ReqTX:- RepRX:- RepTX:-
2026-02-04 18:10:02.165 [update] ID=160 Seq=18 ReqRX:Y ReqTX:Y RepRX:- RepTX:-
2026-02-04 18:10:02.165 [update] ID=160 Seq=18 ReqRX:Y ReqTX:Y RepRX:Y RepTX:-
2026-02-04 18:10:02.165 [complete] ID=160 Seq=18 ReqRX:Y ReqTX:Y RepRX:Y RepTX:Y
  Latency(us): ReqInternal=50.2  External=430.6  RepInternal=40.3  Total=521.1
--------------------------------------------------------------------------------
2026-02-04 18:10:03.189 [new] ID=160 Seq=19 ReqRX:Y ReqTX:- RepRX:- RepTX:-
2026-02-04 18:10:03.189 [update] ID=160 Seq=19 ReqRX:Y ReqTX:Y RepRX:- RepTX:-
2026-02-04 18:10:03.189 [update] ID=160 Seq=19 ReqRX:Y ReqTX:Y RepRX:Y RepTX:-
2026-02-04 18:10:03.189 [complete] ID=160 Seq=19 ReqRX:Y ReqTX:Y RepRX:Y RepTX:Y
  Latency(us): ReqInternal=44.0  External=323.1  RepInternal=41.0  Total=408.1
--------------------------------------------------------------------------------
2026-02-04 18:10:04.212 [new] ID=160 Seq=20 ReqRX:Y ReqTX:- RepRX:- RepTX:-
2026-02-04 18:10:04.212 [update] ID=160 Seq=20 ReqRX:Y ReqTX:Y RepRX:- RepTX:-
2026-02-04 18:10:04.213 [update] ID=160 Seq=20 ReqRX:Y ReqTX:Y RepRX:Y RepTX:-
2026-02-04 18:10:04.213 [complete] ID=160 Seq=20 ReqRX:Y ReqTX:Y RepRX:Y RepTX:Y
  Latency(us): ReqInternal=43.7  External=308.1  RepInternal=42.1  Total=393.8
--------------------------------------------------------------------------------
2026-02-04 18:10:05.238 [new] ID=160 Seq=21 ReqRX:Y ReqTX:- RepRX:- RepTX:-
2026-02-04 18:10:05.238 [update] ID=160 Seq=21 ReqRX:Y ReqTX:Y RepRX:- RepTX:-
2026-02-04 18:10:06.260 [new] ID=160 Seq=22 ReqRX:Y ReqTX:- RepRX:- RepTX:-
2026-02-04 18:10:06.260 [update] ID=160 Seq=22 ReqRX:Y ReqTX:Y RepRX:- RepTX:-
2026-02-04 18:10:06.261 [update] ID=160 Seq=22 ReqRX:Y ReqTX:Y RepRX:Y RepTX:-
2026-02-04 18:10:06.261 [complete] ID=160 Seq=22 ReqRX:Y ReqTX:Y RepRX:Y RepTX:Y
  Latency(us): ReqInternal=44.9  External=765.0  RepInternal=72.7  Total=882.6
--------------------------------------------------------------------------------

=== ICMP Drop Detected: 2026-02-04 18:10:06.362 ===
Flow: 192.168.77.83 -> 192.168.76.244 (ID=160, Seq=21)
  [0] ReqRX: recorded
  [1] ReqTX: recorded
  [2] RepRX: MISSING
  [3] RepTX: MISSING

Drop Location: EXTERNAL (network or peer)
  Request sent from enp24s0f0np0 but Reply NOT received at enp24s0f0np0
2026-02-04 18:10:07.266 [new] ID=160 Seq=23 ReqRX:Y ReqTX:- RepRX:- RepTX:-
2026-02-04 18:10:07.266 [update] ID=160 Seq=23 ReqRX:Y ReqTX:Y RepRX:- RepTX:-
2026-02-04 18:10:07.266 [update] ID=160 Seq=23 ReqRX:Y ReqTX:Y RepRX:Y RepTX:-
2026-02-04 18:10:07.266 [complete] ID=160 Seq=23 ReqRX:Y ReqTX:Y RepRX:Y RepTX:Y
  Latency(us): ReqInternal=59.4  External=335.7  RepInternal=60.6  Total=455.6
--------------------------------------------------------------------------------
2026-02-04 18:10:08.309 [new] ID=160 Seq=24 ReqRX:Y ReqTX:- RepRX:- RepTX:-
2026-02-04 18:10:08.309 [update] ID=160 Seq=24 ReqRX:Y ReqTX:Y RepRX:- RepTX:-
2026-02-04 18:10:09.332 [new] ID=160 Seq=25 ReqRX:Y ReqTX:- RepRX:- RepTX:-
2026-02-04 18:10:09.332 [update] ID=160 Seq=25 ReqRX:Y ReqTX:Y RepRX:- RepTX:-
2026-02-04 18:10:09.333 [update] ID=160 Seq=25 ReqRX:Y ReqTX:Y RepRX:Y RepTX:-
2026-02-04 18:10:09.333 [complete] ID=160 Seq=25 ReqRX:Y ReqTX:Y RepRX:Y RepTX:Y
  Latency(us): ReqInternal=41.8  External=357.4  RepInternal=57.9  Total=457.1
--------------------------------------------------------------------------------

=== ICMP Drop Detected: 2026-02-04 18:10:09.433 ===
Flow: 192.168.77.83 -> 192.168.76.244 (ID=160, Seq=24)
  [0] ReqRX: recorded
  [1] ReqTX: recorded
  [2] RepRX: MISSING
  [3] RepTX: MISSING

Drop Location: EXTERNAL (network or peer)
  Request sent from enp24s0f0np0 but Reply NOT received at enp24s0f0np0
2026-02-04 18:10:10.356 [new] ID=160 Seq=26 ReqRX:Y ReqTX:- RepRX:- RepTX:-
2026-02-04 18:10:10.356 [update] ID=160 Seq=26 ReqRX:Y ReqTX:Y RepRX:- RepTX:-
2026-02-04 18:10:10.357 [update] ID=160 Seq=26 ReqRX:Y ReqTX:Y RepRX:Y RepTX:-
2026-02-04 18:10:10.357 [complete] ID=160 Seq=26 ReqRX:Y ReqTX:Y RepRX:Y RepTX:Y
  Latency(us): ReqInternal=49.6  External=340.4  RepInternal=53.7  Total=443.6
--------------------------------------------------------------------------------
2026-02-04 18:10:11.380 [new] ID=160 Seq=27 ReqRX:Y ReqTX:- RepRX:- RepTX:-
2026-02-04 18:10:11.380 [update] ID=160 Seq=27 ReqRX:Y ReqTX:Y RepRX:- RepTX:-
2026-02-04 18:10:11.381 [update] ID=160 Seq=27 ReqRX:Y ReqTX:Y RepRX:Y RepTX:-
2026-02-04 18:10:11.381 [complete] ID=160 Seq=27 ReqRX:Y ReqTX:Y RepRX:Y RepTX:Y
  Latency(us): ReqInternal=41.0  External=336.5  RepInternal=56.9  Total=434.3
--------------------------------------------------------------------------------
2026-02-04 18:10:12.405 [new] ID=160 Seq=28 ReqRX:Y ReqTX:- RepRX:- RepTX:-
2026-02-04 18:10:12.405 [update] ID=160 Seq=28 ReqRX:Y ReqTX:Y RepRX:- RepTX:-
2026-02-04 18:10:12.405 [update] ID=160 Seq=28 ReqRX:Y ReqTX:Y RepRX:Y RepTX:-
2026-02-04 18:10:12.405 [complete] ID=160 Seq=28 ReqRX:Y ReqTX:Y RepRX:Y RepTX:Y
  Latency(us): ReqInternal=50.8  External=314.1  RepInternal=68.8  Total=433.6
--------------------------------------------------------------------------------
2026-02-04 18:10:13.428 [new] ID=160 Seq=29 ReqRX:Y ReqTX:- RepRX:- RepTX:-
2026-02-04 18:10:13.429 [update] ID=160 Seq=29 ReqRX:Y ReqTX:Y RepRX:- RepTX:-
2026-02-04 18:10:13.429 [update] ID=160 Seq=29 ReqRX:Y ReqTX:Y RepRX:Y RepTX:-
2026-02-04 18:10:13.429 [complete] ID=160 Seq=29 ReqRX:Y ReqTX:Y RepRX:Y RepTX:Y
  Latency(us): ReqInternal=60.1  External=364.1  RepInternal=55.9  Total=480.1
--------------------------------------------------------------------------------
2026-02-04 18:10:14.453 [new] ID=160 Seq=30 ReqRX:Y ReqTX:- RepRX:- RepTX:-
2026-02-04 18:10:14.453 [update] ID=160 Seq=30 ReqRX:Y ReqTX:Y RepRX:- RepTX:-
2026-02-04 18:10:15.476 [new] ID=160 Seq=31 ReqRX:Y ReqTX:- RepRX:- RepTX:-
2026-02-04 18:10:15.476 [update] ID=160 Seq=31 ReqRX:Y ReqTX:Y RepRX:- RepTX:-
2026-02-04 18:10:15.477 [update] ID=160 Seq=31 ReqRX:Y ReqTX:Y RepRX:Y RepTX:-
2026-02-04 18:10:15.477 [complete] ID=160 Seq=31 ReqRX:Y ReqTX:Y RepRX:Y RepTX:Y
  Latency(us): ReqInternal=46.0  External=337.6  RepInternal=66.9  Total=450.6
--------------------------------------------------------------------------------

=== ICMP Drop Detected: 2026-02-04 18:10:15.577 ===
Flow: 192.168.77.83 -> 192.168.76.244 (ID=160, Seq=30)
  [0] ReqRX: recorded
  [1] ReqTX: recorded
  [2] RepRX: MISSING
  [3] RepTX: MISSING

Drop Location: EXTERNAL (network or peer)
  Request sent from enp24s0f0np0 but Reply NOT received at enp24s0f0np0

Detaching...

=== ICMP Flow Statistics ===
Total flows tracked: 25
Complete flows: 19
Request internal drops: 0
External drops: 6
Reply internal drops: 0
