=== ICMP Drop Detector ===
Source IP: 192.168.77.83
Destination IP: 192.168.76.244
RX Interface(s): enp24s0f0np0(ifindex=3)
TX Interface(s): vnet130(ifindex=196)
Timeout: 1000 ms

Flow path:
  [0] Request RX at enp24s0f0np0
  [1] Request TX at vnet130
  [2] Reply RX at vnet130
  [3] Reply TX at enp24s0f0np0

Tracing... Hit Ctrl-C to end.

2026-02-06 17:00:26.429 [new] ID=16404 Seq=1 ReqRX:Y ReqTX:- RepRX:- RepTX:-
2026-02-06 17:00:26.429 [update] ID=16404 Seq=1 ReqRX:Y ReqTX:Y RepRX:- RepTX:-
2026-02-06 17:00:26.429 [update] ID=16404 Seq=1 ReqRX:Y ReqTX:Y RepRX:Y RepTX:-
2026-02-06 17:00:26.429 [complete] ID=16404 Seq=1 ReqRX:Y ReqTX:Y RepRX:Y RepTX:Y
  Latency(us): ReqInternal=132.2  External=229.9  RepInternal=56.1  Total=418.2
--------------------------------------------------------------------------------
2026-02-06 17:00:27.428 [new] ID=16404 Seq=2 ReqRX:Y ReqTX:- RepRX:- RepTX:-
2026-02-06 17:00:27.428 [update] ID=16404 Seq=2 ReqRX:Y ReqTX:Y RepRX:- RepTX:-
2026-02-06 17:00:27.428 [update] ID=16404 Seq=2 ReqRX:Y ReqTX:Y RepRX:Y RepTX:-
2026-02-06 17:00:27.428 [complete] ID=16404 Seq=2 ReqRX:Y ReqTX:Y RepRX:Y RepTX:Y
  Latency(us): ReqInternal=86.1  External=234.3  RepInternal=61.8  Total=382.2
--------------------------------------------------------------------------------
2026-02-06 17:00:28.433 [new] ID=16404 Seq=3 ReqRX:Y ReqTX:- RepRX:- RepTX:-
2026-02-06 17:00:28.433 [update] ID=16404 Seq=3 ReqRX:Y ReqTX:Y RepRX:- RepTX:-
2026-02-06 17:00:28.433 [update] ID=16404 Seq=3 ReqRX:Y ReqTX:Y RepRX:Y RepTX:-
2026-02-06 17:00:28.433 [complete] ID=16404 Seq=3 ReqRX:Y ReqTX:Y RepRX:Y RepTX:Y
  Latency(us): ReqInternal=73.3  External=161.9  RepInternal=56.9  Total=292.1
--------------------------------------------------------------------------------
2026-02-06 17:00:29.439 [new] ID=16404 Seq=4 ReqRX:Y ReqTX:- RepRX:- RepTX:-
2026-02-06 17:00:29.439 [update] ID=16404 Seq=4 ReqRX:Y ReqTX:Y RepRX:- RepTX:-
2026-02-06 17:00:29.439 [update] ID=16404 Seq=4 ReqRX:Y ReqTX:Y RepRX:Y RepTX:-
2026-02-06 17:00:29.439 [complete] ID=16404 Seq=4 ReqRX:Y ReqTX:Y RepRX:Y RepTX:Y
  Latency(us): ReqInternal=81.3  External=181.8  RepInternal=50.5  Total=313.7
--------------------------------------------------------------------------------
2026-02-06 17:00:30.444 [new] ID=16404 Seq=5 ReqRX:Y ReqTX:- RepRX:- RepTX:-
2026-02-06 17:00:30.444 [update] ID=16404 Seq=5 ReqRX:Y ReqTX:Y RepRX:- RepTX:-
2026-02-06 17:00:30.444 [update] ID=16404 Seq=5 ReqRX:Y ReqTX:Y RepRX:Y RepTX:-
2026-02-06 17:00:30.444 [complete] ID=16404 Seq=5 ReqRX:Y ReqTX:Y RepRX:Y RepTX:Y
  Latency(us): ReqInternal=74.7  External=132.3  RepInternal=55.1  Total=262.1
--------------------------------------------------------------------------------
2026-02-06 17:00:32.520 [new] ID=16405 Seq=1 ReqRX:Y ReqTX:- RepRX:- RepTX:-
2026-02-06 17:00:32.520 [update] ID=16405 Seq=1 ReqRX:Y ReqTX:Y RepRX:- RepTX:-
2026-02-06 17:00:32.520 [update] ID=16405 Seq=1 ReqRX:Y ReqTX:Y RepRX:Y RepTX:-
2026-02-06 17:00:32.520 [complete] ID=16405 Seq=1 ReqRX:Y ReqTX:Y RepRX:Y RepTX:Y
  Latency(us): ReqInternal=107.3  External=180.9  RepInternal=63.1  Total=351.4
--------------------------------------------------------------------------------
2026-02-06 17:00:33.524 [new] ID=16405 Seq=2 ReqRX:Y ReqTX:- RepRX:- RepTX:-
2026-02-06 17:00:33.525 [update] ID=16405 Seq=2 ReqRX:Y ReqTX:Y RepRX:- RepTX:-
2026-02-06 17:00:33.525 [update] ID=16405 Seq=2 ReqRX:Y ReqTX:Y RepRX:Y RepTX:-
2026-02-06 17:00:33.525 [complete] ID=16405 Seq=2 ReqRX:Y ReqTX:Y RepRX:Y RepTX:Y
  Latency(us): ReqInternal=67.6  External=128.6  RepInternal=53.1  Total=249.4
--------------------------------------------------------------------------------
2026-02-06 17:00:34.525 [new] ID=16405 Seq=3 ReqRX:Y ReqTX:- RepRX:- RepTX:-
2026-02-06 17:00:34.525 [update] ID=16405 Seq=3 ReqRX:Y ReqTX:Y RepRX:- RepTX:-
2026-02-06 17:00:34.525 [update] ID=16405 Seq=3 ReqRX:Y ReqTX:Y RepRX:Y RepTX:-
2026-02-06 17:00:34.525 [complete] ID=16405 Seq=3 ReqRX:Y ReqTX:Y RepRX:Y RepTX:Y
  Latency(us): ReqInternal=68.6  External=148.9  RepInternal=58.8  Total=276.4
--------------------------------------------------------------------------------
2026-02-06 17:00:35.525 [new] ID=16405 Seq=4 ReqRX:Y ReqTX:- RepRX:- RepTX:-
2026-02-06 17:00:35.525 [update] ID=16405 Seq=4 ReqRX:Y ReqTX:Y RepRX:- RepTX:-
2026-02-06 17:00:35.525 [update] ID=16405 Seq=4 ReqRX:Y ReqTX:Y RepRX:Y RepTX:-
2026-02-06 17:00:35.525 [complete] ID=16405 Seq=4 ReqRX:Y ReqTX:Y RepRX:Y RepTX:Y
  Latency(us): ReqInternal=89.7  External=168.2  RepInternal=56.9  Total=314.8
--------------------------------------------------------------------------------
2026-02-06 17:00:36.525 [new] ID=16405 Seq=5 ReqRX:Y ReqTX:- RepRX:- RepTX:-
2026-02-06 17:00:36.525 [update] ID=16405 Seq=5 ReqRX:Y ReqTX:Y RepRX:- RepTX:-
2026-02-06 17:00:36.525 [update] ID=16405 Seq=5 ReqRX:Y ReqTX:Y RepRX:Y RepTX:-
2026-02-06 17:00:36.525 [complete] ID=16405 Seq=5 ReqRX:Y ReqTX:Y RepRX:Y RepTX:Y
  Latency(us): ReqInternal=95.2  External=176.7  RepInternal=52.4  Total=324.3
--------------------------------------------------------------------------------
2026-02-06 17:00:38.601 [new] ID=16406 Seq=1 ReqRX:Y ReqTX:- RepRX:- RepTX:-
2026-02-06 17:00:38.601 [update] ID=16406 Seq=1 ReqRX:Y ReqTX:Y RepRX:- RepTX:-
2026-02-06 17:00:38.601 [update] ID=16406 Seq=1 ReqRX:Y ReqTX:Y RepRX:Y RepTX:-
2026-02-06 17:00:38.601 [complete] ID=16406 Seq=1 ReqRX:Y ReqTX:Y RepRX:Y RepTX:Y
  Latency(us): ReqInternal=115.9  External=197.4  RepInternal=45.6  Total=358.8
--------------------------------------------------------------------------------
2026-02-06 17:00:39.608 [new] ID=16406 Seq=2 ReqRX:Y ReqTX:- RepRX:- RepTX:-
2026-02-06 17:00:39.608 [update] ID=16406 Seq=2 ReqRX:Y ReqTX:Y RepRX:- RepTX:-
2026-02-06 17:00:39.608 [update] ID=16406 Seq=2 ReqRX:Y ReqTX:Y RepRX:Y RepTX:-
2026-02-06 17:00:39.608 [complete] ID=16406 Seq=2 ReqRX:Y ReqTX:Y RepRX:Y RepTX:Y
  Latency(us): ReqInternal=73.7  External=180.0  RepInternal=66.3  Total=320.0
--------------------------------------------------------------------------------
2026-02-06 17:00:40.612 [new] ID=16406 Seq=3 ReqRX:Y ReqTX:- RepRX:- RepTX:-
2026-02-06 17:00:40.612 [update] ID=16406 Seq=3 ReqRX:Y ReqTX:Y RepRX:- RepTX:-
2026-02-06 17:00:40.612 [update] ID=16406 Seq=3 ReqRX:Y ReqTX:Y RepRX:Y RepTX:-
2026-02-06 17:00:40.612 [complete] ID=16406 Seq=3 ReqRX:Y ReqTX:Y RepRX:Y RepTX:Y
  Latency(us): ReqInternal=82.0  External=205.7  RepInternal=50.7  Total=338.3
--------------------------------------------------------------------------------
2026-02-06 17:00:41.617 [new] ID=16406 Seq=4 ReqRX:Y ReqTX:- RepRX:- RepTX:-
2026-02-06 17:00:41.617 [update] ID=16406 Seq=4 ReqRX:Y ReqTX:Y RepRX:- RepTX:-
2026-02-06 17:00:41.617 [update] ID=16406 Seq=4 ReqRX:Y ReqTX:Y RepRX:Y RepTX:-
2026-02-06 17:00:41.617 [complete] ID=16406 Seq=4 ReqRX:Y ReqTX:Y RepRX:Y RepTX:Y
  Latency(us): ReqInternal=67.0  External=193.5  RepInternal=59.4  Total=319.9
--------------------------------------------------------------------------------
2026-02-06 17:00:42.623 [new] ID=16406 Seq=5 ReqRX:Y ReqTX:- RepRX:- RepTX:-
2026-02-06 17:00:42.623 [update] ID=16406 Seq=5 ReqRX:Y ReqTX:Y RepRX:- RepTX:-
2026-02-06 17:00:42.623 [update] ID=16406 Seq=5 ReqRX:Y ReqTX:Y RepRX:Y RepTX:-
2026-02-06 17:00:42.623 [complete] ID=16406 Seq=5 ReqRX:Y ReqTX:Y RepRX:Y RepTX:Y
  Latency(us): ReqInternal=88.3  External=136.9  RepInternal=54.3  Total=279.5
--------------------------------------------------------------------------------
2026-02-06 17:00:44.698 [new] ID=16407 Seq=1 ReqRX:Y ReqTX:- RepRX:- RepTX:-
2026-02-06 17:00:44.698 [update] ID=16407 Seq=1 ReqRX:Y ReqTX:Y RepRX:- RepTX:-
2026-02-06 17:00:44.698 [update] ID=16407 Seq=1 ReqRX:Y ReqTX:Y RepRX:Y RepTX:-
2026-02-06 17:00:44.698 [complete] ID=16407 Seq=1 ReqRX:Y ReqTX:Y RepRX:Y RepTX:Y
  Latency(us): ReqInternal=84.5  External=235.7  RepInternal=52.7  Total=372.9
--------------------------------------------------------------------------------
2026-02-06 17:00:45.703 [new] ID=16407 Seq=2 ReqRX:Y ReqTX:- RepRX:- RepTX:-
2026-02-06 17:00:45.703 [update] ID=16407 Seq=2 ReqRX:Y ReqTX:Y RepRX:- RepTX:-
2026-02-06 17:00:45.703 [update] ID=16407 Seq=2 ReqRX:Y ReqTX:Y RepRX:Y RepTX:-
2026-02-06 17:00:45.703 [complete] ID=16407 Seq=2 ReqRX:Y ReqTX:Y RepRX:Y RepTX:Y
  Latency(us): ReqInternal=80.3  External=198.5  RepInternal=54.5  Total=333.4
--------------------------------------------------------------------------------
2026-02-06 17:00:46.709 [new] ID=16407 Seq=3 ReqRX:Y ReqTX:- RepRX:- RepTX:-
2026-02-06 17:00:46.709 [update] ID=16407 Seq=3 ReqRX:Y ReqTX:Y RepRX:- RepTX:-
2026-02-06 17:00:46.709 [update] ID=16407 Seq=3 ReqRX:Y ReqTX:Y RepRX:Y RepTX:-
2026-02-06 17:00:46.709 [complete] ID=16407 Seq=3 ReqRX:Y ReqTX:Y RepRX:Y RepTX:Y
  Latency(us): ReqInternal=76.6  External=204.4  RepInternal=40.3  Total=321.3
--------------------------------------------------------------------------------
2026-02-06 17:00:47.715 [new] ID=16407 Seq=4 ReqRX:Y ReqTX:- RepRX:- RepTX:-
2026-02-06 17:00:47.715 [update] ID=16407 Seq=4 ReqRX:Y ReqTX:Y RepRX:- RepTX:-
2026-02-06 17:00:47.715 [update] ID=16407 Seq=4 ReqRX:Y ReqTX:Y RepRX:Y RepTX:-
2026-02-06 17:00:47.715 [complete] ID=16407 Seq=4 ReqRX:Y ReqTX:Y RepRX:Y RepTX:Y
  Latency(us): ReqInternal=89.6  External=168.7  RepInternal=63.4  Total=321.7
--------------------------------------------------------------------------------
2026-02-06 17:00:48.720 [new] ID=16407 Seq=5 ReqRX:Y ReqTX:- RepRX:- RepTX:-
2026-02-06 17:00:48.720 [update] ID=16407 Seq=5 ReqRX:Y ReqTX:Y RepRX:- RepTX:-
2026-02-06 17:00:48.720 [update] ID=16407 Seq=5 ReqRX:Y ReqTX:Y RepRX:Y RepTX:-
2026-02-06 17:00:48.720 [complete] ID=16407 Seq=5 ReqRX:Y ReqTX:Y RepRX:Y RepTX:Y
  Latency(us): ReqInternal=90.7  External=403.9  RepInternal=67.0  Total=561.6
--------------------------------------------------------------------------------
2026-02-06 17:00:50.795 [new] ID=16408 Seq=1 ReqRX:Y ReqTX:- RepRX:- RepTX:-
2026-02-06 17:00:50.795 [update] ID=16408 Seq=1 ReqRX:Y ReqTX:Y RepRX:- RepTX:-
2026-02-06 17:00:50.796 [update] ID=16408 Seq=1 ReqRX:Y ReqTX:Y RepRX:Y RepTX:-
2026-02-06 17:00:50.796 [complete] ID=16408 Seq=1 ReqRX:Y ReqTX:Y RepRX:Y RepTX:Y
  Latency(us): ReqInternal=87.8  External=164.0  RepInternal=48.5  Total=300.3
--------------------------------------------------------------------------------

Detaching...

=== ICMP Flow Statistics ===
Total flows tracked: 21
Complete flows: 21
Request internal drops: 0
External drops: 0
Reply internal drops: 0
Error in atexit._run_exitfuncs:
Traceback (most recent call last):
  File "/usr/lib/python3.6/site-packages/bcc/__init__.py", line 1655, in cleanup
    self.detach_tracepoint(k)
  File "/usr/lib/python3.6/site-packages/bcc/__init__.py", line 1150, in detach_tracepoint
    res = lib.bpf_close_perf_event_fd(self.tracepoint_fds[tp])
KeyboardInterrupt
