=== Kernel ICMP RTT Tracer ===
Trace Direction: TX
Ping Session: 192.168.77.83 -> 192.168.76.244
Local IP: 192.168.77.83 (0xc0a84d53)
Remote IP: 192.168.76.244 (0xc0a84cf4)
Monitoring interface(s): ens4(ifindex=2)

BPF program loaded successfully

Verifying probe attachments:
  [OK] ip_local_out found in kallsyms
  [OK] __ip_local_out found in kallsyms
  [OK] ip_rcv found in kallsyms
  [OK] icmp_rcv found in kallsyms
  [OK] netif_receive_skb tracepoint exists
  [OK] net_dev_xmit tracepoint exists

Tracing ICMP RTT (src=192.168.77.83, dst=192.168.76.244, dir=tx) ... Hit Ctrl-C to end.
================================================================================
=== ICMP RTT Trace: 2026-02-06 03:00:24.352 (TX (Local -> Remote)) ===
Session: 192.168.77.83 -> 192.168.76.244 (ID: 16403, Seq: 5)
Path 1 (Request: TX to 192.168.76.244)       : PID=3879190 COMM=ping         IF=unknown    ICMP_Type=8
Path 2 (Reply:   RX from 192.168.76.244)     : PID=0      COMM=swapper/6    IF=ens4       ICMP_Type=0

SKB Pointers:
  Stage 0 (P1 (ip_local_out)                       ): 0xffff9921dc767100
  Stage 1 (P1 (net_dev_xmit)                       ): 0xffff9921dc767100
  Stage 3 (P2 (netif_receive_skb)                  ): 0xffff9921d6bc0500
  Stage 5 (P2 (icmp_rcv)                           ): 0xffff9921d6bc0500

Path 1 Latencies (us):
  [0->1] P1 (ip_local_out)                        -> P1 (net_dev_xmit)                       : 60181.240 us
  Total Path 1: 60181.240 us

Path 2 Latencies (us):
  [3->5] P2 (netif_receive_skb)                   -> P2 (icmp_rcv)                           :  69.697 us
  Total Path 2:  69.697 us

Total RTT (Path1 Start to Path2 End): 60862.228 us
Inter-Path Latency (P1 end -> P2 start): 611.291 us
================================================================================

================================================================================
=== ICMP RTT Trace: 2026-02-06 03:00:26.428 (TX (Local -> Remote)) ===
Session: 192.168.77.83 -> 192.168.76.244 (ID: 16404, Seq: 1)
Path 1 (Request: TX to 192.168.76.244)       : PID=3879204 COMM=ping         IF=unknown    ICMP_Type=8
Path 2 (Reply:   RX from 192.168.76.244)     : PID=0      COMM=swapper/2    IF=ens4       ICMP_Type=0

SKB Pointers:
  Stage 0 (P1 (ip_local_out)                       ): 0xffff9921d6bc0500
  Stage 1 (P1 (net_dev_xmit)                       ): 0xffff9921d6bc0500
  Stage 3 (P2 (netif_receive_skb)                  ): 0xffff9921e664d900
  Stage 5 (P2 (icmp_rcv)                           ): 0xffff9921e664d900

Path 1 Latencies (us):
  [0->1] P1 (ip_local_out)                        -> P1 (net_dev_xmit)                       : 60107.595 us
  Total Path 1: 60107.595 us

Path 2 Latencies (us):
  [3->5] P2 (netif_receive_skb)                   -> P2 (icmp_rcv)                           :  53.029 us
  Total Path 2:  53.029 us

Total RTT (Path1 Start to Path2 End): 60908.539 us
Inter-Path Latency (P1 end -> P2 start): 747.915 us
================================================================================

================================================================================
=== ICMP RTT Trace: 2026-02-06 03:00:27.428 (TX (Local -> Remote)) ===
Session: 192.168.77.83 -> 192.168.76.244 (ID: 16404, Seq: 2)
Path 1 (Request: TX to 192.168.76.244)       : PID=3879204 COMM=ping         IF=unknown    ICMP_Type=8
Path 2 (Reply:   RX from 192.168.76.244)     : PID=0      COMM=swapper/2    IF=ens4       ICMP_Type=0

SKB Pointers:
  Stage 0 (P1 (ip_local_out)                       ): 0xffff9921d6bc0a00
  Stage 1 (P1 (net_dev_xmit)                       ): 0xffff9921d6bc0a00
  Stage 3 (P2 (netif_receive_skb)                  ): 0xffff9921e664dd00
  Stage 5 (P2 (icmp_rcv)                           ): 0xffff9921e664dd00

Path 1 Latencies (us):
  [0->1] P1 (ip_local_out)                        -> P1 (net_dev_xmit)                       : 60107.935 us
  Total Path 1: 60107.935 us

Path 2 Latencies (us):
  [3->5] P2 (netif_receive_skb)                   -> P2 (icmp_rcv)                           :  33.260 us
  Total Path 2:  33.260 us

Total RTT (Path1 Start to Path2 End): 60758.100 us
Inter-Path Latency (P1 end -> P2 start): 616.905 us
================================================================================

================================================================================
=== ICMP RTT Trace: 2026-02-06 03:00:28.434 (TX (Local -> Remote)) ===
Session: 192.168.77.83 -> 192.168.76.244 (ID: 16404, Seq: 3)
Path 1 (Request: TX to 192.168.76.244)       : PID=3879204 COMM=ping         IF=unknown    ICMP_Type=8
Path 2 (Reply:   RX from 192.168.76.244)     : PID=0      COMM=swapper/2    IF=ens4       ICMP_Type=0

SKB Pointers:
  Stage 0 (P1 (ip_local_out)                       ): 0xffff9921d6bc1f00
  Stage 1 (P1 (net_dev_xmit)                       ): 0xffff9921d6bc1f00
  Stage 3 (P2 (netif_receive_skb)                  ): 0xffff9921e664dc00
  Stage 5 (P2 (icmp_rcv)                           ): 0xffff9921e664dc00

Path 1 Latencies (us):
  [0->1] P1 (ip_local_out)                        -> P1 (net_dev_xmit)                       : 60094.527 us
  Total Path 1: 60094.527 us

Path 2 Latencies (us):
  [3->5] P2 (netif_receive_skb)                   -> P2 (icmp_rcv)                           :  36.714 us
  Total Path 2:  36.714 us

Total RTT (Path1 Start to Path2 End): 60665.808 us
Inter-Path Latency (P1 end -> P2 start): 534.567 us
================================================================================

================================================================================
=== ICMP RTT Trace: 2026-02-06 03:00:29.440 (TX (Local -> Remote)) ===
Session: 192.168.77.83 -> 192.168.76.244 (ID: 16404, Seq: 4)
Path 1 (Request: TX to 192.168.76.244)       : PID=3879204 COMM=ping         IF=unknown    ICMP_Type=8
Path 2 (Reply:   RX from 192.168.76.244)     : PID=0      COMM=swapper/2    IF=ens4       ICMP_Type=0

SKB Pointers:
  Stage 0 (P1 (ip_local_out)                       ): 0xffff9921d6bc0000
  Stage 1 (P1 (net_dev_xmit)                       ): 0xffff9921d6bc0000
  Stage 3 (P2 (netif_receive_skb)                  ): 0xffff9921e664cf00
  Stage 5 (P2 (icmp_rcv)                           ): 0xffff9921e664cf00

Path 1 Latencies (us):
  [0->1] P1 (ip_local_out)                        -> P1 (net_dev_xmit)                       : 60086.945 us
  Total Path 1: 60086.945 us

Path 2 Latencies (us):
  [3->5] P2 (netif_receive_skb)                   -> P2 (icmp_rcv)                           :  35.996 us
  Total Path 2:  35.996 us

Total RTT (Path1 Start to Path2 End): 60645.996 us
Inter-Path Latency (P1 end -> P2 start): 523.055 us
================================================================================

================================================================================
=== ICMP RTT Trace: 2026-02-06 03:00:30.445 (TX (Local -> Remote)) ===
Session: 192.168.77.83 -> 192.168.76.244 (ID: 16404, Seq: 5)
Path 1 (Request: TX to 192.168.76.244)       : PID=3879204 COMM=ping         IF=unknown    ICMP_Type=8
Path 2 (Reply:   RX from 192.168.76.244)     : PID=0      COMM=swapper/2    IF=ens4       ICMP_Type=0

SKB Pointers:
  Stage 0 (P1 (ip_local_out)                       ): 0xffff9921d6bc1300
  Stage 1 (P1 (net_dev_xmit)                       ): 0xffff9921d6bc1300
  Stage 3 (P2 (netif_receive_skb)                  ): 0xffff9921e664db00
  Stage 5 (P2 (icmp_rcv)                           ): 0xffff9921e664db00

Path 1 Latencies (us):
  [0->1] P1 (ip_local_out)                        -> P1 (net_dev_xmit)                       : 60094.244 us
  Total Path 1: 60094.244 us

Path 2 Latencies (us):
  [3->5] P2 (netif_receive_skb)                   -> P2 (icmp_rcv)                           :  33.345 us
  Total Path 2:  33.345 us

Total RTT (Path1 Start to Path2 End): 60608.881 us
Inter-Path Latency (P1 end -> P2 start): 481.292 us
================================================================================

================================================================================
=== ICMP RTT Trace: 2026-02-06 03:00:32.521 (TX (Local -> Remote)) ===
Session: 192.168.77.83 -> 192.168.76.244 (ID: 16405, Seq: 1)
Path 1 (Request: TX to 192.168.76.244)       : PID=3879217 COMM=ping         IF=unknown    ICMP_Type=8
Path 2 (Reply:   RX from 192.168.76.244)     : PID=0      COMM=swapper/0    IF=ens4       ICMP_Type=0

SKB Pointers:
  Stage 0 (P1 (ip_local_out)                       ): 0xffff9921e664c900
  Stage 1 (P1 (net_dev_xmit)                       ): 0xffff9921e664c900
  Stage 3 (P2 (netif_receive_skb)                  ): 0xffff992289c7a200
  Stage 5 (P2 (icmp_rcv)                           ): 0xffff992289c7a200

Path 1 Latencies (us):
  [0->1] P1 (ip_local_out)                        -> P1 (net_dev_xmit)                       : 60109.008 us
  Total Path 1: 60109.008 us

Path 2 Latencies (us):
  [3->5] P2 (netif_receive_skb)                   -> P2 (icmp_rcv)                           :  93.109 us
  Total Path 2:  93.109 us

Total RTT (Path1 Start to Path2 End): 60784.799 us
Inter-Path Latency (P1 end -> P2 start): 582.682 us
================================================================================

================================================================================
=== ICMP RTT Trace: 2026-02-06 03:00:33.525 (TX (Local -> Remote)) ===
Session: 192.168.77.83 -> 192.168.76.244 (ID: 16405, Seq: 2)
Path 1 (Request: TX to 192.168.76.244)       : PID=3879217 COMM=ping         IF=unknown    ICMP_Type=8
Path 2 (Reply:   RX from 192.168.76.244)     : PID=0      COMM=swapper/0    IF=ens4       ICMP_Type=0

SKB Pointers:
  Stage 0 (P1 (ip_local_out)                       ): 0xffff9921e664c200
  Stage 1 (P1 (net_dev_xmit)                       ): 0xffff9921e664c200
  Stage 3 (P2 (netif_receive_skb)                  ): 0xffff992289c7a100
  Stage 5 (P2 (icmp_rcv)                           ): 0xffff992289c7a100

Path 1 Latencies (us):
  [0->1] P1 (ip_local_out)                        -> P1 (net_dev_xmit)                       : 60092.640 us
  Total Path 1: 60092.640 us

Path 2 Latencies (us):
  [3->5] P2 (netif_receive_skb)                   -> P2 (icmp_rcv)                           :  37.317 us
  Total Path 2:  37.317 us

Total RTT (Path1 Start to Path2 End): 60585.031 us
Inter-Path Latency (P1 end -> P2 start): 455.074 us
================================================================================

================================================================================
=== ICMP RTT Trace: 2026-02-06 03:00:34.525 (TX (Local -> Remote)) ===
Session: 192.168.77.83 -> 192.168.76.244 (ID: 16405, Seq: 3)
Path 1 (Request: TX to 192.168.76.244)       : PID=3879217 COMM=ping         IF=unknown    ICMP_Type=8
Path 2 (Reply:   RX from 192.168.76.244)     : PID=0      COMM=swapper/0    IF=ens4       ICMP_Type=0

SKB Pointers:
  Stage 0 (P1 (ip_local_out)                       ): 0xffff9921e664d600
  Stage 1 (P1 (net_dev_xmit)                       ): 0xffff9921e664d600
  Stage 3 (P2 (netif_receive_skb)                  ): 0xffff992289c7ac00
  Stage 5 (P2 (icmp_rcv)                           ): 0xffff992289c7ac00

Path 1 Latencies (us):
  [0->1] P1 (ip_local_out)                        -> P1 (net_dev_xmit)                       : 60088.486 us
  Total Path 1: 60088.486 us

Path 2 Latencies (us):
  [3->5] P2 (netif_receive_skb)                   -> P2 (icmp_rcv)                           :  38.976 us
  Total Path 2:  38.976 us

Total RTT (Path1 Start to Path2 End): 60654.692 us
Inter-Path Latency (P1 end -> P2 start): 527.230 us
================================================================================

================================================================================
=== ICMP RTT Trace: 2026-02-06 03:00:35.526 (TX (Local -> Remote)) ===
Session: 192.168.77.83 -> 192.168.76.244 (ID: 16405, Seq: 4)
Path 1 (Request: TX to 192.168.76.244)       : PID=3879217 COMM=ping         IF=unknown    ICMP_Type=8
Path 2 (Reply:   RX from 192.168.76.244)     : PID=0      COMM=swapper/0    IF=ens4       ICMP_Type=0

SKB Pointers:
  Stage 0 (P1 (ip_local_out)                       ): 0xffff9921e664d400
  Stage 1 (P1 (net_dev_xmit)                       ): 0xffff9921e664d400
  Stage 3 (P2 (netif_receive_skb)                  ): 0xffff992289c7aa00
  Stage 5 (P2 (icmp_rcv)                           ): 0xffff992289c7aa00

Path 1 Latencies (us):
  [0->1] P1 (ip_local_out)                        -> P1 (net_dev_xmit)                       : 60137.119 us
  Total Path 1: 60137.119 us

Path 2 Latencies (us):
  [3->5] P2 (netif_receive_skb)                   -> P2 (icmp_rcv)                           :  46.986 us
  Total Path 2:  46.986 us

Total RTT (Path1 Start to Path2 End): 60712.189 us
Inter-Path Latency (P1 end -> P2 start): 528.084 us
================================================================================

================================================================================
=== ICMP RTT Trace: 2026-02-06 03:00:36.526 (TX (Local -> Remote)) ===
Session: 192.168.77.83 -> 192.168.76.244 (ID: 16405, Seq: 5)
Path 1 (Request: TX to 192.168.76.244)       : PID=3879217 COMM=ping         IF=unknown    ICMP_Type=8
Path 2 (Reply:   RX from 192.168.76.244)     : PID=0      COMM=swapper/0    IF=ens4       ICMP_Type=0

SKB Pointers:
  Stage 0 (P1 (ip_local_out)                       ): 0xffff9921e664c800
  Stage 1 (P1 (net_dev_xmit)                       ): 0xffff9921e664c800
  Stage 3 (P2 (netif_receive_skb)                  ): 0xffff992289c7a500
  Stage 5 (P2 (icmp_rcv)                           ): 0xffff992289c7a500

Path 1 Latencies (us):
  [0->1] P1 (ip_local_out)                        -> P1 (net_dev_xmit)                       : 60133.490 us
  Total Path 1: 60133.490 us

Path 2 Latencies (us):
  [3->5] P2 (netif_receive_skb)                   -> P2 (icmp_rcv)                           :  58.094 us
  Total Path 2:  58.094 us

Total RTT (Path1 Start to Path2 End): 60725.109 us
Inter-Path Latency (P1 end -> P2 start): 533.525 us
================================================================================

================================================================================
=== ICMP RTT Trace: 2026-02-06 03:00:38.601 (TX (Local -> Remote)) ===
Session: 192.168.77.83 -> 192.168.76.244 (ID: 16406, Seq: 1)
Path 1 (Request: TX to 192.168.76.244)       : PID=3879218 COMM=ping         IF=unknown    ICMP_Type=8
Path 2 (Reply:   RX from 192.168.76.244)     : PID=0      COMM=swapper/3    IF=ens4       ICMP_Type=0

SKB Pointers:
  Stage 0 (P1 (ip_local_out)                       ): 0xffff9922846c7100
  Stage 1 (P1 (net_dev_xmit)                       ): 0xffff9922846c7100
  Stage 3 (P2 (netif_receive_skb)                  ): 0xffff9921ddabc300
  Stage 5 (P2 (icmp_rcv)                           ): 0xffff9921ddabc300

Path 1 Latencies (us):
  [0->1] P1 (ip_local_out)                        -> P1 (net_dev_xmit)                       : 60125.593 us
  Total Path 1: 60125.593 us

Path 2 Latencies (us):
  [3->5] P2 (netif_receive_skb)                   -> P2 (icmp_rcv)                           :  52.512 us
  Total Path 2:  52.512 us

Total RTT (Path1 Start to Path2 End): 60771.179 us
Inter-Path Latency (P1 end -> P2 start): 593.074 us
================================================================================

================================================================================
=== ICMP RTT Trace: 2026-02-06 03:00:39.607 (TX (Local -> Remote)) ===
Session: 192.168.77.83 -> 192.168.76.244 (ID: 16406, Seq: 2)
Path 1 (Request: TX to 192.168.76.244)       : PID=3879218 COMM=ping         IF=unknown    ICMP_Type=8
Path 2 (Reply:   RX from 192.168.76.244)     : PID=0      COMM=swapper/3    IF=ens4       ICMP_Type=0

SKB Pointers:
  Stage 0 (P1 (ip_local_out)                       ): 0xffff9922846c7300
  Stage 1 (P1 (net_dev_xmit)                       ): 0xffff9922846c7300
  Stage 3 (P2 (netif_receive_skb)                  ): 0xffff9921ddabca00
  Stage 5 (P2 (icmp_rcv)                           ): 0xffff9921ddabca00

Path 1 Latencies (us):
  [0->1] P1 (ip_local_out)                        -> P1 (net_dev_xmit)                       : 60095.825 us
  Total Path 1: 60095.825 us

Path 2 Latencies (us):
  [3->5] P2 (netif_receive_skb)                   -> P2 (icmp_rcv)                           :  35.613 us
  Total Path 2:  35.613 us

Total RTT (Path1 Start to Path2 End): 60653.565 us
Inter-Path Latency (P1 end -> P2 start): 522.127 us
================================================================================

================================================================================
=== ICMP RTT Trace: 2026-02-06 03:00:40.612 (TX (Local -> Remote)) ===
Session: 192.168.77.83 -> 192.168.76.244 (ID: 16406, Seq: 3)
Path 1 (Request: TX to 192.168.76.244)       : PID=3879218 COMM=ping         IF=unknown    ICMP_Type=8
Path 2 (Reply:   RX from 192.168.76.244)     : PID=0      COMM=swapper/3    IF=ens4       ICMP_Type=0

SKB Pointers:
  Stage 0 (P1 (ip_local_out)                       ): 0xffff9922846c7a00
  Stage 1 (P1 (net_dev_xmit)                       ): 0xffff9922846c7a00
  Stage 3 (P2 (netif_receive_skb)                  ): 0xffff9921ddabc600
  Stage 5 (P2 (icmp_rcv)                           ): 0xffff9921ddabc600

Path 1 Latencies (us):
  [0->1] P1 (ip_local_out)                        -> P1 (net_dev_xmit)                       : 60096.353 us
  Total Path 1: 60096.353 us

Path 2 Latencies (us):
  [3->5] P2 (netif_receive_skb)                   -> P2 (icmp_rcv)                           :  40.710 us
  Total Path 2:  40.710 us

Total RTT (Path1 Start to Path2 End): 60680.185 us
Inter-Path Latency (P1 end -> P2 start): 543.122 us
================================================================================

================================================================================
=== ICMP RTT Trace: 2026-02-06 03:00:41.618 (TX (Local -> Remote)) ===
Session: 192.168.77.83 -> 192.168.76.244 (ID: 16406, Seq: 4)
Path 1 (Request: TX to 192.168.76.244)       : PID=3879218 COMM=ping         IF=unknown    ICMP_Type=8
Path 2 (Reply:   RX from 192.168.76.244)     : PID=0      COMM=swapper/3    IF=ens4       ICMP_Type=0

SKB Pointers:
  Stage 0 (P1 (ip_local_out)                       ): 0xffff9922846c7000
  Stage 1 (P1 (net_dev_xmit)                       ): 0xffff9922846c7000
  Stage 3 (P2 (netif_receive_skb)                  ): 0xffff9921ddabc300
  Stage 5 (P2 (icmp_rcv)                           ): 0xffff9921ddabc300

Path 1 Latencies (us):
  [0->1] P1 (ip_local_out)                        -> P1 (net_dev_xmit)                       : 60121.278 us
  Total Path 1: 60121.278 us

Path 2 Latencies (us):
  [3->5] P2 (netif_receive_skb)                   -> P2 (icmp_rcv)                           :  35.026 us
  Total Path 2:  35.026 us

Total RTT (Path1 Start to Path2 End): 60682.633 us
Inter-Path Latency (P1 end -> P2 start): 526.329 us
================================================================================

================================================================================
=== ICMP RTT Trace: 2026-02-06 03:00:42.623 (TX (Local -> Remote)) ===
Session: 192.168.77.83 -> 192.168.76.244 (ID: 16406, Seq: 5)
Path 1 (Request: TX to 192.168.76.244)       : PID=3879218 COMM=ping         IF=unknown    ICMP_Type=8
Path 2 (Reply:   RX from 192.168.76.244)     : PID=0      COMM=swapper/3    IF=ens4       ICMP_Type=0

SKB Pointers:
  Stage 0 (P1 (ip_local_out)                       ): 0xffff9922846c7900
  Stage 1 (P1 (net_dev_xmit)                       ): 0xffff9922846c7900
  Stage 3 (P2 (netif_receive_skb)                  ): 0xffff9921ddabd600
  Stage 5 (P2 (icmp_rcv)                           ): 0xffff9921ddabd600

Path 1 Latencies (us):
  [0->1] P1 (ip_local_out)                        -> P1 (net_dev_xmit)                       : 60099.107 us
  Total Path 1: 60099.107 us

Path 2 Latencies (us):
  [3->5] P2 (netif_receive_skb)                   -> P2 (icmp_rcv)                           :  33.600 us
  Total Path 2:  33.600 us

Total RTT (Path1 Start to Path2 End): 60618.628 us
Inter-Path Latency (P1 end -> P2 start): 485.921 us
================================================================================

================================================================================
=== ICMP RTT Trace: 2026-02-06 03:00:44.698 (TX (Local -> Remote)) ===
Session: 192.168.77.83 -> 192.168.76.244 (ID: 16407, Seq: 1)
Path 1 (Request: TX to 192.168.76.244)       : PID=3879231 COMM=ping         IF=unknown    ICMP_Type=8
Path 2 (Reply:   RX from 192.168.76.244)     : PID=0      COMM=swapper/0    IF=ens4       ICMP_Type=0

SKB Pointers:
  Stage 0 (P1 (ip_local_out)                       ): 0xffff9921e664c200
  Stage 1 (P1 (net_dev_xmit)                       ): 0xffff9921e664c200
  Stage 3 (P2 (netif_receive_skb)                  ): 0xffff992289c7a900
  Stage 5 (P2 (icmp_rcv)                           ): 0xffff992289c7a900

Path 1 Latencies (us):
  [0->1] P1 (ip_local_out)                        -> P1 (net_dev_xmit)                       : 60115.028 us
  Total Path 1: 60115.028 us

Path 2 Latencies (us):
  [3->5] P2 (netif_receive_skb)                   -> P2 (icmp_rcv)                           :  40.090 us
  Total Path 2:  40.090 us

Total RTT (Path1 Start to Path2 End): 60748.305 us
Inter-Path Latency (P1 end -> P2 start): 593.187 us
================================================================================

================================================================================
=== ICMP RTT Trace: 2026-02-06 03:00:45.704 (TX (Local -> Remote)) ===
Session: 192.168.77.83 -> 192.168.76.244 (ID: 16407, Seq: 2)
Path 1 (Request: TX to 192.168.76.244)       : PID=3879231 COMM=ping         IF=unknown    ICMP_Type=8
Path 2 (Reply:   RX from 192.168.76.244)     : PID=0      COMM=swapper/0    IF=ens4       ICMP_Type=0

SKB Pointers:
  Stage 0 (P1 (ip_local_out)                       ): 0xffff9921e664c900
  Stage 1 (P1 (net_dev_xmit)                       ): 0xffff9921e664c900
  Stage 3 (P2 (netif_receive_skb)                  ): 0xffff992289c7a000
  Stage 5 (P2 (icmp_rcv)                           ): 0xffff992289c7a000

Path 1 Latencies (us):
  [0->1] P1 (ip_local_out)                        -> P1 (net_dev_xmit)                       : 60095.753 us
  Total Path 1: 60095.753 us

Path 2 Latencies (us):
  [3->5] P2 (netif_receive_skb)                   -> P2 (icmp_rcv)                           :  38.153 us
  Total Path 2:  38.153 us

Total RTT (Path1 Start to Path2 End): 60655.058 us
Inter-Path Latency (P1 end -> P2 start): 521.152 us
================================================================================

================================================================================
=== ICMP RTT Trace: 2026-02-06 03:00:46.709 (TX (Local -> Remote)) ===
Session: 192.168.77.83 -> 192.168.76.244 (ID: 16407, Seq: 3)
Path 1 (Request: TX to 192.168.76.244)       : PID=3879231 COMM=ping         IF=unknown    ICMP_Type=8
Path 2 (Reply:   RX from 192.168.76.244)     : PID=0      COMM=swapper/0    IF=ens4       ICMP_Type=0

SKB Pointers:
  Stage 0 (P1 (ip_local_out)                       ): 0xffff9921e664d200
  Stage 1 (P1 (net_dev_xmit)                       ): 0xffff9921e664d200
  Stage 3 (P2 (netif_receive_skb)                  ): 0xffff992289c7ab00
  Stage 5 (P2 (icmp_rcv)                           ): 0xffff992289c7ab00

Path 1 Latencies (us):
  [0->1] P1 (ip_local_out)                        -> P1 (net_dev_xmit)                       : 60099.870 us
  Total Path 1: 60099.870 us

Path 2 Latencies (us):
  [3->5] P2 (netif_receive_skb)                   -> P2 (icmp_rcv)                           :  40.749 us
  Total Path 2:  40.749 us

Total RTT (Path1 Start to Path2 End): 60656.553 us
Inter-Path Latency (P1 end -> P2 start): 515.934 us
================================================================================

================================================================================
=== ICMP RTT Trace: 2026-02-06 03:00:47.715 (TX (Local -> Remote)) ===
Session: 192.168.77.83 -> 192.168.76.244 (ID: 16407, Seq: 4)
Path 1 (Request: TX to 192.168.76.244)       : PID=3879231 COMM=ping         IF=unknown    ICMP_Type=8
Path 2 (Reply:   RX from 192.168.76.244)     : PID=0      COMM=swapper/0    IF=ens4       ICMP_Type=0

SKB Pointers:
  Stage 0 (P1 (ip_local_out)                       ): 0xffff9921e664d600
  Stage 1 (P1 (net_dev_xmit)                       ): 0xffff9921e664d600
  Stage 3 (P2 (netif_receive_skb)                  ): 0xffff992289c7b300
  Stage 5 (P2 (icmp_rcv)                           ): 0xffff992289c7b300

Path 1 Latencies (us):
  [0->1] P1 (ip_local_out)                        -> P1 (net_dev_xmit)                       : 60106.042 us
  Total Path 1: 60106.042 us

Path 2 Latencies (us):
  [3->5] P2 (netif_receive_skb)                   -> P2 (icmp_rcv)                           :  32.278 us
  Total Path 2:  32.278 us

Total RTT (Path1 Start to Path2 End): 60647.138 us
Inter-Path Latency (P1 end -> P2 start): 508.818 us
================================================================================

================================================================================
=== ICMP RTT Trace: 2026-02-06 03:00:48.721 (TX (Local -> Remote)) ===
Session: 192.168.77.83 -> 192.168.76.244 (ID: 16407, Seq: 5)
Path 1 (Request: TX to 192.168.76.244)       : PID=3879231 COMM=ping         IF=unknown    ICMP_Type=8
Path 2 (Reply:   RX from 192.168.76.244)     : PID=0      COMM=swapper/0    IF=ens4       ICMP_Type=0

SKB Pointers:
  Stage 0 (P1 (ip_local_out)                       ): 0xffff9921e664cf00
  Stage 1 (P1 (net_dev_xmit)                       ): 0xffff9921e664cf00
  Stage 3 (P2 (netif_receive_skb)                  ): 0xffff992289c7a200
  Stage 5 (P2 (icmp_rcv)                           ): 0xffff992289c7a200

Path 1 Latencies (us):
  [0->1] P1 (ip_local_out)                        -> P1 (net_dev_xmit)                       : 60091.258 us
  Total Path 1: 60091.258 us

Path 2 Latencies (us):
  [3->5] P2 (netif_receive_skb)                   -> P2 (icmp_rcv)                           :  37.973 us
  Total Path 2:  37.973 us

Total RTT (Path1 Start to Path2 End): 60909.142 us
Inter-Path Latency (P1 end -> P2 start): 779.911 us
================================================================================


Detaching...
Exiting.
