=== ICMP Drop Detector ===
Source IP: 192.168.77.83
Destination IP: 192.168.76.244
RX Interface(s): vnet35(ifindex=62)
TX Interface(s): enp24s0f0np0(ifindex=3)
Timeout: 1000 ms

Flow path:
  [0] Request RX at vnet35
  [1] Request TX at enp24s0f0np0
  [2] Reply RX at enp24s0f0np0
  [3] Reply TX at vnet35

Tracing... Hit Ctrl-C to end.

2026-02-06 17:00:24.351 [new] ID=16403 Seq=5 ReqRX:Y ReqTX:- RepRX:- RepTX:-
2026-02-06 17:00:24.351 [update] ID=16403 Seq=5 ReqRX:Y ReqTX:Y RepRX:- RepTX:-
2026-02-06 17:00:24.358 [update] ID=16403 Seq=5 ReqRX:Y ReqTX:Y RepRX:Y RepTX:-
2026-02-06 17:00:24.358 [complete] ID=16403 Seq=5 ReqRX:Y ReqTX:Y RepRX:Y RepTX:Y
  Latency(us): ReqInternal=57.0  External=448.6  RepInternal=65.5  Total=571.1
--------------------------------------------------------------------------------
2026-02-06 17:00:26.427 [new] ID=16404 Seq=1 ReqRX:Y ReqTX:- RepRX:- RepTX:-
2026-02-06 17:00:26.427 [update] ID=16404 Seq=1 ReqRX:Y ReqTX:Y RepRX:- RepTX:-
2026-02-06 17:00:26.428 [update] ID=16404 Seq=1 ReqRX:Y ReqTX:Y RepRX:Y RepTX:-
2026-02-06 17:00:26.428 [complete] ID=16404 Seq=1 ReqRX:Y ReqTX:Y RepRX:Y RepTX:Y
  Latency(us): ReqInternal=104.3  External=442.2  RepInternal=55.4  Total=601.8
--------------------------------------------------------------------------------
2026-02-06 17:00:27.427 [new] ID=16404 Seq=2 ReqRX:Y ReqTX:- RepRX:- RepTX:-
2026-02-06 17:00:27.427 [update] ID=16404 Seq=2 ReqRX:Y ReqTX:Y RepRX:- RepTX:-
2026-02-06 17:00:27.428 [update] ID=16404 Seq=2 ReqRX:Y ReqTX:Y RepRX:Y RepTX:-
2026-02-06 17:00:27.428 [complete] ID=16404 Seq=2 ReqRX:Y ReqTX:Y RepRX:Y RepTX:Y
  Latency(us): ReqInternal=55.7  External=408.6  RepInternal=69.2  Total=533.6
--------------------------------------------------------------------------------
2026-02-06 17:00:28.435 [new] ID=16404 Seq=3 ReqRX:Y ReqTX:- RepRX:- RepTX:-
2026-02-06 17:00:28.435 [update] ID=16404 Seq=3 ReqRX:Y ReqTX:Y RepRX:- RepTX:-
2026-02-06 17:00:29.439 [new] ID=16404 Seq=4 ReqRX:Y ReqTX:- RepRX:- RepTX:-
2026-02-06 17:00:29.439 [update] ID=16404 Seq=4 ReqRX:Y ReqTX:Y RepRX:- RepTX:-
2026-02-06 17:00:29.439 [update] ID=16404 Seq=4 ReqRX:Y ReqTX:Y RepRX:Y RepTX:-
2026-02-06 17:00:29.439 [complete] ID=16404 Seq=4 ReqRX:Y ReqTX:Y RepRX:Y RepTX:Y
  Latency(us): ReqInternal=59.6  External=330.7  RepInternal=49.7  Total=440.0
--------------------------------------------------------------------------------

=== ICMP Drop Detected: 2026-02-06 17:00:29.639 ===
Flow: 192.168.77.83 -> 192.168.76.244 (ID=16404, Seq=3)
  [0] ReqRX: recorded
  [1] ReqTX: recorded
  [2] RepRX: MISSING
  [3] RepTX: MISSING

Drop Location: EXTERNAL (network or peer)
  Request sent from enp24s0f0np0 but Reply NOT received at enp24s0f0np0
2026-02-06 17:00:30.444 [new] ID=16404 Seq=5 ReqRX:Y ReqTX:- RepRX:- RepTX:-
2026-02-06 17:00:30.444 [update] ID=16404 Seq=5 ReqRX:Y ReqTX:Y RepRX:- RepTX:-
2026-02-06 17:00:30.444 [update] ID=16404 Seq=5 ReqRX:Y ReqTX:Y RepRX:Y RepTX:-
2026-02-06 17:00:30.444 [complete] ID=16404 Seq=5 ReqRX:Y ReqTX:Y RepRX:Y RepTX:Y
  Latency(us): ReqInternal=56.8  External=284.7  RepInternal=57.0  Total=398.6
--------------------------------------------------------------------------------
2026-02-06 17:00:32.520 [new] ID=16405 Seq=1 ReqRX:Y ReqTX:- RepRX:- RepTX:-
2026-02-06 17:00:32.520 [update] ID=16405 Seq=1 ReqRX:Y ReqTX:Y RepRX:- RepTX:-
2026-02-06 17:00:32.520 [update] ID=16405 Seq=1 ReqRX:Y ReqTX:Y RepRX:Y RepTX:-
2026-02-06 17:00:32.520 [complete] ID=16405 Seq=1 ReqRX:Y ReqTX:Y RepRX:Y RepTX:Y
  Latency(us): ReqInternal=79.8  External=377.6  RepInternal=54.6  Total=512.0
--------------------------------------------------------------------------------
2026-02-06 17:00:33.524 [new] ID=16405 Seq=2 ReqRX:Y ReqTX:- RepRX:- RepTX:-
2026-02-06 17:00:33.524 [update] ID=16405 Seq=2 ReqRX:Y ReqTX:Y RepRX:- RepTX:-
2026-02-06 17:00:33.524 [update] ID=16405 Seq=2 ReqRX:Y ReqTX:Y RepRX:Y RepTX:-
2026-02-06 17:00:33.525 [complete] ID=16405 Seq=2 ReqRX:Y ReqTX:Y RepRX:Y RepTX:Y
  Latency(us): ReqInternal=50.3  External=278.0  RepInternal=53.8  Total=382.1
--------------------------------------------------------------------------------
2026-02-06 17:00:34.524 [new] ID=16405 Seq=3 ReqRX:Y ReqTX:- RepRX:- RepTX:-
2026-02-06 17:00:34.524 [update] ID=16405 Seq=3 ReqRX:Y ReqTX:Y RepRX:- RepTX:-
2026-02-06 17:00:34.525 [update] ID=16405 Seq=3 ReqRX:Y ReqTX:Y RepRX:Y RepTX:-
2026-02-06 17:00:34.525 [complete] ID=16405 Seq=3 ReqRX:Y ReqTX:Y RepRX:Y RepTX:Y
  Latency(us): ReqInternal=77.5  External=308.5  RepInternal=66.7  Total=452.7
--------------------------------------------------------------------------------
2026-02-06 17:00:35.525 [new] ID=16405 Seq=4 ReqRX:Y ReqTX:- RepRX:- RepTX:-
2026-02-06 17:00:35.525 [update] ID=16405 Seq=4 ReqRX:Y ReqTX:Y RepRX:- RepTX:-
2026-02-06 17:00:35.525 [update] ID=16405 Seq=4 ReqRX:Y ReqTX:Y RepRX:Y RepTX:-
2026-02-06 17:00:35.525 [complete] ID=16405 Seq=4 ReqRX:Y ReqTX:Y RepRX:Y RepTX:Y
  Latency(us): ReqInternal=60.0  External=342.9  RepInternal=46.0  Total=448.9
--------------------------------------------------------------------------------
2026-02-06 17:00:36.525 [new] ID=16405 Seq=5 ReqRX:Y ReqTX:- RepRX:- RepTX:-
2026-02-06 17:00:36.525 [update] ID=16405 Seq=5 ReqRX:Y ReqTX:Y RepRX:- RepTX:-
2026-02-06 17:00:36.525 [update] ID=16405 Seq=5 ReqRX:Y ReqTX:Y RepRX:Y RepTX:-
2026-02-06 17:00:36.525 [complete] ID=16405 Seq=5 ReqRX:Y ReqTX:Y RepRX:Y RepTX:Y
  Latency(us): ReqInternal=59.6  External=349.6  RepInternal=49.8  Total=459.0
--------------------------------------------------------------------------------
2026-02-06 17:00:38.600 [new] ID=16406 Seq=1 ReqRX:Y ReqTX:- RepRX:- RepTX:-
2026-02-06 17:00:38.600 [update] ID=16406 Seq=1 ReqRX:Y ReqTX:Y RepRX:- RepTX:-
2026-02-06 17:00:38.601 [update] ID=16406 Seq=1 ReqRX:Y ReqTX:Y RepRX:Y RepTX:-
2026-02-06 17:00:38.601 [complete] ID=16406 Seq=1 ReqRX:Y ReqTX:Y RepRX:Y RepTX:Y
  Latency(us): ReqInternal=83.0  External=387.0  RepInternal=54.8  Total=524.9
--------------------------------------------------------------------------------
2026-02-06 17:00:39.607 [new] ID=16406 Seq=2 ReqRX:Y ReqTX:- RepRX:- RepTX:-
2026-02-06 17:00:39.607 [update] ID=16406 Seq=2 ReqRX:Y ReqTX:Y RepRX:- RepTX:-
2026-02-06 17:00:40.612 [new] ID=16406 Seq=3 ReqRX:Y ReqTX:- RepRX:- RepTX:-
2026-02-06 17:00:40.612 [update] ID=16406 Seq=3 ReqRX:Y ReqTX:Y RepRX:- RepTX:-
2026-02-06 17:00:40.612 [update] ID=16406 Seq=3 ReqRX:Y ReqTX:Y RepRX:Y RepTX:-
2026-02-06 17:00:40.612 [complete] ID=16406 Seq=3 ReqRX:Y ReqTX:Y RepRX:Y RepTX:Y
  Latency(us): ReqInternal=50.0  External=365.6  RepInternal=56.6  Total=472.2
--------------------------------------------------------------------------------

=== ICMP Drop Detected: 2026-02-06 17:00:40.812 ===
Flow: 192.168.77.83 -> 192.168.76.244 (ID=16406, Seq=2)
  [0] ReqRX: recorded
  [1] ReqTX: recorded
  [2] RepRX: MISSING
  [3] RepTX: MISSING

Drop Location: EXTERNAL (network or peer)
  Request sent from enp24s0f0np0 but Reply NOT received at enp24s0f0np0
2026-02-06 17:00:41.619 [new] ID=16406 Seq=4 ReqRX:Y ReqTX:- RepRX:- RepTX:-
2026-02-06 17:00:41.619 [update] ID=16406 Seq=4 ReqRX:Y ReqTX:Y RepRX:- RepTX:-
2026-02-06 17:00:41.619 [update] ID=16406 Seq=4 ReqRX:Y ReqTX:Y RepRX:Y RepTX:-
2026-02-06 17:00:41.619 [complete] ID=16406 Seq=4 ReqRX:Y ReqTX:Y RepRX:Y RepTX:Y
  Latency(us): ReqInternal=54.7  External=337.4  RepInternal=41.9  Total=434.0
--------------------------------------------------------------------------------
2026-02-06 17:00:42.623 [new] ID=16406 Seq=5 ReqRX:Y ReqTX:- RepRX:- RepTX:-
2026-02-06 17:00:42.623 [update] ID=16406 Seq=5 ReqRX:Y ReqTX:Y RepRX:- RepTX:-
2026-02-06 17:00:42.623 [update] ID=16406 Seq=5 ReqRX:Y ReqTX:Y RepRX:Y RepTX:-
2026-02-06 17:00:42.623 [complete] ID=16406 Seq=5 ReqRX:Y ReqTX:Y RepRX:Y RepTX:Y
  Latency(us): ReqInternal=64.6  External=303.1  RepInternal=53.1  Total=420.8
--------------------------------------------------------------------------------
2026-02-06 17:00:44.697 [new] ID=16407 Seq=1 ReqRX:Y ReqTX:- RepRX:- RepTX:-
2026-02-06 17:00:44.697 [update] ID=16407 Seq=1 ReqRX:Y ReqTX:Y RepRX:- RepTX:-
2026-02-06 17:00:44.698 [update] ID=16407 Seq=1 ReqRX:Y ReqTX:Y RepRX:Y RepTX:-
2026-02-06 17:00:44.698 [complete] ID=16407 Seq=1 ReqRX:Y ReqTX:Y RepRX:Y RepTX:Y
  Latency(us): ReqInternal=74.6  External=395.9  RepInternal=52.7  Total=523.2
--------------------------------------------------------------------------------
2026-02-06 17:00:45.703 [new] ID=16407 Seq=2 ReqRX:Y ReqTX:- RepRX:- RepTX:-
2026-02-06 17:00:45.703 [update] ID=16407 Seq=2 ReqRX:Y ReqTX:Y RepRX:- RepTX:-
2026-02-06 17:00:45.703 [update] ID=16407 Seq=2 ReqRX:Y ReqTX:Y RepRX:Y RepTX:-
2026-02-06 17:00:45.703 [complete] ID=16407 Seq=2 ReqRX:Y ReqTX:Y RepRX:Y RepTX:Y
  Latency(us): ReqInternal=44.4  External=359.7  RepInternal=52.0  Total=456.1
--------------------------------------------------------------------------------
2026-02-06 17:00:46.709 [new] ID=16407 Seq=3 ReqRX:Y ReqTX:- RepRX:- RepTX:-
2026-02-06 17:00:46.709 [update] ID=16407 Seq=3 ReqRX:Y ReqTX:Y RepRX:- RepTX:-
2026-02-06 17:00:46.709 [update] ID=16407 Seq=3 ReqRX:Y ReqTX:Y RepRX:Y RepTX:-
2026-02-06 17:00:46.709 [complete] ID=16407 Seq=3 ReqRX:Y ReqTX:Y RepRX:Y RepTX:Y
  Latency(us): ReqInternal=49.7  External=345.7  RepInternal=52.0  Total=447.4
--------------------------------------------------------------------------------
2026-02-06 17:00:47.714 [new] ID=16407 Seq=4 ReqRX:Y ReqTX:- RepRX:- RepTX:-
2026-02-06 17:00:47.714 [update] ID=16407 Seq=4 ReqRX:Y ReqTX:Y RepRX:- RepTX:-
2026-02-06 17:00:47.714 [update] ID=16407 Seq=4 ReqRX:Y ReqTX:Y RepRX:Y RepTX:-
2026-02-06 17:00:47.714 [complete] ID=16407 Seq=4 ReqRX:Y ReqTX:Y RepRX:Y RepTX:Y
  Latency(us): ReqInternal=52.2  External=343.9  RepInternal=53.7  Total=449.8
--------------------------------------------------------------------------------
2026-02-06 17:00:48.720 [new] ID=16407 Seq=5 ReqRX:Y ReqTX:- RepRX:- RepTX:-
2026-02-06 17:00:48.720 [update] ID=16407 Seq=5 ReqRX:Y ReqTX:Y RepRX:- RepTX:-
2026-02-06 17:00:48.720 [update] ID=16407 Seq=5 ReqRX:Y ReqTX:Y RepRX:Y RepTX:-
2026-02-06 17:00:48.720 [complete] ID=16407 Seq=5 ReqRX:Y ReqTX:Y RepRX:Y RepTX:Y
  Latency(us): ReqInternal=56.5  External=586.5  RepInternal=60.9  Total=703.9
--------------------------------------------------------------------------------
2026-02-06 17:00:50.795 [new] ID=16408 Seq=1 ReqRX:Y ReqTX:- RepRX:- RepTX:-
2026-02-06 17:00:50.795 [update] ID=16408 Seq=1 ReqRX:Y ReqTX:Y RepRX:- RepTX:-
2026-02-06 17:00:50.795 [update] ID=16408 Seq=1 ReqRX:Y ReqTX:Y RepRX:Y RepTX:-
2026-02-06 17:00:50.795 [complete] ID=16408 Seq=1 ReqRX:Y ReqTX:Y RepRX:Y RepTX:Y
  Latency(us): ReqInternal=65.3  External=324.7  RepInternal=62.6  Total=452.7
--------------------------------------------------------------------------------

Detaching...

=== ICMP Flow Statistics ===
Total flows tracked: 22
Complete flows: 20
Request internal drops: 0
External drops: 2
Reply internal drops: 0
