=== ICMP Drop Detector ===
Source IP: 192.168.77.83
Destination IP: 192.168.76.244
RX Interface(s): vnet35(ifindex=62)
TX Interface(s): enp24s0f0np0(ifindex=3)
Timeout: 1000 ms

Flow path:
  [0] Request RX at vnet35
  [1] Request TX at enp24s0f0np0
  [2] Reply RX at enp24s0f0np0
  [3] Reply TX at vnet35

Tracing... Hit Ctrl-C to end.

2026-02-05 17:58:18.617 [new] ID=3122 Seq=1 ReqRX:Y ReqTX:- RepRX:- RepTX:-
2026-02-05 17:58:18.867 [new] ID=3121 Seq=6 ReqRX:Y ReqTX:- RepRX:- RepTX:-
2026-02-05 17:58:18.867 [update] ID=3121 Seq=6 ReqRX:Y ReqTX:Y RepRX:- RepTX:-
2026-02-05 17:58:18.867 [update] ID=3121 Seq=6 ReqRX:Y ReqTX:Y RepRX:Y RepTX:-
2026-02-05 17:58:18.867 [complete] ID=3121 Seq=6 ReqRX:Y ReqTX:Y RepRX:Y RepTX:Y
  Latency(us): ReqInternal=64.8  External=316.4  RepInternal=59.0  Total=440.2
--------------------------------------------------------------------------------
2026-02-05 17:58:19.635 [new] ID=3122 Seq=2 ReqRX:Y ReqTX:- RepRX:- RepTX:-
2026-02-05 17:58:19.635 [update] ID=3122 Seq=2 ReqRX:Y ReqTX:Y RepRX:- RepTX:-
2026-02-05 17:58:19.635 [update] ID=3122 Seq=2 ReqRX:Y ReqTX:Y RepRX:Y RepTX:-
2026-02-05 17:58:19.635 [complete] ID=3122 Seq=2 ReqRX:Y ReqTX:Y RepRX:Y RepTX:Y
  Latency(us): ReqInternal=89.9  External=285.4  RepInternal=54.0  Total=429.3
--------------------------------------------------------------------------------
2026-02-05 17:58:19.891 [new] ID=3121 Seq=7 ReqRX:Y ReqTX:- RepRX:- RepTX:-
2026-02-05 17:58:19.891 [update] ID=3121 Seq=7 ReqRX:Y ReqTX:Y RepRX:- RepTX:-
2026-02-05 17:58:19.891 [update] ID=3121 Seq=7 ReqRX:Y ReqTX:Y RepRX:Y RepTX:-
2026-02-05 17:58:19.891 [complete] ID=3121 Seq=7 ReqRX:Y ReqTX:Y RepRX:Y RepTX:Y
  Latency(us): ReqInternal=60.8  External=239.2  RepInternal=45.6  Total=345.6
--------------------------------------------------------------------------------

=== ICMP Drop Detected: 2026-02-05 17:58:20.593 ===
Flow: 192.168.77.83 -> 192.168.76.244 (ID=3122, Seq=1)
  [0] ReqRX: recorded
  [1] ReqTX: MISSING
  [2] RepRX: MISSING
  [3] RepTX: MISSING

Drop Location: Request dropped INTERNALLY
  Request received at vnet35 but NOT sent from enp24s0f0np0
2026-02-05 17:58:20.659 [new] ID=3122 Seq=3 ReqRX:Y ReqTX:- RepRX:- RepTX:-
2026-02-05 17:58:20.659 [update] ID=3122 Seq=3 ReqRX:Y ReqTX:Y RepRX:- RepTX:-
2026-02-05 17:58:20.659 [update] ID=3122 Seq=3 ReqRX:Y ReqTX:Y RepRX:Y RepTX:-
2026-02-05 17:58:20.659 [complete] ID=3122 Seq=3 ReqRX:Y ReqTX:Y RepRX:Y RepTX:Y
  Latency(us): ReqInternal=49.6  External=252.2  RepInternal=45.9  Total=347.7
--------------------------------------------------------------------------------
2026-02-05 17:58:20.915 [new] ID=3121 Seq=8 ReqRX:Y ReqTX:- RepRX:- RepTX:-
2026-02-05 17:58:21.683 [new] ID=3122 Seq=4 ReqRX:Y ReqTX:- RepRX:- RepTX:-
2026-02-05 17:58:21.683 [update] ID=3122 Seq=4 ReqRX:Y ReqTX:Y RepRX:- RepTX:-
2026-02-05 17:58:21.683 [update] ID=3122 Seq=4 ReqRX:Y ReqTX:Y RepRX:Y RepTX:-
2026-02-05 17:58:21.683 [complete] ID=3122 Seq=4 ReqRX:Y ReqTX:Y RepRX:Y RepTX:Y
  Latency(us): ReqInternal=72.0  External=254.0  RepInternal=55.8  Total=381.8
--------------------------------------------------------------------------------
2026-02-05 17:58:21.939 [new] ID=3121 Seq=9 ReqRX:Y ReqTX:- RepRX:- RepTX:-

=== ICMP Drop Detected: 2026-02-05 17:58:22.641 ===
Flow: 192.168.77.83 -> 192.168.76.244 (ID=3121, Seq=8)
  [0] ReqRX: recorded
  [1] ReqTX: MISSING
  [2] RepRX: MISSING
  [3] RepTX: MISSING

Drop Location: Request dropped INTERNALLY
  Request received at vnet35 but NOT sent from enp24s0f0np0
2026-02-05 17:58:22.707 [new] ID=3122 Seq=5 ReqRX:Y ReqTX:- RepRX:- RepTX:-
2026-02-05 17:58:22.707 [update] ID=3122 Seq=5 ReqRX:Y ReqTX:Y RepRX:- RepTX:-
2026-02-05 17:58:22.707 [update] ID=3122 Seq=5 ReqRX:Y ReqTX:Y RepRX:Y RepTX:-
2026-02-05 17:58:22.707 [complete] ID=3122 Seq=5 ReqRX:Y ReqTX:Y RepRX:Y RepTX:Y
  Latency(us): ReqInternal=64.0  External=233.3  RepInternal=54.2  Total=351.5
--------------------------------------------------------------------------------
2026-02-05 17:58:22.963 [new] ID=3121 Seq=10 ReqRX:Y ReqTX:- RepRX:- RepTX:-
2026-02-05 17:58:22.963 [update] ID=3121 Seq=10 ReqRX:Y ReqTX:Y RepRX:- RepTX:-
2026-02-05 17:58:22.963 [update] ID=3121 Seq=10 ReqRX:Y ReqTX:Y RepRX:Y RepTX:-
2026-02-05 17:58:22.963 [complete] ID=3121 Seq=10 ReqRX:Y ReqTX:Y RepRX:Y RepTX:Y
  Latency(us): ReqInternal=59.7  External=238.3  RepInternal=45.2  Total=343.2
--------------------------------------------------------------------------------

=== ICMP Drop Detected: 2026-02-05 17:58:23.666 ===
Flow: 192.168.77.83 -> 192.168.76.244 (ID=3121, Seq=9)
  [0] ReqRX: recorded
  [1] ReqTX: MISSING
  [2] RepRX: MISSING
  [3] RepTX: MISSING

Drop Location: Request dropped INTERNALLY
  Request received at vnet35 but NOT sent from enp24s0f0np0
2026-02-05 17:58:23.987 [new] ID=3121 Seq=11 ReqRX:Y ReqTX:- RepRX:- RepTX:-
2026-02-05 17:58:23.987 [update] ID=3121 Seq=11 ReqRX:Y ReqTX:Y RepRX:- RepTX:-
2026-02-05 17:58:23.987 [update] ID=3121 Seq=11 ReqRX:Y ReqTX:Y RepRX:Y RepTX:-
2026-02-05 17:58:23.987 [complete] ID=3121 Seq=11 ReqRX:Y ReqTX:Y RepRX:Y RepTX:Y
  Latency(us): ReqInternal=54.4  External=217.1  RepInternal=41.1  Total=312.6
--------------------------------------------------------------------------------
2026-02-05 17:58:25.011 [new] ID=3121 Seq=12 ReqRX:Y ReqTX:- RepRX:- RepTX:-
2026-02-05 17:58:25.722 [new] ID=3123 Seq=1 ReqRX:Y ReqTX:- RepRX:- RepTX:-
2026-02-05 17:58:25.722 [update] ID=3123 Seq=1 ReqRX:Y ReqTX:Y RepRX:- RepTX:-
2026-02-05 17:58:25.722 [update] ID=3123 Seq=1 ReqRX:Y ReqTX:Y RepRX:Y RepTX:-
2026-02-05 17:58:25.722 [complete] ID=3123 Seq=1 ReqRX:Y ReqTX:Y RepRX:Y RepTX:Y
  Latency(us): ReqInternal=83.0  External=547.2  RepInternal=49.1  Total=679.4
--------------------------------------------------------------------------------
2026-02-05 17:58:26.035 [new] ID=3121 Seq=13 ReqRX:Y ReqTX:- RepRX:- RepTX:-
2026-02-05 17:58:26.035 [update] ID=3121 Seq=13 ReqRX:Y ReqTX:Y RepRX:- RepTX:-
2026-02-05 17:58:26.035 [update] ID=3121 Seq=13 ReqRX:Y ReqTX:Y RepRX:Y RepTX:-
2026-02-05 17:58:26.035 [complete] ID=3121 Seq=13 ReqRX:Y ReqTX:Y RepRX:Y RepTX:Y
  Latency(us): ReqInternal=56.1  External=250.9  RepInternal=54.7  Total=361.7
--------------------------------------------------------------------------------

=== ICMP Drop Detected: 2026-02-05 17:58:26.737 ===
Flow: 192.168.77.83 -> 192.168.76.244 (ID=3121, Seq=12)
  [0] ReqRX: recorded
  [1] ReqTX: MISSING
  [2] RepRX: MISSING
  [3] RepTX: MISSING

Drop Location: Request dropped INTERNALLY
  Request received at vnet35 but NOT sent from enp24s0f0np0
2026-02-05 17:58:26.739 [new] ID=3123 Seq=2 ReqRX:Y ReqTX:- RepRX:- RepTX:-
2026-02-05 17:58:26.739 [update] ID=3123 Seq=2 ReqRX:Y ReqTX:Y RepRX:- RepTX:-
2026-02-05 17:58:26.739 [update] ID=3123 Seq=2 ReqRX:Y ReqTX:Y RepRX:Y RepTX:-
2026-02-05 17:58:26.739 [complete] ID=3123 Seq=2 ReqRX:Y ReqTX:Y RepRX:Y RepTX:Y
  Latency(us): ReqInternal=60.9  External=254.0  RepInternal=43.9  Total=358.7
--------------------------------------------------------------------------------
2026-02-05 17:58:27.059 [new] ID=3121 Seq=14 ReqRX:Y ReqTX:- RepRX:- RepTX:-
2026-02-05 17:58:27.059 [update] ID=3121 Seq=14 ReqRX:Y ReqTX:Y RepRX:- RepTX:-
2026-02-05 17:58:27.059 [update] ID=3121 Seq=14 ReqRX:Y ReqTX:Y RepRX:Y RepTX:-
2026-02-05 17:58:27.059 [complete] ID=3121 Seq=14 ReqRX:Y ReqTX:Y RepRX:Y RepTX:Y
  Latency(us): ReqInternal=84.3  External=240.1  RepInternal=52.0  Total=376.4
--------------------------------------------------------------------------------
2026-02-05 17:58:27.763 [new] ID=3123 Seq=3 ReqRX:Y ReqTX:- RepRX:- RepTX:-
2026-02-05 17:58:27.763 [update] ID=3123 Seq=3 ReqRX:Y ReqTX:Y RepRX:- RepTX:-
2026-02-05 17:58:27.763 [update] ID=3123 Seq=3 ReqRX:Y ReqTX:Y RepRX:Y RepTX:-
2026-02-05 17:58:27.763 [complete] ID=3123 Seq=3 ReqRX:Y ReqTX:Y RepRX:Y RepTX:Y
  Latency(us): ReqInternal=61.6  External=264.8  RepInternal=40.0  Total=366.3
--------------------------------------------------------------------------------
2026-02-05 17:58:28.083 [new] ID=3121 Seq=15 ReqRX:Y ReqTX:- RepRX:- RepTX:-
2026-02-05 17:58:28.083 [update] ID=3121 Seq=15 ReqRX:Y ReqTX:Y RepRX:- RepTX:-
2026-02-05 17:58:28.087 [update] ID=3121 Seq=15 ReqRX:Y ReqTX:Y RepRX:Y RepTX:-
2026-02-05 17:58:28.087 [complete] ID=3121 Seq=15 ReqRX:Y ReqTX:Y RepRX:Y RepTX:Y
  Latency(us): ReqInternal=62.4  External=426.4  RepInternal=61.2  Total=550.0
--------------------------------------------------------------------------------
2026-02-05 17:58:28.787 [new] ID=3123 Seq=4 ReqRX:Y ReqTX:- RepRX:- RepTX:-
2026-02-05 17:58:28.787 [update] ID=3123 Seq=4 ReqRX:Y ReqTX:Y RepRX:- RepTX:-
2026-02-05 17:58:28.787 [update] ID=3123 Seq=4 ReqRX:Y ReqTX:Y RepRX:Y RepTX:-
2026-02-05 17:58:28.787 [complete] ID=3123 Seq=4 ReqRX:Y ReqTX:Y RepRX:Y RepTX:Y
  Latency(us): ReqInternal=62.4  External=239.5  RepInternal=37.8  Total=339.7
--------------------------------------------------------------------------------
2026-02-05 17:58:29.107 [new] ID=3121 Seq=16 ReqRX:Y ReqTX:- RepRX:- RepTX:-
2026-02-05 17:58:29.107 [update] ID=3121 Seq=16 ReqRX:Y ReqTX:Y RepRX:- RepTX:-
2026-02-05 17:58:29.107 [update] ID=3121 Seq=16 ReqRX:Y ReqTX:Y RepRX:Y RepTX:-
2026-02-05 17:58:29.107 [complete] ID=3121 Seq=16 ReqRX:Y ReqTX:Y RepRX:Y RepTX:Y
  Latency(us): ReqInternal=65.0  External=259.6  RepInternal=62.1  Total=386.8
--------------------------------------------------------------------------------
2026-02-05 17:58:29.812 [new] ID=3123 Seq=5 ReqRX:Y ReqTX:- RepRX:- RepTX:-
2026-02-05 17:58:30.131 [new] ID=3121 Seq=17 ReqRX:Y ReqTX:- RepRX:- RepTX:-
2026-02-05 17:58:30.131 [update] ID=3121 Seq=17 ReqRX:Y ReqTX:Y RepRX:- RepTX:-
2026-02-05 17:58:30.131 [update] ID=3121 Seq=17 ReqRX:Y ReqTX:Y RepRX:Y RepTX:-
2026-02-05 17:58:30.131 [complete] ID=3121 Seq=17 ReqRX:Y ReqTX:Y RepRX:Y RepTX:Y
  Latency(us): ReqInternal=56.7  External=365.6  RepInternal=56.8  Total=479.1
--------------------------------------------------------------------------------

=== ICMP Drop Detected: 2026-02-05 17:58:30.834 ===
Flow: 192.168.77.83 -> 192.168.76.244 (ID=3123, Seq=5)
  [0] ReqRX: recorded
  [1] ReqTX: MISSING
  [2] RepRX: MISSING
  [3] RepTX: MISSING

Drop Location: Request dropped INTERNALLY
  Request received at vnet35 but NOT sent from enp24s0f0np0
2026-02-05 17:58:31.155 [new] ID=3121 Seq=18 ReqRX:Y ReqTX:- RepRX:- RepTX:-
2026-02-05 17:58:31.155 [update] ID=3121 Seq=18 ReqRX:Y ReqTX:Y RepRX:- RepTX:-
2026-02-05 17:58:31.155 [update] ID=3121 Seq=18 ReqRX:Y ReqTX:Y RepRX:Y RepTX:-
2026-02-05 17:58:31.155 [complete] ID=3121 Seq=18 ReqRX:Y ReqTX:Y RepRX:Y RepTX:Y
  Latency(us): ReqInternal=59.7  External=249.6  RepInternal=57.1  Total=366.4
--------------------------------------------------------------------------------
2026-02-05 17:58:32.179 [new] ID=3121 Seq=19 ReqRX:Y ReqTX:- RepRX:- RepTX:-
2026-02-05 17:58:32.179 [update] ID=3121 Seq=19 ReqRX:Y ReqTX:Y RepRX:- RepTX:-
2026-02-05 17:58:32.180 [update] ID=3121 Seq=19 ReqRX:Y ReqTX:Y RepRX:Y RepTX:-
2026-02-05 17:58:32.180 [complete] ID=3121 Seq=19 ReqRX:Y ReqTX:Y RepRX:Y RepTX:Y
  Latency(us): ReqInternal=59.0  External=288.0  RepInternal=51.3  Total=398.2
--------------------------------------------------------------------------------
2026-02-05 17:58:32.829 [new] ID=3124 Seq=1 ReqRX:Y ReqTX:- RepRX:- RepTX:-
2026-02-05 17:58:32.829 [update] ID=3124 Seq=1 ReqRX:Y ReqTX:Y RepRX:- RepTX:-
2026-02-05 17:58:33.204 [new] ID=3121 Seq=20 ReqRX:Y ReqTX:- RepRX:- RepTX:-
2026-02-05 17:58:33.843 [new] ID=3124 Seq=2 ReqRX:Y ReqTX:- RepRX:- RepTX:-

=== ICMP Drop Detected: 2026-02-05 17:58:33.943 ===
Flow: 192.168.77.83 -> 192.168.76.244 (ID=3124, Seq=1)
  [0] ReqRX: recorded
  [1] ReqTX: recorded
  [2] RepRX: MISSING
  [3] RepTX: MISSING

Drop Location: EXTERNAL (network or peer)
  Request sent from enp24s0f0np0 but Reply NOT received at enp24s0f0np0
2026-02-05 17:58:34.227 [new] ID=3121 Seq=21 ReqRX:Y ReqTX:- RepRX:- RepTX:-
2026-02-05 17:58:34.867 [new] ID=3124 Seq=3 ReqRX:Y ReqTX:- RepRX:- RepTX:-
2026-02-05 17:58:34.867 [update] ID=3124 Seq=3 ReqRX:Y ReqTX:Y RepRX:- RepTX:-
2026-02-05 17:58:34.867 [update] ID=3124 Seq=3 ReqRX:Y ReqTX:Y RepRX:Y RepTX:-
2026-02-05 17:58:34.867 [complete] ID=3124 Seq=3 ReqRX:Y ReqTX:Y RepRX:Y RepTX:Y
  Latency(us): ReqInternal=58.2  External=325.2  RepInternal=51.8  Total=435.3
--------------------------------------------------------------------------------

=== ICMP Drop Detected: 2026-02-05 17:58:34.968 ===
Flow: 192.168.77.83 -> 192.168.76.244 (ID=3121, Seq=20)
  [0] ReqRX: recorded
  [1] ReqTX: MISSING
  [2] RepRX: MISSING
  [3] RepTX: MISSING

Drop Location: Request dropped INTERNALLY
  Request received at vnet35 but NOT sent from enp24s0f0np0

=== ICMP Drop Detected: 2026-02-05 17:58:34.968 ===
Flow: 192.168.77.83 -> 192.168.76.244 (ID=3124, Seq=2)
  [0] ReqRX: recorded
  [1] ReqTX: MISSING
  [2] RepRX: MISSING
  [3] RepTX: MISSING

Drop Location: Request dropped INTERNALLY
  Request received at vnet35 but NOT sent from enp24s0f0np0
2026-02-05 17:58:35.251 [new] ID=3121 Seq=22 ReqRX:Y ReqTX:- RepRX:- RepTX:-
2026-02-05 17:58:35.891 [new] ID=3124 Seq=4 ReqRX:Y ReqTX:- RepRX:- RepTX:-
2026-02-05 17:58:35.891 [update] ID=3124 Seq=4 ReqRX:Y ReqTX:Y RepRX:- RepTX:-
2026-02-05 17:58:35.891 [update] ID=3124 Seq=4 ReqRX:Y ReqTX:Y RepRX:Y RepTX:-
2026-02-05 17:58:35.891 [complete] ID=3124 Seq=4 ReqRX:Y ReqTX:Y RepRX:Y RepTX:Y
  Latency(us): ReqInternal=61.0  External=258.1  RepInternal=48.4  Total=367.5
--------------------------------------------------------------------------------

=== ICMP Drop Detected: 2026-02-05 17:58:35.991 ===
Flow: 192.168.77.83 -> 192.168.76.244 (ID=3121, Seq=21)
  [0] ReqRX: recorded
  [1] ReqTX: MISSING
  [2] RepRX: MISSING
  [3] RepTX: MISSING

Drop Location: Request dropped INTERNALLY
  Request received at vnet35 but NOT sent from enp24s0f0np0
2026-02-05 17:58:36.275 [new] ID=3121 Seq=23 ReqRX:Y ReqTX:- RepRX:- RepTX:-
2026-02-05 17:58:36.275 [update] ID=3121 Seq=23 ReqRX:Y ReqTX:Y RepRX:- RepTX:-
2026-02-05 17:58:36.275 [update] ID=3121 Seq=23 ReqRX:Y ReqTX:Y RepRX:Y RepTX:-
2026-02-05 17:58:36.275 [complete] ID=3121 Seq=23 ReqRX:Y ReqTX:Y RepRX:Y RepTX:Y
  Latency(us): ReqInternal=60.2  External=229.4  RepInternal=51.1  Total=340.7
--------------------------------------------------------------------------------
2026-02-05 17:58:36.915 [new] ID=3124 Seq=5 ReqRX:Y ReqTX:- RepRX:- RepTX:-
2026-02-05 17:58:36.915 [update] ID=3124 Seq=5 ReqRX:Y ReqTX:Y RepRX:- RepTX:-
2026-02-05 17:58:36.915 [update] ID=3124 Seq=5 ReqRX:Y ReqTX:Y RepRX:Y RepTX:-
2026-02-05 17:58:36.915 [complete] ID=3124 Seq=5 ReqRX:Y ReqTX:Y RepRX:Y RepTX:Y
  Latency(us): ReqInternal=61.0  External=280.8  RepInternal=49.8  Total=391.6
--------------------------------------------------------------------------------

=== ICMP Drop Detected: 2026-02-05 17:58:37.016 ===
Flow: 192.168.77.83 -> 192.168.76.244 (ID=3121, Seq=22)
  [0] ReqRX: recorded
  [1] ReqTX: MISSING
  [2] RepRX: MISSING
  [3] RepTX: MISSING

Drop Location: Request dropped INTERNALLY
  Request received at vnet35 but NOT sent from enp24s0f0np0
2026-02-05 17:58:37.299 [new] ID=3121 Seq=24 ReqRX:Y ReqTX:- RepRX:- RepTX:-
2026-02-05 17:58:37.299 [update] ID=3121 Seq=24 ReqRX:Y ReqTX:Y RepRX:- RepTX:-
2026-02-05 17:58:37.299 [update] ID=3121 Seq=24 ReqRX:Y ReqTX:Y RepRX:Y RepTX:-
2026-02-05 17:58:37.299 [complete] ID=3121 Seq=24 ReqRX:Y ReqTX:Y RepRX:Y RepTX:Y
  Latency(us): ReqInternal=60.5  External=232.8  RepInternal=45.0  Total=338.3
--------------------------------------------------------------------------------
2026-02-05 17:58:38.323 [new] ID=3121 Seq=25 ReqRX:Y ReqTX:- RepRX:- RepTX:-
2026-02-05 17:58:38.323 [update] ID=3121 Seq=25 ReqRX:Y ReqTX:Y RepRX:- RepTX:-
2026-02-05 17:58:38.323 [update] ID=3121 Seq=25 ReqRX:Y ReqTX:Y RepRX:Y RepTX:-
2026-02-05 17:58:38.323 [complete] ID=3121 Seq=25 ReqRX:Y ReqTX:Y RepRX:Y RepTX:Y
  Latency(us): ReqInternal=52.5  External=260.4  RepInternal=42.5  Total=355.3
--------------------------------------------------------------------------------
2026-02-05 17:58:39.347 [new] ID=3121 Seq=26 ReqRX:Y ReqTX:- RepRX:- RepTX:-
2026-02-05 17:58:39.347 [update] ID=3121 Seq=26 ReqRX:Y ReqTX:Y RepRX:- RepTX:-
2026-02-05 17:58:39.347 [update] ID=3121 Seq=26 ReqRX:Y ReqTX:Y RepRX:Y RepTX:-
2026-02-05 17:58:39.347 [complete] ID=3121 Seq=26 ReqRX:Y ReqTX:Y RepRX:Y RepTX:Y
  Latency(us): ReqInternal=62.1  External=235.7  RepInternal=51.7  Total=349.5
--------------------------------------------------------------------------------
2026-02-05 17:58:39.929 [new] ID=3125 Seq=1 ReqRX:Y ReqTX:- RepRX:- RepTX:-
2026-02-05 17:58:39.929 [update] ID=3125 Seq=1 ReqRX:Y ReqTX:Y RepRX:- RepTX:-
2026-02-05 17:58:39.930 [update] ID=3125 Seq=1 ReqRX:Y ReqTX:Y RepRX:Y RepTX:-
2026-02-05 17:58:39.930 [complete] ID=3125 Seq=1 ReqRX:Y ReqTX:Y RepRX:Y RepTX:Y
  Latency(us): ReqInternal=78.0  External=272.2  RepInternal=42.7  Total=393.0
--------------------------------------------------------------------------------
2026-02-05 17:58:40.371 [new] ID=3121 Seq=27 ReqRX:Y ReqTX:- RepRX:- RepTX:-
2026-02-05 17:58:40.371 [update] ID=3121 Seq=27 ReqRX:Y ReqTX:Y RepRX:- RepTX:-
2026-02-05 17:58:40.371 [update] ID=3121 Seq=27 ReqRX:Y ReqTX:Y RepRX:Y RepTX:-
2026-02-05 17:58:40.371 [complete] ID=3121 Seq=27 ReqRX:Y ReqTX:Y RepRX:Y RepTX:Y
  Latency(us): ReqInternal=54.9  External=246.3  RepInternal=42.8  Total=344.0
--------------------------------------------------------------------------------
2026-02-05 17:58:40.947 [new] ID=3125 Seq=2 ReqRX:Y ReqTX:- RepRX:- RepTX:-
2026-02-05 17:58:41.395 [new] ID=3121 Seq=28 ReqRX:Y ReqTX:- RepRX:- RepTX:-
2026-02-05 17:58:41.395 [update] ID=3121 Seq=28 ReqRX:Y ReqTX:Y RepRX:- RepTX:-
2026-02-05 17:58:41.971 [new] ID=3125 Seq=3 ReqRX:Y ReqTX:- RepRX:- RepTX:-

=== ICMP Drop Detected: 2026-02-05 17:58:42.171 ===
Flow: 192.168.77.83 -> 192.168.76.244 (ID=3125, Seq=2)
  [0] ReqRX: recorded
  [1] ReqTX: MISSING
  [2] RepRX: MISSING
  [3] RepTX: MISSING

Drop Location: Request dropped INTERNALLY
  Request received at vnet35 but NOT sent from enp24s0f0np0
2026-02-05 17:58:42.419 [new] ID=3121 Seq=29 ReqRX:Y ReqTX:- RepRX:- RepTX:-
2026-02-05 17:58:42.419 [update] ID=3121 Seq=29 ReqRX:Y ReqTX:Y RepRX:- RepTX:-
2026-02-05 17:58:42.419 [update] ID=3121 Seq=29 ReqRX:Y ReqTX:Y RepRX:Y RepTX:-
2026-02-05 17:58:42.419 [complete] ID=3121 Seq=29 ReqRX:Y ReqTX:Y RepRX:Y RepTX:Y
  Latency(us): ReqInternal=53.5  External=250.7  RepInternal=50.6  Total=354.7
--------------------------------------------------------------------------------
2026-02-05 17:58:42.995 [new] ID=3125 Seq=4 ReqRX:Y ReqTX:- RepRX:- RepTX:-
2026-02-05 17:58:42.995 [update] ID=3125 Seq=4 ReqRX:Y ReqTX:Y RepRX:- RepTX:-
2026-02-05 17:58:42.995 [update] ID=3125 Seq=4 ReqRX:Y ReqTX:Y RepRX:Y RepTX:-
2026-02-05 17:58:42.995 [complete] ID=3125 Seq=4 ReqRX:Y ReqTX:Y RepRX:Y RepTX:Y
  Latency(us): ReqInternal=55.3  External=246.1  RepInternal=45.1  Total=346.6
--------------------------------------------------------------------------------

=== ICMP Drop Detected: 2026-02-05 17:58:43.196 ===
Flow: 192.168.77.83 -> 192.168.76.244 (ID=3121, Seq=28)
  [0] ReqRX: recorded
  [1] ReqTX: recorded
  [2] RepRX: MISSING
  [3] RepTX: MISSING

Drop Location: EXTERNAL (network or peer)
  Request sent from enp24s0f0np0 but Reply NOT received at enp24s0f0np0

=== ICMP Drop Detected: 2026-02-05 17:58:43.196 ===
Flow: 192.168.77.83 -> 192.168.76.244 (ID=3125, Seq=3)
  [0] ReqRX: recorded
  [1] ReqTX: MISSING
  [2] RepRX: MISSING
  [3] RepTX: MISSING

Drop Location: Request dropped INTERNALLY
  Request received at vnet35 but NOT sent from enp24s0f0np0
2026-02-05 17:58:43.443 [new] ID=3121 Seq=30 ReqRX:Y ReqTX:- RepRX:- RepTX:-
2026-02-05 17:58:43.443 [update] ID=3121 Seq=30 ReqRX:Y ReqTX:Y RepRX:- RepTX:-
2026-02-05 17:58:43.443 [update] ID=3121 Seq=30 ReqRX:Y ReqTX:Y RepRX:Y RepTX:-
2026-02-05 17:58:43.443 [complete] ID=3121 Seq=30 ReqRX:Y ReqTX:Y RepRX:Y RepTX:Y
  Latency(us): ReqInternal=76.4  External=309.1  RepInternal=53.6  Total=439.0
--------------------------------------------------------------------------------
2026-02-05 17:58:44.019 [new] ID=3125 Seq=5 ReqRX:Y ReqTX:- RepRX:- RepTX:-
2026-02-05 17:58:44.019 [update] ID=3125 Seq=5 ReqRX:Y ReqTX:Y RepRX:- RepTX:-
2026-02-05 17:58:44.019 [update] ID=3125 Seq=5 ReqRX:Y ReqTX:Y RepRX:Y RepTX:-
2026-02-05 17:58:44.019 [complete] ID=3125 Seq=5 ReqRX:Y ReqTX:Y RepRX:Y RepTX:Y
  Latency(us): ReqInternal=49.7  External=231.4  RepInternal=39.3  Total=320.4
--------------------------------------------------------------------------------
2026-02-05 17:58:44.467 [new] ID=3121 Seq=31 ReqRX:Y ReqTX:- RepRX:- RepTX:-
2026-02-05 17:58:44.467 [update] ID=3121 Seq=31 ReqRX:Y ReqTX:Y RepRX:- RepTX:-
2026-02-05 17:58:44.467 [update] ID=3121 Seq=31 ReqRX:Y ReqTX:Y RepRX:Y RepTX:-
2026-02-05 17:58:44.467 [complete] ID=3121 Seq=31 ReqRX:Y ReqTX:Y RepRX:Y RepTX:Y
  Latency(us): ReqInternal=48.9  External=248.1  RepInternal=52.5  Total=349.5
--------------------------------------------------------------------------------
2026-02-05 17:58:45.491 [new] ID=3121 Seq=32 ReqRX:Y ReqTX:- RepRX:- RepTX:-

Detaching...

=== ICMP Flow Statistics ===
Total flows tracked: 47
Complete flows: 33
Request internal drops: 11
External drops: 2
Reply internal drops: 0
