=== ICMP Drop Detector ===
Source IP: 192.168.77.83
Destination IP: 192.168.76.244
RX Interface(s): enp24s0f0np0(ifindex=3)
TX Interface(s): vnet130(ifindex=196)
Timeout: 1000 ms

Flow path:
  [0] Request RX at enp24s0f0np0
  [1] Request TX at vnet130
  [2] Reply RX at vnet130
  [3] Reply TX at enp24s0f0np0

Tracing... Hit Ctrl-C to end.

2026-02-05 18:37:02.149 [new] ID=3471 Seq=4 ReqRX:Y ReqTX:- RepRX:- RepTX:-
2026-02-05 18:37:02.149 [update] ID=3471 Seq=4 ReqRX:Y ReqTX:Y RepRX:- RepTX:-
2026-02-05 18:37:03.152 [new] ID=3471 Seq=5 ReqRX:Y ReqTX:- RepRX:- RepTX:-
2026-02-05 18:37:03.152 [update] ID=3471 Seq=5 ReqRX:Y ReqTX:Y RepRX:- RepTX:-
2026-02-05 18:37:03.152 [update] ID=3471 Seq=5 ReqRX:Y ReqTX:Y RepRX:Y RepTX:-
2026-02-05 18:37:03.152 [complete] ID=3471 Seq=5 ReqRX:Y ReqTX:Y RepRX:Y RepTX:Y
  Latency(us): ReqInternal=55.3  External=208.5  RepInternal=43.3  Total=307.2
--------------------------------------------------------------------------------

=== ICMP Drop Detected: 2026-02-05 18:37:03.565 ===
Flow: 192.168.77.83 -> 192.168.76.244 (ID=3471, Seq=4)
  [0] ReqRX: recorded
  [1] ReqTX: recorded
  [2] RepRX: MISSING
  [3] RepTX: MISSING

Drop Location: EXTERNAL (network or peer)
  Request sent from vnet130 but Reply NOT received at vnet130
2026-02-05 18:37:05.228 [new] ID=3472 Seq=1 ReqRX:Y ReqTX:- RepRX:- RepTX:-
2026-02-05 18:37:05.228 [update] ID=3472 Seq=1 ReqRX:Y ReqTX:Y RepRX:- RepTX:-
2026-02-05 18:37:05.228 [update] ID=3472 Seq=1 ReqRX:Y ReqTX:Y RepRX:Y RepTX:-
2026-02-05 18:37:05.228 [complete] ID=3472 Seq=1 ReqRX:Y ReqTX:Y RepRX:Y RepTX:Y
  Latency(us): ReqInternal=112.5  External=178.8  RepInternal=53.1  Total=344.4
--------------------------------------------------------------------------------
2026-02-05 18:37:06.233 [new] ID=3472 Seq=2 ReqRX:Y ReqTX:- RepRX:- RepTX:-
2026-02-05 18:37:06.233 [update] ID=3472 Seq=2 ReqRX:Y ReqTX:Y RepRX:- RepTX:-
2026-02-05 18:37:06.234 [update] ID=3472 Seq=2 ReqRX:Y ReqTX:Y RepRX:Y RepTX:-
2026-02-05 18:37:06.234 [complete] ID=3472 Seq=2 ReqRX:Y ReqTX:Y RepRX:Y RepTX:Y
  Latency(us): ReqInternal=78.5  External=163.6  RepInternal=58.7  Total=300.9
--------------------------------------------------------------------------------
2026-02-05 18:37:07.234 [new] ID=3472 Seq=3 ReqRX:Y ReqTX:- RepRX:- RepTX:-
2026-02-05 18:37:07.234 [update] ID=3472 Seq=3 ReqRX:Y ReqTX:Y RepRX:- RepTX:-
2026-02-05 18:37:07.234 [update] ID=3472 Seq=3 ReqRX:Y ReqTX:Y RepRX:Y RepTX:-
2026-02-05 18:37:07.234 [complete] ID=3472 Seq=3 ReqRX:Y ReqTX:Y RepRX:Y RepTX:Y
  Latency(us): ReqInternal=68.2  External=195.6  RepInternal=52.6  Total=316.4
--------------------------------------------------------------------------------
2026-02-05 18:37:08.238 [new] ID=3472 Seq=4 ReqRX:Y ReqTX:- RepRX:- RepTX:-
2026-02-05 18:37:08.238 [update] ID=3472 Seq=4 ReqRX:Y ReqTX:Y RepRX:- RepTX:-
2026-02-05 18:37:08.238 [update] ID=3472 Seq=4 ReqRX:Y ReqTX:Y RepRX:Y RepTX:-
2026-02-05 18:37:08.238 [complete] ID=3472 Seq=4 ReqRX:Y ReqTX:Y RepRX:Y RepTX:Y
  Latency(us): ReqInternal=70.6  External=166.8  RepInternal=40.7  Total=278.2
--------------------------------------------------------------------------------
2026-02-05 18:37:09.239 [new] ID=3472 Seq=5 ReqRX:Y ReqTX:- RepRX:- RepTX:-
2026-02-05 18:37:09.239 [update] ID=3472 Seq=5 ReqRX:Y ReqTX:Y RepRX:- RepTX:-
2026-02-05 18:37:09.240 [update] ID=3472 Seq=5 ReqRX:Y ReqTX:Y RepRX:Y RepTX:-
2026-02-05 18:37:09.240 [complete] ID=3472 Seq=5 ReqRX:Y ReqTX:Y RepRX:Y RepTX:Y
  Latency(us): ReqInternal=83.2  External=173.0  RepInternal=57.3  Total=313.5
--------------------------------------------------------------------------------
2026-02-05 18:37:11.315 [new] ID=3473 Seq=1 ReqRX:Y ReqTX:- RepRX:- RepTX:-
2026-02-05 18:37:11.315 [update] ID=3473 Seq=1 ReqRX:Y ReqTX:Y RepRX:- RepTX:-
2026-02-05 18:37:11.315 [update] ID=3473 Seq=1 ReqRX:Y ReqTX:Y RepRX:Y RepTX:-
2026-02-05 18:37:11.315 [complete] ID=3473 Seq=1 ReqRX:Y ReqTX:Y RepRX:Y RepTX:Y
  Latency(us): ReqInternal=125.2  External=240.0  RepInternal=60.7  Total=425.9
--------------------------------------------------------------------------------
2026-02-05 18:37:12.320 [new] ID=3473 Seq=2 ReqRX:Y ReqTX:- RepRX:- RepTX:-
2026-02-05 18:37:12.320 [update] ID=3473 Seq=2 ReqRX:Y ReqTX:Y RepRX:- RepTX:-
2026-02-05 18:37:12.320 [update] ID=3473 Seq=2 ReqRX:Y ReqTX:Y RepRX:Y RepTX:-
2026-02-05 18:37:12.320 [complete] ID=3473 Seq=2 ReqRX:Y ReqTX:Y RepRX:Y RepTX:Y
  Latency(us): ReqInternal=88.5  External=190.3  RepInternal=49.1  Total=327.8
--------------------------------------------------------------------------------
2026-02-05 18:37:13.326 [new] ID=3473 Seq=3 ReqRX:Y ReqTX:- RepRX:- RepTX:-
2026-02-05 18:37:13.326 [update] ID=3473 Seq=3 ReqRX:Y ReqTX:Y RepRX:- RepTX:-
2026-02-05 18:37:13.326 [update] ID=3473 Seq=3 ReqRX:Y ReqTX:Y RepRX:Y RepTX:-
2026-02-05 18:37:13.326 [complete] ID=3473 Seq=3 ReqRX:Y ReqTX:Y RepRX:Y RepTX:Y
  Latency(us): ReqInternal=81.7  External=226.2  RepInternal=64.5  Total=372.3
--------------------------------------------------------------------------------
2026-02-05 18:37:14.331 [new] ID=3473 Seq=4 ReqRX:Y ReqTX:- RepRX:- RepTX:-
2026-02-05 18:37:14.331 [update] ID=3473 Seq=4 ReqRX:Y ReqTX:Y RepRX:- RepTX:-
2026-02-05 18:37:14.331 [update] ID=3473 Seq=4 ReqRX:Y ReqTX:Y RepRX:Y RepTX:-
2026-02-05 18:37:14.332 [complete] ID=3473 Seq=4 ReqRX:Y ReqTX:Y RepRX:Y RepTX:Y
  Latency(us): ReqInternal=87.0  External=189.3  RepInternal=72.2  Total=348.5
--------------------------------------------------------------------------------
2026-02-05 18:37:15.337 [new] ID=3473 Seq=5 ReqRX:Y ReqTX:- RepRX:- RepTX:-
2026-02-05 18:37:15.337 [update] ID=3473 Seq=5 ReqRX:Y ReqTX:Y RepRX:- RepTX:-
2026-02-05 18:37:15.337 [update] ID=3473 Seq=5 ReqRX:Y ReqTX:Y RepRX:Y RepTX:-
2026-02-05 18:37:15.337 [complete] ID=3473 Seq=5 ReqRX:Y ReqTX:Y RepRX:Y RepTX:Y
  Latency(us): ReqInternal=78.2  External=190.6  RepInternal=60.1  Total=329.0
--------------------------------------------------------------------------------
2026-02-05 18:37:17.413 [new] ID=3474 Seq=1 ReqRX:Y ReqTX:- RepRX:- RepTX:-
2026-02-05 18:37:17.413 [update] ID=3474 Seq=1 ReqRX:Y ReqTX:Y RepRX:- RepTX:-
2026-02-05 18:37:17.413 [update] ID=3474 Seq=1 ReqRX:Y ReqTX:Y RepRX:Y RepTX:-
2026-02-05 18:37:17.413 [complete] ID=3474 Seq=1 ReqRX:Y ReqTX:Y RepRX:Y RepTX:Y
  Latency(us): ReqInternal=114.3  External=184.7  RepInternal=57.8  Total=356.9
--------------------------------------------------------------------------------
2026-02-05 18:37:18.419 [new] ID=3474 Seq=2 ReqRX:Y ReqTX:- RepRX:- RepTX:-
2026-02-05 18:37:18.419 [update] ID=3474 Seq=2 ReqRX:Y ReqTX:Y RepRX:- RepTX:-
2026-02-05 18:37:18.419 [update] ID=3474 Seq=2 ReqRX:Y ReqTX:Y RepRX:Y RepTX:-
2026-02-05 18:37:18.419 [complete] ID=3474 Seq=2 ReqRX:Y ReqTX:Y RepRX:Y RepTX:Y
  Latency(us): ReqInternal=93.6  External=217.4  RepInternal=55.6  Total=366.6
--------------------------------------------------------------------------------
2026-02-05 18:37:19.424 [new] ID=3474 Seq=3 ReqRX:Y ReqTX:- RepRX:- RepTX:-
2026-02-05 18:37:19.425 [update] ID=3474 Seq=3 ReqRX:Y ReqTX:Y RepRX:- RepTX:-
2026-02-05 18:37:19.425 [update] ID=3474 Seq=3 ReqRX:Y ReqTX:Y RepRX:Y RepTX:-
2026-02-05 18:37:19.425 [complete] ID=3474 Seq=3 ReqRX:Y ReqTX:Y RepRX:Y RepTX:Y
  Latency(us): ReqInternal=82.0  External=224.4  RepInternal=58.9  Total=365.2
--------------------------------------------------------------------------------
2026-02-05 18:37:20.435 [new] ID=3474 Seq=4 ReqRX:Y ReqTX:- RepRX:- RepTX:-
2026-02-05 18:37:20.435 [update] ID=3474 Seq=4 ReqRX:Y ReqTX:Y RepRX:- RepTX:-
2026-02-05 18:37:20.435 [update] ID=3474 Seq=4 ReqRX:Y ReqTX:Y RepRX:Y RepTX:-
2026-02-05 18:37:20.435 [complete] ID=3474 Seq=4 ReqRX:Y ReqTX:Y RepRX:Y RepTX:Y
  Latency(us): ReqInternal=67.9  External=167.3  RepInternal=62.4  Total=297.6
--------------------------------------------------------------------------------
2026-02-05 18:37:21.435 [new] ID=3474 Seq=5 ReqRX:Y ReqTX:- RepRX:- RepTX:-
2026-02-05 18:37:21.435 [update] ID=3474 Seq=5 ReqRX:Y ReqTX:Y RepRX:- RepTX:-
2026-02-05 18:37:21.436 [update] ID=3474 Seq=5 ReqRX:Y ReqTX:Y RepRX:Y RepTX:-
2026-02-05 18:37:21.436 [complete] ID=3474 Seq=5 ReqRX:Y ReqTX:Y RepRX:Y RepTX:Y
  Latency(us): ReqInternal=81.8  External=177.7  RepInternal=54.7  Total=314.3
--------------------------------------------------------------------------------
2026-02-05 18:37:23.509 [new] ID=3475 Seq=1 ReqRX:Y ReqTX:- RepRX:- RepTX:-
2026-02-05 18:37:23.510 [update] ID=3475 Seq=1 ReqRX:Y ReqTX:Y RepRX:- RepTX:-
2026-02-05 18:37:23.510 [update] ID=3475 Seq=1 ReqRX:Y ReqTX:Y RepRX:Y RepTX:-
2026-02-05 18:37:23.510 [complete] ID=3475 Seq=1 ReqRX:Y ReqTX:Y RepRX:Y RepTX:Y
  Latency(us): ReqInternal=127.1  External=197.6  RepInternal=52.7  Total=377.4
--------------------------------------------------------------------------------
2026-02-05 18:37:24.515 [new] ID=3475 Seq=2 ReqRX:Y ReqTX:- RepRX:- RepTX:-
2026-02-05 18:37:24.515 [update] ID=3475 Seq=2 ReqRX:Y ReqTX:Y RepRX:- RepTX:-
2026-02-05 18:37:24.515 [update] ID=3475 Seq=2 ReqRX:Y ReqTX:Y RepRX:Y RepTX:-
2026-02-05 18:37:24.515 [complete] ID=3475 Seq=2 ReqRX:Y ReqTX:Y RepRX:Y RepTX:Y
  Latency(us): ReqInternal=80.3  External=183.6  RepInternal=49.3  Total=313.2
--------------------------------------------------------------------------------
2026-02-05 18:37:25.521 [new] ID=3475 Seq=3 ReqRX:Y ReqTX:- RepRX:- RepTX:-
2026-02-05 18:37:25.521 [update] ID=3475 Seq=3 ReqRX:Y ReqTX:Y RepRX:- RepTX:-
2026-02-05 18:37:25.522 [update] ID=3475 Seq=3 ReqRX:Y ReqTX:Y RepRX:Y RepTX:-
2026-02-05 18:37:25.522 [complete] ID=3475 Seq=3 ReqRX:Y ReqTX:Y RepRX:Y RepTX:Y
  Latency(us): ReqInternal=74.0  External=192.4  RepInternal=58.0  Total=324.4
--------------------------------------------------------------------------------
2026-02-05 18:37:26.526 [new] ID=3475 Seq=4 ReqRX:Y ReqTX:- RepRX:- RepTX:-
2026-02-05 18:37:26.526 [update] ID=3475 Seq=4 ReqRX:Y ReqTX:Y RepRX:- RepTX:-
2026-02-05 18:37:26.526 [update] ID=3475 Seq=4 ReqRX:Y ReqTX:Y RepRX:Y RepTX:-
2026-02-05 18:37:26.526 [complete] ID=3475 Seq=4 ReqRX:Y ReqTX:Y RepRX:Y RepTX:Y
  Latency(us): ReqInternal=61.9  External=155.1  RepInternal=77.7  Total=294.6
--------------------------------------------------------------------------------
2026-02-05 18:37:27.531 [new] ID=3475 Seq=5 ReqRX:Y ReqTX:- RepRX:- RepTX:-
2026-02-05 18:37:27.531 [update] ID=3475 Seq=5 ReqRX:Y ReqTX:Y RepRX:- RepTX:-
2026-02-05 18:37:27.532 [update] ID=3475 Seq=5 ReqRX:Y ReqTX:Y RepRX:Y RepTX:-
2026-02-05 18:37:27.532 [complete] ID=3475 Seq=5 ReqRX:Y ReqTX:Y RepRX:Y RepTX:Y
  Latency(us): ReqInternal=79.0  External=103.6  RepInternal=54.4  Total=237.0
--------------------------------------------------------------------------------

Detaching...

=== ICMP Flow Statistics ===
Total flows tracked: 22
Complete flows: 21
Request internal drops: 0
External drops: 1
Reply internal drops: 0
