Auto-detecting QEMU PID for device vnet130...
QEMU PID: 43272
Found 8 vhost threads: [51210, 51211, 51212, 51213, 51214, 51215, 51216, 51217]
Device filter: vnet130
Target vhost TIDs: [51210, 51211, 51212, 51213, 51214, 51215, 51216, 51217]
Flow filter: proto=icmp,src=192.168.76.244,dst=192.168.77.83

Warmup: 2s (learning eventfds)...
Warmup complete.

Tracing... Hit Ctrl+C to end.
[18:37:08.239] tid=51217 queue=7 s0=9us s1=4us s2=12us total=25us
[18:37:09.240] tid=51217 queue=7 s0=10us s1=5us s2=19us total=34us
[18:37:11.316] tid=51217 queue=7 s0=12us s1=5us s2=18us total=35us
[18:37:12.320] tid=51217 queue=7 s0=9us s1=4us s2=17us total=30us
[18:37:13.326] tid=51217 queue=7 s0=18us s1=11us s2=20us total=49us
[18:37:14.331] tid=51217 queue=7 s0=16us s1=5us s2=21us total=42us
[18:37:15.337] tid=51217 queue=7 s0=18us s1=9us s2=17us total=44us
[18:37:17.413] tid=51217 queue=7 s0=10us s1=4us s2=19us total=33us
[18:37:18.419] tid=51217 queue=7 s0=16us s1=10us s2=22us total=48us
[18:37:19.425] tid=51217 queue=7 s0=35us s1=4us s2=21us total=60us
[18:37:20.438] tid=51217 queue=7 s0=10us s1=4us s2=21us total=35us
[18:37:21.435] tid=51217 queue=7 s0=12us s1=4us s2=16us total=32us
[18:37:23.510] tid=51217 queue=7 s0=13us s1=4us s2=13us total=30us
[18:37:24.516] tid=51217 queue=7 s0=14us s1=4us s2=14us total=32us
[18:37:25.522] tid=51217 queue=7 s0=11us s1=4us s2=18us total=33us
[18:37:26.526] tid=51217 queue=7 s0=10us s1=5us s2=21us total=36us
[18:37:27.532] tid=51217 queue=7 s0=9us s1=4us s2=18us total=31us

============================================================
Summary Statistics
============================================================
S0 (ioeventfd->kick):   cnt=      17  avg=      13.6us
S1 (kick->sendmsg):     cnt=      17  avg=       5.3us
S2 (sendmsg->receive):  cnt=      17  avg=      18.1us
Total chain:            cnt=      17  avg=      37.0us
