=== Kernel ICMP RTT Tracer ===
Trace Direction: RX
Ping Session: 192.168.77.83 -> 192.168.76.244
Local IP: 192.168.76.244 (0xc0a84cf4)
Remote IP: 192.168.77.83 (0xc0a84d53)
Monitoring interface(s): ens4(ifindex=4)

BPF program loaded successfully

Verifying probe attachments:
  [OK] ip_local_out found in kallsyms
  [OK] __ip_local_out found in kallsyms
  [OK] ip_rcv found in kallsyms
  [OK] icmp_rcv found in kallsyms
  [OK] netif_receive_skb tracepoint exists
  [OK] net_dev_xmit tracepoint exists

Tracing ICMP RTT (src=192.168.77.83, dst=192.168.76.244, dir=rx) ... Hit Ctrl-C to end.
================================================================================
=== ICMP RTT Trace: 2026-02-05 04:37:01.186 (RX (Remote -> Local)) ===
Session: 192.168.77.83 -> 192.168.76.244 (ID: 3471, Seq: 3)
Path 1 (Request: RX from 192.168.77.83)      : PID=0      COMM=swapper/7    IF=ens4       ICMP_Type=8
Path 2 (Reply:   TX to 192.168.77.83)        : PID=0      COMM=swapper/7    IF=unknown    ICMP_Type=0

SKB Pointers:
  Stage 0 (P1 (netif_receive_skb)                  ): 0xffff96c4036f4b00
  Stage 2 (P1 (icmp_rcv)                           ): 0xffff96c4036f4b00
  Stage 4 (P2 (ip_local_out)                       ): 0xffff96c4036f4e00
  Stage 5 (P2 (net_dev_xmit)                       ): 0xffff96c4036f4e00

Path 1 Latencies (us):
  [0->2] P1 (netif_receive_skb)                   -> P1 (icmp_rcv)                           :  43.185 us
  Total Path 1:  43.185 us

Path 2 Latencies (us):
  [4->5] P2 (ip_local_out)                        -> P2 (net_dev_xmit)                       :  20.937 us
  Total Path 2:  20.937 us

Total RTT (Path1 Start to Path2 End):  79.114 us
Inter-Path Latency (P1 end -> P2 start):  14.992 us
================================================================================

================================================================================
=== ICMP RTT Trace: 2026-02-05 04:37:02.192 (RX (Remote -> Local)) ===
Session: 192.168.77.83 -> 192.168.76.244 (ID: 3471, Seq: 4)
Path 1 (Request: RX from 192.168.77.83)      : PID=0      COMM=swapper/7    IF=ens4       ICMP_Type=8
Path 2 (Reply:   TX to 192.168.77.83)        : PID=0      COMM=swapper/7    IF=unknown    ICMP_Type=0

SKB Pointers:
  Stage 0 (P1 (netif_receive_skb)                  ): 0xffff96c4036f5e00
  Stage 2 (P1 (icmp_rcv)                           ): 0xffff96c4036f5e00
  Stage 4 (P2 (ip_local_out)                       ): 0xffff96c4036f4900
  Stage 5 (P2 (net_dev_xmit)                       ): 0xffff96c4036f4900

Path 1 Latencies (us):
  [0->2] P1 (netif_receive_skb)                   -> P1 (icmp_rcv)                           :  42.203 us
  Total Path 1:  42.203 us

Path 2 Latencies (us):
  [4->5] P2 (ip_local_out)                        -> P2 (net_dev_xmit)                       :  23.415 us
  Total Path 2:  23.415 us

Total RTT (Path1 Start to Path2 End):  81.083 us
Inter-Path Latency (P1 end -> P2 start):  15.465 us
================================================================================

================================================================================
=== ICMP RTT Trace: 2026-02-05 04:37:03.195 (RX (Remote -> Local)) ===
Session: 192.168.77.83 -> 192.168.76.244 (ID: 3471, Seq: 5)
Path 1 (Request: RX from 192.168.77.83)      : PID=0      COMM=swapper/7    IF=ens4       ICMP_Type=8
Path 2 (Reply:   TX to 192.168.77.83)        : PID=0      COMM=swapper/7    IF=unknown    ICMP_Type=0

SKB Pointers:
  Stage 0 (P1 (netif_receive_skb)                  ): 0xffff96c4036f5400
  Stage 2 (P1 (icmp_rcv)                           ): 0xffff96c4036f5400
  Stage 4 (P2 (ip_local_out)                       ): 0xffff96c4036f5800
  Stage 5 (P2 (net_dev_xmit)                       ): 0xffff96c4036f5800

Path 1 Latencies (us):
  [0->2] P1 (netif_receive_skb)                   -> P1 (icmp_rcv)                           :  51.555 us
  Total Path 1:  51.555 us

Path 2 Latencies (us):
  [4->5] P2 (ip_local_out)                        -> P2 (net_dev_xmit)                       :  27.049 us
  Total Path 2:  27.049 us

Total RTT (Path1 Start to Path2 End):  96.390 us
Inter-Path Latency (P1 end -> P2 start):  17.786 us
================================================================================

================================================================================
=== ICMP RTT Trace: 2026-02-05 04:37:05.272 (RX (Remote -> Local)) ===
Session: 192.168.77.83 -> 192.168.76.244 (ID: 3472, Seq: 1)
Path 1 (Request: RX from 192.168.77.83)      : PID=0      COMM=swapper/7    IF=ens4       ICMP_Type=8
Path 2 (Reply:   TX to 192.168.77.83)        : PID=0      COMM=swapper/7    IF=unknown    ICMP_Type=0

SKB Pointers:
  Stage 0 (P1 (netif_receive_skb)                  ): 0xffff96c4036f5600
  Stage 2 (P1 (icmp_rcv)                           ): 0xffff96c4036f5600
  Stage 4 (P2 (ip_local_out)                       ): 0xffff96c4036f4400
  Stage 5 (P2 (net_dev_xmit)                       ): 0xffff96c4036f4400

Path 1 Latencies (us):
  [0->2] P1 (netif_receive_skb)                   -> P1 (icmp_rcv)                           :  67.031 us
  Total Path 1:  67.031 us

Path 2 Latencies (us):
  [4->5] P2 (ip_local_out)                        -> P2 (net_dev_xmit)                       :  28.764 us
  Total Path 2:  28.764 us

Total RTT (Path1 Start to Path2 End): 110.072 us
Inter-Path Latency (P1 end -> P2 start):  14.277 us
================================================================================

================================================================================
=== ICMP RTT Trace: 2026-02-05 04:37:06.277 (RX (Remote -> Local)) ===
Session: 192.168.77.83 -> 192.168.76.244 (ID: 3472, Seq: 2)
Path 1 (Request: RX from 192.168.77.83)      : PID=0      COMM=swapper/7    IF=ens4       ICMP_Type=8
Path 2 (Reply:   TX to 192.168.77.83)        : PID=0      COMM=swapper/7    IF=unknown    ICMP_Type=0

SKB Pointers:
  Stage 0 (P1 (netif_receive_skb)                  ): 0xffff96c4036f4600
  Stage 2 (P1 (icmp_rcv)                           ): 0xffff96c4036f4600
  Stage 4 (P2 (ip_local_out)                       ): 0xffff96c4036f4700
  Stage 5 (P2 (net_dev_xmit)                       ): 0xffff96c4036f4700

Path 1 Latencies (us):
  [0->2] P1 (netif_receive_skb)                   -> P1 (icmp_rcv)                           :  41.092 us
  Total Path 1:  41.092 us

Path 2 Latencies (us):
  [4->5] P2 (ip_local_out)                        -> P2 (net_dev_xmit)                       :  31.879 us
  Total Path 2:  31.879 us

Total RTT (Path1 Start to Path2 End):  91.183 us
Inter-Path Latency (P1 end -> P2 start):  18.212 us
================================================================================

================================================================================
=== ICMP RTT Trace: 2026-02-05 04:37:07.277 (RX (Remote -> Local)) ===
Session: 192.168.77.83 -> 192.168.76.244 (ID: 3472, Seq: 3)
Path 1 (Request: RX from 192.168.77.83)      : PID=0      COMM=swapper/7    IF=ens4       ICMP_Type=8
Path 2 (Reply:   TX to 192.168.77.83)        : PID=0      COMM=swapper/7    IF=unknown    ICMP_Type=0

SKB Pointers:
  Stage 0 (P1 (netif_receive_skb)                  ): 0xffff96c4036f5200
  Stage 2 (P1 (icmp_rcv)                           ): 0xffff96c4036f5200
  Stage 4 (P2 (ip_local_out)                       ): 0xffff96c4036f5000
  Stage 5 (P2 (net_dev_xmit)                       ): 0xffff96c4036f5000

Path 1 Latencies (us):
  [0->2] P1 (netif_receive_skb)                   -> P1 (icmp_rcv)                           :  54.410 us
  Total Path 1:  54.410 us

Path 2 Latencies (us):
  [4->5] P2 (ip_local_out)                        -> P2 (net_dev_xmit)                       :  43.428 us
  Total Path 2:  43.428 us

Total RTT (Path1 Start to Path2 End): 113.866 us
Inter-Path Latency (P1 end -> P2 start):  16.028 us
================================================================================

================================================================================
=== ICMP RTT Trace: 2026-02-05 04:37:08.282 (RX (Remote -> Local)) ===
Session: 192.168.77.83 -> 192.168.76.244 (ID: 3472, Seq: 4)
Path 1 (Request: RX from 192.168.77.83)      : PID=0      COMM=swapper/7    IF=ens4       ICMP_Type=8
Path 2 (Reply:   TX to 192.168.77.83)        : PID=0      COMM=swapper/7    IF=unknown    ICMP_Type=0

SKB Pointers:
  Stage 0 (P1 (netif_receive_skb)                  ): 0xffff96c4036f5c00
  Stage 2 (P1 (icmp_rcv)                           ): 0xffff96c4036f5c00
  Stage 4 (P2 (ip_local_out)                       ): 0xffff96c4036f5d00
  Stage 5 (P2 (net_dev_xmit)                       ): 0xffff96c4036f5d00

Path 1 Latencies (us):
  [0->2] P1 (netif_receive_skb)                   -> P1 (icmp_rcv)                           :  44.762 us
  Total Path 1:  44.762 us

Path 2 Latencies (us):
  [4->5] P2 (ip_local_out)                        -> P2 (net_dev_xmit)                       :  28.210 us
  Total Path 2:  28.210 us

Total RTT (Path1 Start to Path2 End):  87.804 us
Inter-Path Latency (P1 end -> P2 start):  14.832 us
================================================================================

================================================================================
=== ICMP RTT Trace: 2026-02-05 04:37:09.283 (RX (Remote -> Local)) ===
Session: 192.168.77.83 -> 192.168.76.244 (ID: 3472, Seq: 5)
Path 1 (Request: RX from 192.168.77.83)      : PID=0      COMM=swapper/7    IF=ens4       ICMP_Type=8
Path 2 (Reply:   TX to 192.168.77.83)        : PID=0      COMM=swapper/7    IF=unknown    ICMP_Type=0

SKB Pointers:
  Stage 0 (P1 (netif_receive_skb)                  ): 0xffff96c4036f5c00
  Stage 2 (P1 (icmp_rcv)                           ): 0xffff96c4036f5c00
  Stage 4 (P2 (ip_local_out)                       ): 0xffff96c4036f5500
  Stage 5 (P2 (net_dev_xmit)                       ): 0xffff96c4036f5500

Path 1 Latencies (us):
  [0->2] P1 (netif_receive_skb)                   -> P1 (icmp_rcv)                           :  40.914 us
  Total Path 1:  40.914 us

Path 2 Latencies (us):
  [4->5] P2 (ip_local_out)                        -> P2 (net_dev_xmit)                       :  27.364 us
  Total Path 2:  27.364 us

Total RTT (Path1 Start to Path2 End):  83.401 us
Inter-Path Latency (P1 end -> P2 start):  15.123 us
================================================================================

================================================================================
=== ICMP RTT Trace: 2026-02-05 04:37:11.359 (RX (Remote -> Local)) ===
Session: 192.168.77.83 -> 192.168.76.244 (ID: 3473, Seq: 1)
Path 1 (Request: RX from 192.168.77.83)      : PID=0      COMM=swapper/7    IF=ens4       ICMP_Type=8
Path 2 (Reply:   TX to 192.168.77.83)        : PID=0      COMM=swapper/7    IF=unknown    ICMP_Type=0

SKB Pointers:
  Stage 0 (P1 (netif_receive_skb)                  ): 0xffff96c4036f4300
  Stage 2 (P1 (icmp_rcv)                           ): 0xffff96c4036f4300
  Stage 4 (P2 (ip_local_out)                       ): 0xffff96c4036f5600
  Stage 5 (P2 (net_dev_xmit)                       ): 0xffff96c4036f5600

Path 1 Latencies (us):
  [0->2] P1 (netif_receive_skb)                   -> P1 (icmp_rcv)                           :  80.231 us
  Total Path 1:  80.231 us

Path 2 Latencies (us):
  [4->5] P2 (ip_local_out)                        -> P2 (net_dev_xmit)                       :  34.544 us
  Total Path 2:  34.544 us

Total RTT (Path1 Start to Path2 End): 132.905 us
Inter-Path Latency (P1 end -> P2 start):  18.130 us
================================================================================

================================================================================
=== ICMP RTT Trace: 2026-02-05 04:37:12.364 (RX (Remote -> Local)) ===
Session: 192.168.77.83 -> 192.168.76.244 (ID: 3473, Seq: 2)
Path 1 (Request: RX from 192.168.77.83)      : PID=0      COMM=swapper/7    IF=ens4       ICMP_Type=8
Path 2 (Reply:   TX to 192.168.77.83)        : PID=0      COMM=swapper/7    IF=unknown    ICMP_Type=0

SKB Pointers:
  Stage 0 (P1 (netif_receive_skb)                  ): 0xffff96c4036f4800
  Stage 2 (P1 (icmp_rcv)                           ): 0xffff96c4036f4800
  Stage 4 (P2 (ip_local_out)                       ): 0xffff96c4036f4300
  Stage 5 (P2 (net_dev_xmit)                       ): 0xffff96c4036f4300

Path 1 Latencies (us):
  [0->2] P1 (netif_receive_skb)                   -> P1 (icmp_rcv)                           :  46.092 us
  Total Path 1:  46.092 us

Path 2 Latencies (us):
  [4->5] P2 (ip_local_out)                        -> P2 (net_dev_xmit)                       :  29.674 us
  Total Path 2:  29.674 us

Total RTT (Path1 Start to Path2 End):  91.152 us
Inter-Path Latency (P1 end -> P2 start):  15.386 us
================================================================================

================================================================================
=== ICMP RTT Trace: 2026-02-05 04:37:13.369 (RX (Remote -> Local)) ===
Session: 192.168.77.83 -> 192.168.76.244 (ID: 3473, Seq: 3)
Path 1 (Request: RX from 192.168.77.83)      : PID=0      COMM=swapper/7    IF=ens4       ICMP_Type=8
Path 2 (Reply:   TX to 192.168.77.83)        : PID=0      COMM=swapper/7    IF=unknown    ICMP_Type=0

SKB Pointers:
  Stage 0 (P1 (netif_receive_skb)                  ): 0xffff96c4036f5e00
  Stage 2 (P1 (icmp_rcv)                           ): 0xffff96c4036f5e00
  Stage 4 (P2 (ip_local_out)                       ): 0xffff96c4036f5400
  Stage 5 (P2 (net_dev_xmit)                       ): 0xffff96c4036f5400

Path 1 Latencies (us):
  [0->2] P1 (netif_receive_skb)                   -> P1 (icmp_rcv)                           :  46.691 us
  Total Path 1:  46.691 us

Path 2 Latencies (us):
  [4->5] P2 (ip_local_out)                        -> P2 (net_dev_xmit)                       :  38.722 us
  Total Path 2:  38.722 us

Total RTT (Path1 Start to Path2 End): 114.811 us
Inter-Path Latency (P1 end -> P2 start):  29.398 us
================================================================================

================================================================================
=== ICMP RTT Trace: 2026-02-05 04:37:14.375 (RX (Remote -> Local)) ===
Session: 192.168.77.83 -> 192.168.76.244 (ID: 3473, Seq: 4)
Path 1 (Request: RX from 192.168.77.83)      : PID=0      COMM=swapper/7    IF=ens4       ICMP_Type=8
Path 2 (Reply:   TX to 192.168.77.83)        : PID=0      COMM=swapper/7    IF=unknown    ICMP_Type=0

SKB Pointers:
  Stage 0 (P1 (netif_receive_skb)                  ): 0xffff96c446356900
  Stage 2 (P1 (icmp_rcv)                           ): 0xffff96c446356900
  Stage 4 (P2 (ip_local_out)                       ): 0xffff96c446356200
  Stage 5 (P2 (net_dev_xmit)                       ): 0xffff96c446356200

Path 1 Latencies (us):
  [0->2] P1 (netif_receive_skb)                   -> P1 (icmp_rcv)                           :  44.158 us
  Total Path 1:  44.158 us

Path 2 Latencies (us):
  [4->5] P2 (ip_local_out)                        -> P2 (net_dev_xmit)                       :  38.991 us
  Total Path 2:  38.991 us

Total RTT (Path1 Start to Path2 End): 100.093 us
Inter-Path Latency (P1 end -> P2 start):  16.944 us
================================================================================

================================================================================
=== ICMP RTT Trace: 2026-02-05 04:37:15.381 (RX (Remote -> Local)) ===
Session: 192.168.77.83 -> 192.168.76.244 (ID: 3473, Seq: 5)
Path 1 (Request: RX from 192.168.77.83)      : PID=0      COMM=swapper/7    IF=ens4       ICMP_Type=8
Path 2 (Reply:   TX to 192.168.77.83)        : PID=0      COMM=swapper/7    IF=unknown    ICMP_Type=0

SKB Pointers:
  Stage 0 (P1 (netif_receive_skb)                  ): 0xffff96c446356e00
  Stage 2 (P1 (icmp_rcv)                           ): 0xffff96c446356e00
  Stage 4 (P2 (ip_local_out)                       ): 0xffff96c446356400
  Stage 5 (P2 (net_dev_xmit)                       ): 0xffff96c446356400

Path 1 Latencies (us):
  [0->2] P1 (netif_receive_skb)                   -> P1 (icmp_rcv)                           :  40.021 us
  Total Path 1:  40.021 us

Path 2 Latencies (us):
  [4->5] P2 (ip_local_out)                        -> P2 (net_dev_xmit)                       :  34.676 us
  Total Path 2:  34.676 us

Total RTT (Path1 Start to Path2 End):  89.737 us
Inter-Path Latency (P1 end -> P2 start):  15.040 us
================================================================================

================================================================================
=== ICMP RTT Trace: 2026-02-05 04:37:17.457 (RX (Remote -> Local)) ===
Session: 192.168.77.83 -> 192.168.76.244 (ID: 3474, Seq: 1)
Path 1 (Request: RX from 192.168.77.83)      : PID=0      COMM=swapper/7    IF=ens4       ICMP_Type=8
Path 2 (Reply:   TX to 192.168.77.83)        : PID=0      COMM=swapper/7    IF=unknown    ICMP_Type=0

SKB Pointers:
  Stage 0 (P1 (netif_receive_skb)                  ): 0xffff96c446357a00
  Stage 2 (P1 (icmp_rcv)                           ): 0xffff96c446357a00
  Stage 4 (P2 (ip_local_out)                       ): 0xffff96c446356f00
  Stage 5 (P2 (net_dev_xmit)                       ): 0xffff96c446356f00

Path 1 Latencies (us):
  [0->2] P1 (netif_receive_skb)                   -> P1 (icmp_rcv)                           :  58.110 us
  Total Path 1:  58.110 us

Path 2 Latencies (us):
  [4->5] P2 (ip_local_out)                        -> P2 (net_dev_xmit)                       :  31.435 us
  Total Path 2:  31.435 us

Total RTT (Path1 Start to Path2 End): 104.023 us
Inter-Path Latency (P1 end -> P2 start):  14.478 us
================================================================================

================================================================================
=== ICMP RTT Trace: 2026-02-05 04:37:18.462 (RX (Remote -> Local)) ===
Session: 192.168.77.83 -> 192.168.76.244 (ID: 3474, Seq: 2)
Path 1 (Request: RX from 192.168.77.83)      : PID=0      COMM=swapper/7    IF=ens4       ICMP_Type=8
Path 2 (Reply:   TX to 192.168.77.83)        : PID=0      COMM=swapper/7    IF=unknown    ICMP_Type=0

SKB Pointers:
  Stage 0 (P1 (netif_receive_skb)                  ): 0xffff96c446357200
  Stage 2 (P1 (icmp_rcv)                           ): 0xffff96c446357200
  Stage 4 (P2 (ip_local_out)                       ): 0xffff96c446356800
  Stage 5 (P2 (net_dev_xmit)                       ): 0xffff96c446356800

Path 1 Latencies (us):
  [0->2] P1 (netif_receive_skb)                   -> P1 (icmp_rcv)                           :  41.596 us
  Total Path 1:  41.596 us

Path 2 Latencies (us):
  [4->5] P2 (ip_local_out)                        -> P2 (net_dev_xmit)                       :  28.715 us
  Total Path 2:  28.715 us

Total RTT (Path1 Start to Path2 End):  85.594 us
Inter-Path Latency (P1 end -> P2 start):  15.283 us
================================================================================

================================================================================
=== ICMP RTT Trace: 2026-02-05 04:37:19.468 (RX (Remote -> Local)) ===
Session: 192.168.77.83 -> 192.168.76.244 (ID: 3474, Seq: 3)
Path 1 (Request: RX from 192.168.77.83)      : PID=0      COMM=swapper/7    IF=ens4       ICMP_Type=8
Path 2 (Reply:   TX to 192.168.77.83)        : PID=0      COMM=swapper/7    IF=unknown    ICMP_Type=0

SKB Pointers:
  Stage 0 (P1 (netif_receive_skb)                  ): 0xffff96c446357e00
  Stage 2 (P1 (icmp_rcv)                           ): 0xffff96c446357e00
  Stage 4 (P2 (ip_local_out)                       ): 0xffff96c446357b00
  Stage 5 (P2 (net_dev_xmit)                       ): 0xffff96c446357b00

Path 1 Latencies (us):
  [0->2] P1 (netif_receive_skb)                   -> P1 (icmp_rcv)                           :  46.996 us
  Total Path 1:  46.996 us

Path 2 Latencies (us):
  [4->5] P2 (ip_local_out)                        -> P2 (net_dev_xmit)                       :  62.092 us
  Total Path 2:  62.092 us

Total RTT (Path1 Start to Path2 End): 126.926 us
Inter-Path Latency (P1 end -> P2 start):  17.838 us
================================================================================

================================================================================
=== ICMP RTT Trace: 2026-02-05 04:37:20.474 (RX (Remote -> Local)) ===
Session: 192.168.77.83 -> 192.168.76.244 (ID: 3474, Seq: 4)
Path 1 (Request: RX from 192.168.77.83)      : PID=0      COMM=swapper/7    IF=ens4       ICMP_Type=8
Path 2 (Reply:   TX to 192.168.77.83)        : PID=0      COMM=swapper/7    IF=unknown    ICMP_Type=0

SKB Pointers:
  Stage 0 (P1 (netif_receive_skb)                  ): 0xffff96c446356100
  Stage 2 (P1 (icmp_rcv)                           ): 0xffff96c446356100
  Stage 4 (P2 (ip_local_out)                       ): 0xffff96c446356200
  Stage 5 (P2 (net_dev_xmit)                       ): 0xffff96c446356200

Path 1 Latencies (us):
  [0->2] P1 (netif_receive_skb)                   -> P1 (icmp_rcv)                           :  40.489 us
  Total Path 1:  40.489 us

Path 2 Latencies (us):
  [4->5] P2 (ip_local_out)                        -> P2 (net_dev_xmit)                       :  30.457 us
  Total Path 2:  30.457 us

Total RTT (Path1 Start to Path2 End):  90.381 us
Inter-Path Latency (P1 end -> P2 start):  19.435 us
================================================================================

================================================================================
=== ICMP RTT Trace: 2026-02-05 04:37:21.479 (RX (Remote -> Local)) ===
Session: 192.168.77.83 -> 192.168.76.244 (ID: 3474, Seq: 5)
Path 1 (Request: RX from 192.168.77.83)      : PID=0      COMM=swapper/7    IF=ens4       ICMP_Type=8
Path 2 (Reply:   TX to 192.168.77.83)        : PID=0      COMM=swapper/7    IF=unknown    ICMP_Type=0

SKB Pointers:
  Stage 0 (P1 (netif_receive_skb)                  ): 0xffff96c446357b00
  Stage 2 (P1 (icmp_rcv)                           ): 0xffff96c446357b00
  Stage 4 (P2 (ip_local_out)                       ): 0xffff96c446356300
  Stage 5 (P2 (net_dev_xmit)                       ): 0xffff96c446356300

Path 1 Latencies (us):
  [0->2] P1 (netif_receive_skb)                   -> P1 (icmp_rcv)                           :  46.564 us
  Total Path 1:  46.564 us

Path 2 Latencies (us):
  [4->5] P2 (ip_local_out)                        -> P2 (net_dev_xmit)                       :  35.540 us
  Total Path 2:  35.540 us

Total RTT (Path1 Start to Path2 End): 101.704 us
Inter-Path Latency (P1 end -> P2 start):  19.600 us
================================================================================

================================================================================
=== ICMP RTT Trace: 2026-02-05 04:37:23.553 (RX (Remote -> Local)) ===
Session: 192.168.77.83 -> 192.168.76.244 (ID: 3475, Seq: 1)
Path 1 (Request: RX from 192.168.77.83)      : PID=0      COMM=swapper/7    IF=ens4       ICMP_Type=8
Path 2 (Reply:   TX to 192.168.77.83)        : PID=0      COMM=swapper/7    IF=unknown    ICMP_Type=0

SKB Pointers:
  Stage 0 (P1 (netif_receive_skb)                  ): 0xffff96c446357f00
  Stage 2 (P1 (icmp_rcv)                           ): 0xffff96c446357f00
  Stage 4 (P2 (ip_local_out)                       ): 0xffff96c446357100
  Stage 5 (P2 (net_dev_xmit)                       ): 0xffff96c446357100

Path 1 Latencies (us):
  [0->2] P1 (netif_receive_skb)                   -> P1 (icmp_rcv)                           :  65.426 us
  Total Path 1:  65.426 us

Path 2 Latencies (us):
  [4->5] P2 (ip_local_out)                        -> P2 (net_dev_xmit)                       :  35.722 us
  Total Path 2:  35.722 us

Total RTT (Path1 Start to Path2 End): 118.569 us
Inter-Path Latency (P1 end -> P2 start):  17.421 us
================================================================================

================================================================================
=== ICMP RTT Trace: 2026-02-05 04:37:24.559 (RX (Remote -> Local)) ===
Session: 192.168.77.83 -> 192.168.76.244 (ID: 3475, Seq: 2)
Path 1 (Request: RX from 192.168.77.83)      : PID=0      COMM=swapper/7    IF=ens4       ICMP_Type=8
Path 2 (Reply:   TX to 192.168.77.83)        : PID=0      COMM=swapper/7    IF=unknown    ICMP_Type=0

SKB Pointers:
  Stage 0 (P1 (netif_receive_skb)                  ): 0xffff96c446357700
  Stage 2 (P1 (icmp_rcv)                           ): 0xffff96c446357700
  Stage 4 (P2 (ip_local_out)                       ): 0xffff96c446357b00
  Stage 5 (P2 (net_dev_xmit)                       ): 0xffff96c446357b00

Path 1 Latencies (us):
  [0->2] P1 (netif_receive_skb)                   -> P1 (icmp_rcv)                           :  44.698 us
  Total Path 1:  44.698 us

Path 2 Latencies (us):
  [4->5] P2 (ip_local_out)                        -> P2 (net_dev_xmit)                       :  39.310 us
  Total Path 2:  39.310 us

Total RTT (Path1 Start to Path2 End): 102.138 us
Inter-Path Latency (P1 end -> P2 start):  18.130 us
================================================================================

================================================================================
=== ICMP RTT Trace: 2026-02-05 04:37:25.565 (RX (Remote -> Local)) ===
Session: 192.168.77.83 -> 192.168.76.244 (ID: 3475, Seq: 3)
Path 1 (Request: RX from 192.168.77.83)      : PID=0      COMM=swapper/7    IF=ens4       ICMP_Type=8
Path 2 (Reply:   TX to 192.168.77.83)        : PID=0      COMM=swapper/7    IF=unknown    ICMP_Type=0

SKB Pointers:
  Stage 0 (P1 (netif_receive_skb)                  ): 0xffff96c446357500
  Stage 2 (P1 (icmp_rcv)                           ): 0xffff96c446357500
  Stage 4 (P2 (ip_local_out)                       ): 0xffff96c446356f00
  Stage 5 (P2 (net_dev_xmit)                       ): 0xffff96c446356f00

Path 1 Latencies (us):
  [0->2] P1 (netif_receive_skb)                   -> P1 (icmp_rcv)                           :  42.726 us
  Total Path 1:  42.726 us

Path 2 Latencies (us):
  [4->5] P2 (ip_local_out)                        -> P2 (net_dev_xmit)                       :  33.460 us
  Total Path 2:  33.460 us

Total RTT (Path1 Start to Path2 End): 103.717 us
Inter-Path Latency (P1 end -> P2 start):  27.531 us
================================================================================

================================================================================
=== ICMP RTT Trace: 2026-02-05 04:37:26.569 (RX (Remote -> Local)) ===
Session: 192.168.77.83 -> 192.168.76.244 (ID: 3475, Seq: 4)
Path 1 (Request: RX from 192.168.77.83)      : PID=0      COMM=swapper/7    IF=ens4       ICMP_Type=8
Path 2 (Reply:   TX to 192.168.77.83)        : PID=0      COMM=swapper/7    IF=unknown    ICMP_Type=0

SKB Pointers:
  Stage 0 (P1 (netif_receive_skb)                  ): 0xffff96c446357700
  Stage 2 (P1 (icmp_rcv)                           ): 0xffff96c446357700
  Stage 4 (P2 (ip_local_out)                       ): 0xffff96c446356400
  Stage 5 (P2 (net_dev_xmit)                       ): 0xffff96c446356400

Path 1 Latencies (us):
  [0->2] P1 (netif_receive_skb)                   -> P1 (icmp_rcv)                           :  35.979 us
  Total Path 1:  35.979 us

Path 2 Latencies (us):
  [4->5] P2 (ip_local_out)                        -> P2 (net_dev_xmit)                       :  27.103 us
  Total Path 2:  27.103 us

Total RTT (Path1 Start to Path2 End):  77.787 us
Inter-Path Latency (P1 end -> P2 start):  14.705 us
================================================================================

Exiting.
Traceback (most recent call last):
  File "/tmp/kernel_icmp_rtt.py", line 1009, in <module>
    b.perf_buffer_poll()
  File "/usr/lib/python3.9/site-packages/bcc/__init__.py", line 1727, in perf_buffer_poll
    lib.perf_reader_poll(len(readers), readers, timeout)
KeyboardInterrupt

During handling of the above exception, another exception occurred:

Traceback (most recent call last):
  File "/tmp/kernel_icmp_rtt.py", line 1009, in <module>
    b.perf_buffer_poll()
KeyboardInterrupt
