=== Kernel ICMP RTT Tracer ===
Trace Direction: TX
Ping Session: 192.168.77.83 -> 192.168.76.244
Local IP: 192.168.77.83 (0xc0a84d53)
Remote IP: 192.168.76.244 (0xc0a84cf4)
Monitoring interface(s): ens4(ifindex=2)

BPF program loaded successfully

Verifying probe attachments:
  [OK] ip_local_out found in kallsyms
  [OK] __ip_local_out found in kallsyms
  [OK] ip_rcv found in kallsyms
  [OK] icmp_rcv found in kallsyms
  [OK] netif_receive_skb tracepoint exists
  [OK] net_dev_xmit tracepoint exists

Tracing ICMP RTT (src=192.168.77.83, dst=192.168.76.244, dir=tx) ... Hit Ctrl-C to end.
================================================================================
=== ICMP RTT Trace: 2026-02-05 04:37:01.143 (TX (Local -> Remote)) ===
Session: 192.168.77.83 -> 192.168.76.244 (ID: 3471, Seq: 3)
Path 1 (Request: TX to 192.168.76.244)       : PID=3699529 COMM=ping         IF=unknown    ICMP_Type=8
Path 2 (Reply:   RX from 192.168.76.244)     : PID=0      COMM=swapper/4    IF=ens4       ICMP_Type=0

SKB Pointers:
  Stage 0 (P1 (ip_local_out)                       ): 0xffff992262db3100
  Stage 1 (P1 (net_dev_xmit)                       ): 0xffff992262db3100
  Stage 3 (P2 (netif_receive_skb)                  ): 0xffff9921e1c2af00
  Stage 5 (P2 (icmp_rcv)                           ): 0xffff9921e1c2af00

Path 1 Latencies (us):
  [0->1] P1 (ip_local_out)                        -> P1 (net_dev_xmit)                       : 60097.578 us
  Total Path 1: 60097.578 us

Path 2 Latencies (us):
  [3->5] P2 (netif_receive_skb)                   -> P2 (icmp_rcv)                           :  36.798 us
  Total Path 2:  36.798 us

Total RTT (Path1 Start to Path2 End): 60531.344 us
Inter-Path Latency (P1 end -> P2 start): 396.968 us
================================================================================

================================================================================
=== ICMP RTT Trace: 2026-02-05 04:37:02.148 (TX (Local -> Remote)) ===
Session: 192.168.77.83 -> 192.168.76.244 (ID: 3471, Seq: 4)
Path 1 (Request: TX to 192.168.76.244)       : PID=3699529 COMM=ping         IF=unknown    ICMP_Type=8
Path 2 (Reply:   RX from 192.168.76.244)     : PID=0      COMM=swapper/3    IF=ens4       ICMP_Type=0

SKB Pointers:
  Stage 0 (P1 (ip_local_out)                       ): 0xffff9921e1c2bb00
  Stage 1 (P1 (net_dev_xmit)                       ): 0xffff9921e1c2bb00
  Stage 3 (P2 (netif_receive_skb)                  ): 0xffff9921e0f46b00
  Stage 5 (P2 (icmp_rcv)                           ): 0xffff9921e0f46b00

Path 1 Latencies (us):
  [0->1] P1 (ip_local_out)                        -> P1 (net_dev_xmit)                       : 60091.366 us
  Total Path 1: 60091.366 us

Path 2 Latencies (us):
  [3->5] P2 (netif_receive_skb)                   -> P2 (icmp_rcv)                           :  48.269 us
  Total Path 2:  48.269 us

Total RTT (Path1 Start to Path2 End): 60569.472 us
Inter-Path Latency (P1 end -> P2 start): 429.837 us
================================================================================

================================================================================
=== ICMP RTT Trace: 2026-02-05 04:37:03.152 (TX (Local -> Remote)) ===
Session: 192.168.77.83 -> 192.168.76.244 (ID: 3471, Seq: 5)
Path 1 (Request: TX to 192.168.76.244)       : PID=3699529 COMM=ping         IF=unknown    ICMP_Type=8
Path 2 (Reply:   RX from 192.168.76.244)     : PID=0      COMM=swapper/7    IF=ens4       ICMP_Type=0

SKB Pointers:
  Stage 0 (P1 (ip_local_out)                       ): 0xffff9921e0f47f00
  Stage 1 (P1 (net_dev_xmit)                       ): 0xffff9921e0f47f00
  Stage 3 (P2 (netif_receive_skb)                  ): 0xffff9921ec1d4e00
  Stage 5 (P2 (icmp_rcv)                           ): 0xffff9921ec1d4e00

Path 1 Latencies (us):
  [0->1] P1 (ip_local_out)                        -> P1 (net_dev_xmit)                       : 60104.655 us
  Total Path 1: 60104.655 us

Path 2 Latencies (us):
  [3->5] P2 (netif_receive_skb)                   -> P2 (icmp_rcv)                           :  58.781 us
  Total Path 2:  58.781 us

Total RTT (Path1 Start to Path2 End): 60644.940 us
Inter-Path Latency (P1 end -> P2 start): 481.504 us
================================================================================

================================================================================
=== ICMP RTT Trace: 2026-02-05 04:37:05.228 (TX (Local -> Remote)) ===
Session: 192.168.77.83 -> 192.168.76.244 (ID: 3472, Seq: 1)
Path 1 (Request: TX to 192.168.76.244)       : PID=3699530 COMM=ping         IF=unknown    ICMP_Type=8
Path 2 (Reply:   RX from 192.168.76.244)     : PID=0      COMM=swapper/7    IF=ens4       ICMP_Type=0

SKB Pointers:
  Stage 0 (P1 (ip_local_out)                       ): 0xffff9921ec1d4e00
  Stage 1 (P1 (net_dev_xmit)                       ): 0xffff9921ec1d4e00
  Stage 3 (P2 (netif_receive_skb)                  ): 0xffff9921ec1d5d00
  Stage 5 (P2 (icmp_rcv)                           ): 0xffff9921ec1d5d00

Path 1 Latencies (us):
  [0->1] P1 (ip_local_out)                        -> P1 (net_dev_xmit)                       : 60106.915 us
  Total Path 1: 60106.915 us

Path 2 Latencies (us):
  [3->5] P2 (netif_receive_skb)                   -> P2 (icmp_rcv)                           :  43.490 us
  Total Path 2:  43.490 us

Total RTT (Path1 Start to Path2 End): 60743.523 us
Inter-Path Latency (P1 end -> P2 start): 593.118 us
================================================================================

================================================================================
=== ICMP RTT Trace: 2026-02-05 04:37:06.234 (TX (Local -> Remote)) ===
Session: 192.168.77.83 -> 192.168.76.244 (ID: 3472, Seq: 2)
Path 1 (Request: TX to 192.168.76.244)       : PID=3699530 COMM=ping         IF=unknown    ICMP_Type=8
Path 2 (Reply:   RX from 192.168.76.244)     : PID=0      COMM=swapper/7    IF=ens4       ICMP_Type=0

SKB Pointers:
  Stage 0 (P1 (ip_local_out)                       ): 0xffff9921ec1d5d00
  Stage 1 (P1 (net_dev_xmit)                       ): 0xffff9921ec1d5d00
  Stage 3 (P2 (netif_receive_skb)                  ): 0xffff9921ec1d4100
  Stage 5 (P2 (icmp_rcv)                           ): 0xffff9921ec1d4100

Path 1 Latencies (us):
  [0->1] P1 (ip_local_out)                        -> P1 (net_dev_xmit)                       : 60104.065 us
  Total Path 1: 60104.065 us

Path 2 Latencies (us):
  [3->5] P2 (netif_receive_skb)                   -> P2 (icmp_rcv)                           :  37.856 us
  Total Path 2:  37.856 us

Total RTT (Path1 Start to Path2 End): 60676.445 us
Inter-Path Latency (P1 end -> P2 start): 534.524 us
================================================================================

================================================================================
=== ICMP RTT Trace: 2026-02-05 04:37:07.234 (TX (Local -> Remote)) ===
Session: 192.168.77.83 -> 192.168.76.244 (ID: 3472, Seq: 3)
Path 1 (Request: TX to 192.168.76.244)       : PID=3699530 COMM=ping         IF=unknown    ICMP_Type=8
Path 2 (Reply:   RX from 192.168.76.244)     : PID=0      COMM=swapper/7    IF=ens4       ICMP_Type=0

SKB Pointers:
  Stage 0 (P1 (ip_local_out)                       ): 0xffff9921ec1d5e00
  Stage 1 (P1 (net_dev_xmit)                       ): 0xffff9921ec1d5e00
  Stage 3 (P2 (netif_receive_skb)                  ): 0xffff9921ec1d4d00
  Stage 5 (P2 (icmp_rcv)                           ): 0xffff9921ec1d4d00

Path 1 Latencies (us):
  [0->1] P1 (ip_local_out)                        -> P1 (net_dev_xmit)                       : 60099.279 us
  Total Path 1: 60099.279 us

Path 2 Latencies (us):
  [3->5] P2 (netif_receive_skb)                   -> P2 (icmp_rcv)                           :  32.563 us
  Total Path 2:  32.563 us

Total RTT (Path1 Start to Path2 End): 60686.536 us
Inter-Path Latency (P1 end -> P2 start): 554.694 us
================================================================================

================================================================================
=== ICMP RTT Trace: 2026-02-05 04:37:08.239 (TX (Local -> Remote)) ===
Session: 192.168.77.83 -> 192.168.76.244 (ID: 3472, Seq: 4)
Path 1 (Request: TX to 192.168.76.244)       : PID=3699530 COMM=ping         IF=unknown    ICMP_Type=8
Path 2 (Reply:   RX from 192.168.76.244)     : PID=0      COMM=swapper/4    IF=ens4       ICMP_Type=0

SKB Pointers:
  Stage 0 (P1 (ip_local_out)                       ): 0xffff992262db2e00
  Stage 1 (P1 (net_dev_xmit)                       ): 0xffff992262db2e00
  Stage 3 (P2 (netif_receive_skb)                  ): 0xffff9921e1c2a700
  Stage 5 (P2 (icmp_rcv)                           ): 0xffff9921e1c2a700

Path 1 Latencies (us):
  [0->1] P1 (ip_local_out)                        -> P1 (net_dev_xmit)                       : 60109.552 us
  Total Path 1: 60109.552 us

Path 2 Latencies (us):
  [3->5] P2 (netif_receive_skb)                   -> P2 (icmp_rcv)                           :  36.530 us
  Total Path 2:  36.530 us

Total RTT (Path1 Start to Path2 End): 60654.030 us
Inter-Path Latency (P1 end -> P2 start): 507.948 us
================================================================================

================================================================================
=== ICMP RTT Trace: 2026-02-05 04:37:09.240 (TX (Local -> Remote)) ===
Session: 192.168.77.83 -> 192.168.76.244 (ID: 3472, Seq: 5)
Path 1 (Request: TX to 192.168.76.244)       : PID=3699530 COMM=ping         IF=unknown    ICMP_Type=8
Path 2 (Reply:   RX from 192.168.76.244)     : PID=0      COMM=swapper/3    IF=ens4       ICMP_Type=0

SKB Pointers:
  Stage 0 (P1 (ip_local_out)                       ): 0xffff9921e1c2b100
  Stage 1 (P1 (net_dev_xmit)                       ): 0xffff9921e1c2b100
  Stage 3 (P2 (netif_receive_skb)                  ): 0xffff9921e0f46100
  Stage 5 (P2 (icmp_rcv)                           ): 0xffff9921e0f46100

Path 1 Latencies (us):
  [0->1] P1 (ip_local_out)                        -> P1 (net_dev_xmit)                       : 60089.924 us
  Total Path 1: 60089.924 us

Path 2 Latencies (us):
  [3->5] P2 (netif_receive_skb)                   -> P2 (icmp_rcv)                           :  34.936 us
  Total Path 2:  34.936 us

Total RTT (Path1 Start to Path2 End): 60637.897 us
Inter-Path Latency (P1 end -> P2 start): 513.037 us
================================================================================

================================================================================
=== ICMP RTT Trace: 2026-02-05 04:37:11.316 (TX (Local -> Remote)) ===
Session: 192.168.77.83 -> 192.168.76.244 (ID: 3473, Seq: 1)
Path 1 (Request: TX to 192.168.76.244)       : PID=3699543 COMM=ping         IF=unknown    ICMP_Type=8
Path 2 (Reply:   RX from 192.168.76.244)     : PID=0      COMM=swapper/6    IF=ens4       ICMP_Type=0

SKB Pointers:
  Stage 0 (P1 (ip_local_out)                       ): 0xffff99224dfadb00
  Stage 1 (P1 (net_dev_xmit)                       ): 0xffff99224dfadb00
  Stage 3 (P2 (netif_receive_skb)                  ): 0xffff9921cc49fe00
  Stage 5 (P2 (icmp_rcv)                           ): 0xffff9921cc49fe00

Path 1 Latencies (us):
  [0->1] P1 (ip_local_out)                        -> P1 (net_dev_xmit)                       : 60135.451 us
  Total Path 1: 60135.451 us

Path 2 Latencies (us):
  [3->5] P2 (netif_receive_skb)                   -> P2 (icmp_rcv)                           :  56.155 us
  Total Path 2:  56.155 us

Total RTT (Path1 Start to Path2 End): 60845.347 us
Inter-Path Latency (P1 end -> P2 start): 653.741 us
================================================================================

================================================================================
=== ICMP RTT Trace: 2026-02-05 04:37:12.320 (TX (Local -> Remote)) ===
Session: 192.168.77.83 -> 192.168.76.244 (ID: 3473, Seq: 2)
Path 1 (Request: TX to 192.168.76.244)       : PID=3699543 COMM=ping         IF=unknown    ICMP_Type=8
Path 2 (Reply:   RX from 192.168.76.244)     : PID=0      COMM=swapper/6    IF=ens4       ICMP_Type=0

SKB Pointers:
  Stage 0 (P1 (ip_local_out)                       ): 0xffff99224dfad600
  Stage 1 (P1 (net_dev_xmit)                       ): 0xffff99224dfad600
  Stage 3 (P2 (netif_receive_skb)                  ): 0xffff9921cc49ec00
  Stage 5 (P2 (icmp_rcv)                           ): 0xffff9921cc49ec00

Path 1 Latencies (us):
  [0->1] P1 (ip_local_out)                        -> P1 (net_dev_xmit)                       : 60102.463 us
  Total Path 1: 60102.463 us

Path 2 Latencies (us):
  [3->5] P2 (netif_receive_skb)                   -> P2 (icmp_rcv)                           :  35.526 us
  Total Path 2:  35.526 us

Total RTT (Path1 Start to Path2 End): 60688.376 us
Inter-Path Latency (P1 end -> P2 start): 550.387 us
================================================================================

================================================================================
=== ICMP RTT Trace: 2026-02-05 04:37:13.326 (TX (Local -> Remote)) ===
Session: 192.168.77.83 -> 192.168.76.244 (ID: 3473, Seq: 3)
Path 1 (Request: TX to 192.168.76.244)       : PID=3699543 COMM=ping         IF=unknown    ICMP_Type=8
Path 2 (Reply:   RX from 192.168.76.244)     : PID=0      COMM=swapper/6    IF=ens4       ICMP_Type=0

SKB Pointers:
  Stage 0 (P1 (ip_local_out)                       ): 0xffff99224dfad400
  Stage 1 (P1 (net_dev_xmit)                       ): 0xffff99224dfad400
  Stage 3 (P2 (netif_receive_skb)                  ): 0xffff9921cc49fc00
  Stage 5 (P2 (icmp_rcv)                           ): 0xffff9921cc49fc00

Path 1 Latencies (us):
  [0->1] P1 (ip_local_out)                        -> P1 (net_dev_xmit)                       : 60089.161 us
  Total Path 1: 60089.161 us

Path 2 Latencies (us):
  [3->5] P2 (netif_receive_skb)                   -> P2 (icmp_rcv)                           :  34.002 us
  Total Path 2:  34.002 us

Total RTT (Path1 Start to Path2 End): 60724.090 us
Inter-Path Latency (P1 end -> P2 start): 600.927 us
================================================================================

================================================================================
=== ICMP RTT Trace: 2026-02-05 04:37:14.332 (TX (Local -> Remote)) ===
Session: 192.168.77.83 -> 192.168.76.244 (ID: 3473, Seq: 4)
Path 1 (Request: TX to 192.168.76.244)       : PID=3699543 COMM=ping         IF=unknown    ICMP_Type=8
Path 2 (Reply:   RX from 192.168.76.244)     : PID=0      COMM=swapper/6    IF=ens4       ICMP_Type=0

SKB Pointers:
  Stage 0 (P1 (ip_local_out)                       ): 0xffff99224dfac100
  Stage 1 (P1 (net_dev_xmit)                       ): 0xffff99224dfac100
  Stage 3 (P2 (netif_receive_skb)                  ): 0xffff9921cc49e100
  Stage 5 (P2 (icmp_rcv)                           ): 0xffff9921cc49e100

Path 1 Latencies (us):
  [0->1] P1 (ip_local_out)                        -> P1 (net_dev_xmit)                       : 60091.116 us
  Total Path 1: 60091.116 us

Path 2 Latencies (us):
  [3->5] P2 (netif_receive_skb)                   -> P2 (icmp_rcv)                           :  36.162 us
  Total Path 2:  36.162 us

Total RTT (Path1 Start to Path2 End): 60717.478 us
Inter-Path Latency (P1 end -> P2 start): 590.200 us
================================================================================

================================================================================
=== ICMP RTT Trace: 2026-02-05 04:37:15.337 (TX (Local -> Remote)) ===
Session: 192.168.77.83 -> 192.168.76.244 (ID: 3473, Seq: 5)
Path 1 (Request: TX to 192.168.76.244)       : PID=3699543 COMM=ping         IF=unknown    ICMP_Type=8
Path 2 (Reply:   RX from 192.168.76.244)     : PID=0      COMM=swapper/6    IF=ens4       ICMP_Type=0

SKB Pointers:
  Stage 0 (P1 (ip_local_out)                       ): 0xffff99224dfad400
  Stage 1 (P1 (net_dev_xmit)                       ): 0xffff99224dfad400
  Stage 3 (P2 (netif_receive_skb)                  ): 0xffff9921cc49e500
  Stage 5 (P2 (icmp_rcv)                           ): 0xffff9921cc49e500

Path 1 Latencies (us):
  [0->1] P1 (ip_local_out)                        -> P1 (net_dev_xmit)                       : 60098.730 us
  Total Path 1: 60098.730 us

Path 2 Latencies (us):
  [3->5] P2 (netif_receive_skb)                   -> P2 (icmp_rcv)                           :  36.406 us
  Total Path 2:  36.406 us

Total RTT (Path1 Start to Path2 End): 60678.767 us
Inter-Path Latency (P1 end -> P2 start): 543.631 us
================================================================================

================================================================================
=== ICMP RTT Trace: 2026-02-05 04:37:17.414 (TX (Local -> Remote)) ===
Session: 192.168.77.83 -> 192.168.76.244 (ID: 3474, Seq: 1)
Path 1 (Request: TX to 192.168.76.244)       : PID=3699544 COMM=ping         IF=unknown    ICMP_Type=8
Path 2 (Reply:   RX from 192.168.76.244)     : PID=0      COMM=swapper/2    IF=ens4       ICMP_Type=0

SKB Pointers:
  Stage 0 (P1 (ip_local_out)                       ): 0xffff9921cc49e500
  Stage 1 (P1 (net_dev_xmit)                       ): 0xffff9921cc49e500
  Stage 3 (P2 (netif_receive_skb)                  ): 0xffff9921dc95e800
  Stage 5 (P2 (icmp_rcv)                           ): 0xffff9921dc95e800

Path 1 Latencies (us):
  [0->1] P1 (ip_local_out)                        -> P1 (net_dev_xmit)                       : 60130.540 us
  Total Path 1: 60130.540 us

Path 2 Latencies (us):
  [3->5] P2 (netif_receive_skb)                   -> P2 (icmp_rcv)                           :  51.024 us
  Total Path 2:  51.024 us

Total RTT (Path1 Start to Path2 End): 60764.188 us
Inter-Path Latency (P1 end -> P2 start): 582.624 us
================================================================================

================================================================================
=== ICMP RTT Trace: 2026-02-05 04:37:18.419 (TX (Local -> Remote)) ===
Session: 192.168.77.83 -> 192.168.76.244 (ID: 3474, Seq: 2)
Path 1 (Request: TX to 192.168.76.244)       : PID=3699544 COMM=ping         IF=unknown    ICMP_Type=8
Path 2 (Reply:   RX from 192.168.76.244)     : PID=0      COMM=swapper/2    IF=ens4       ICMP_Type=0

SKB Pointers:
  Stage 0 (P1 (ip_local_out)                       ): 0xffff9921cc49fd00
  Stage 1 (P1 (net_dev_xmit)                       ): 0xffff9921cc49fd00
  Stage 3 (P2 (netif_receive_skb)                  ): 0xffff9921dc95f300
  Stage 5 (P2 (icmp_rcv)                           ): 0xffff9921dc95f300

Path 1 Latencies (us):
  [0->1] P1 (ip_local_out)                        -> P1 (net_dev_xmit)                       : 60120.252 us
  Total Path 1: 60120.252 us

Path 2 Latencies (us):
  [3->5] P2 (netif_receive_skb)                   -> P2 (icmp_rcv)                           :  37.209 us
  Total Path 2:  37.209 us

Total RTT (Path1 Start to Path2 End): 60758.866 us
Inter-Path Latency (P1 end -> P2 start): 601.405 us
================================================================================

================================================================================
=== ICMP RTT Trace: 2026-02-05 04:37:19.425 (TX (Local -> Remote)) ===
Session: 192.168.77.83 -> 192.168.76.244 (ID: 3474, Seq: 3)
Path 1 (Request: TX to 192.168.76.244)       : PID=3699544 COMM=ping         IF=unknown    ICMP_Type=8
Path 2 (Reply:   RX from 192.168.76.244)     : PID=0      COMM=swapper/2    IF=ens4       ICMP_Type=0

SKB Pointers:
  Stage 0 (P1 (ip_local_out)                       ): 0xffff9921cc49ed00
  Stage 1 (P1 (net_dev_xmit)                       ): 0xffff9921cc49ed00
  Stage 3 (P2 (netif_receive_skb)                  ): 0xffff9921dc95ef00
  Stage 5 (P2 (icmp_rcv)                           ): 0xffff9921dc95ef00

Path 1 Latencies (us):
  [0->1] P1 (ip_local_out)                        -> P1 (net_dev_xmit)                       : 60130.749 us
  Total Path 1: 60130.749 us

Path 2 Latencies (us):
  [3->5] P2 (netif_receive_skb)                   -> P2 (icmp_rcv)                           :  38.392 us
  Total Path 2:  38.392 us

Total RTT (Path1 Start to Path2 End): 60808.639 us
Inter-Path Latency (P1 end -> P2 start): 639.498 us
================================================================================

================================================================================
=== ICMP RTT Trace: 2026-02-05 04:37:20.431 (TX (Local -> Remote)) ===
Session: 192.168.77.83 -> 192.168.76.244 (ID: 3474, Seq: 4)
Path 1 (Request: TX to 192.168.76.244)       : PID=3699544 COMM=ping         IF=unknown    ICMP_Type=8
Path 2 (Reply:   RX from 192.168.76.244)     : PID=0      COMM=swapper/2    IF=ens4       ICMP_Type=0

SKB Pointers:
  Stage 0 (P1 (ip_local_out)                       ): 0xffff9921cc49e600
  Stage 1 (P1 (net_dev_xmit)                       ): 0xffff9921cc49e600
  Stage 3 (P2 (netif_receive_skb)                  ): 0xffff9921dc95ec00
  Stage 5 (P2 (icmp_rcv)                           ): 0xffff9921dc95ec00

Path 1 Latencies (us):
  [0->1] P1 (ip_local_out)                        -> P1 (net_dev_xmit)                       : 60110.207 us
  Total Path 1: 60110.207 us

Path 2 Latencies (us):
  [3->5] P2 (netif_receive_skb)                   -> P2 (icmp_rcv)                           :  38.092 us
  Total Path 2:  38.092 us

Total RTT (Path1 Start to Path2 End): 61052.339 us
Inter-Path Latency (P1 end -> P2 start): 904.040 us
================================================================================

================================================================================
=== ICMP RTT Trace: 2026-02-05 04:37:21.436 (TX (Local -> Remote)) ===
Session: 192.168.77.83 -> 192.168.76.244 (ID: 3474, Seq: 5)
Path 1 (Request: TX to 192.168.76.244)       : PID=3699544 COMM=ping         IF=unknown    ICMP_Type=8
Path 2 (Reply:   RX from 192.168.76.244)     : PID=0      COMM=swapper/2    IF=ens4       ICMP_Type=0

SKB Pointers:
  Stage 0 (P1 (ip_local_out)                       ): 0xffff9921cc49fe00
  Stage 1 (P1 (net_dev_xmit)                       ): 0xffff9921cc49fe00
  Stage 3 (P2 (netif_receive_skb)                  ): 0xffff9921dc95f600
  Stage 5 (P2 (icmp_rcv)                           ): 0xffff9921dc95f600

Path 1 Latencies (us):
  [0->1] P1 (ip_local_out)                        -> P1 (net_dev_xmit)                       : 60106.923 us
  Total Path 1: 60106.923 us

Path 2 Latencies (us):
  [3->5] P2 (netif_receive_skb)                   -> P2 (icmp_rcv)                           :  36.438 us
  Total Path 2:  36.438 us

Total RTT (Path1 Start to Path2 End): 60690.933 us
Inter-Path Latency (P1 end -> P2 start): 547.572 us
================================================================================

================================================================================
=== ICMP RTT Trace: 2026-02-05 04:37:23.510 (TX (Local -> Remote)) ===
Session: 192.168.77.83 -> 192.168.76.244 (ID: 3475, Seq: 1)
Path 1 (Request: TX to 192.168.76.244)       : PID=3699556 COMM=ping         IF=unknown    ICMP_Type=8
Path 2 (Reply:   RX from 192.168.76.244)     : PID=0      COMM=swapper/7    IF=ens4       ICMP_Type=0

SKB Pointers:
  Stage 0 (P1 (ip_local_out)                       ): 0xffff9921ec1d4400
  Stage 1 (P1 (net_dev_xmit)                       ): 0xffff9921ec1d4400
  Stage 3 (P2 (netif_receive_skb)                  ): 0xffff9921ec1d4600
  Stage 5 (P2 (icmp_rcv)                           ): 0xffff9921ec1d4600

Path 1 Latencies (us):
  [0->1] P1 (ip_local_out)                        -> P1 (net_dev_xmit)                       : 60105.276 us
  Total Path 1: 60105.276 us

Path 2 Latencies (us):
  [3->5] P2 (netif_receive_skb)                   -> P2 (icmp_rcv)                           :  35.272 us
  Total Path 2:  35.272 us

Total RTT (Path1 Start to Path2 End): 60742.186 us
Inter-Path Latency (P1 end -> P2 start): 601.638 us
================================================================================

================================================================================
=== ICMP RTT Trace: 2026-02-05 04:37:24.515 (TX (Local -> Remote)) ===
Session: 192.168.77.83 -> 192.168.76.244 (ID: 3475, Seq: 2)
Path 1 (Request: TX to 192.168.76.244)       : PID=3699556 COMM=ping         IF=unknown    ICMP_Type=8
Path 2 (Reply:   RX from 192.168.76.244)     : PID=0      COMM=swapper/7    IF=ens4       ICMP_Type=0

SKB Pointers:
  Stage 0 (P1 (ip_local_out)                       ): 0xffff9921ec1d4900
  Stage 1 (P1 (net_dev_xmit)                       ): 0xffff9921ec1d4900
  Stage 3 (P2 (netif_receive_skb)                  ): 0xffff9921ec1d5b00
  Stage 5 (P2 (icmp_rcv)                           ): 0xffff9921ec1d5b00

Path 1 Latencies (us):
  [0->1] P1 (ip_local_out)                        -> P1 (net_dev_xmit)                       : 60085.309 us
  Total Path 1: 60085.309 us

Path 2 Latencies (us):
  [3->5] P2 (netif_receive_skb)                   -> P2 (icmp_rcv)                           :  24.483 us
  Total Path 2:  24.483 us

Total RTT (Path1 Start to Path2 End): 60628.186 us
Inter-Path Latency (P1 end -> P2 start): 518.394 us
================================================================================

================================================================================
=== ICMP RTT Trace: 2026-02-05 04:37:25.522 (TX (Local -> Remote)) ===
Session: 192.168.77.83 -> 192.168.76.244 (ID: 3475, Seq: 3)
Path 1 (Request: TX to 192.168.76.244)       : PID=3699556 COMM=ping         IF=unknown    ICMP_Type=8
Path 2 (Reply:   RX from 192.168.76.244)     : PID=0      COMM=swapper/7    IF=ens4       ICMP_Type=0

SKB Pointers:
  Stage 0 (P1 (ip_local_out)                       ): 0xffff9921ec1d5e00
  Stage 1 (P1 (net_dev_xmit)                       ): 0xffff9921ec1d5e00
  Stage 3 (P2 (netif_receive_skb)                  ): 0xffff9921ec1d4b00
  Stage 5 (P2 (icmp_rcv)                           ): 0xffff9921ec1d4b00

Path 1 Latencies (us):
  [0->1] P1 (ip_local_out)                        -> P1 (net_dev_xmit)                       : 60097.391 us
  Total Path 1: 60097.391 us

Path 2 Latencies (us):
  [3->5] P2 (netif_receive_skb)                   -> P2 (icmp_rcv)                           :  37.395 us
  Total Path 2:  37.395 us

Total RTT (Path1 Start to Path2 End): 61350.378 us
Inter-Path Latency (P1 end -> P2 start): 1215.592 us
================================================================================

================================================================================
=== ICMP RTT Trace: 2026-02-05 04:37:26.526 (TX (Local -> Remote)) ===
Session: 192.168.77.83 -> 192.168.76.244 (ID: 3475, Seq: 4)
Path 1 (Request: TX to 192.168.76.244)       : PID=3699556 COMM=ping         IF=unknown    ICMP_Type=8
Path 2 (Reply:   RX from 192.168.76.244)     : PID=0      COMM=swapper/7    IF=ens4       ICMP_Type=0

SKB Pointers:
  Stage 0 (P1 (ip_local_out)                       ): 0xffff9921ec1d5d00
  Stage 1 (P1 (net_dev_xmit)                       ): 0xffff9921ec1d5d00
  Stage 3 (P2 (netif_receive_skb)                  ): 0xffff9921ec1d4e00
  Stage 5 (P2 (icmp_rcv)                           ): 0xffff9921ec1d4e00

Path 1 Latencies (us):
  [0->1] P1 (ip_local_out)                        -> P1 (net_dev_xmit)                       : 60103.540 us
  Total Path 1: 60103.540 us

Path 2 Latencies (us):
  [3->5] P2 (netif_receive_skb)                   -> P2 (icmp_rcv)                           :  29.433 us
  Total Path 2:  29.433 us

Total RTT (Path1 Start to Path2 End): 60610.921 us
Inter-Path Latency (P1 end -> P2 start): 477.948 us
================================================================================


Detaching...
Exiting.
