=== ICMP Drop Detector ===
Source IP: 192.168.77.83
Destination IP: 192.168.76.244
RX Interface(s): vnet35(ifindex=62)
TX Interface(s): enp24s0f0np0(ifindex=3)
Timeout: 1000 ms

Flow path:
  [0] Request RX at vnet35
  [1] Request TX at enp24s0f0np0
  [2] Reply RX at enp24s0f0np0
  [3] Reply TX at vnet35

Tracing... Hit Ctrl-C to end.

2026-02-05 18:37:01.142 [new] ID=3471 Seq=3 ReqRX:Y ReqTX:- RepRX:- RepTX:-
2026-02-05 18:37:01.142 [update] ID=3471 Seq=3 ReqRX:Y ReqTX:Y RepRX:- RepTX:-
2026-02-05 18:37:01.142 [update] ID=3471 Seq=3 ReqRX:Y ReqTX:Y RepRX:Y RepTX:-
2026-02-05 18:37:01.143 [complete] ID=3471 Seq=3 ReqRX:Y ReqTX:Y RepRX:Y RepTX:Y
  Latency(us): ReqInternal=48.5  External=262.4  RepInternal=29.7  Total=340.6
--------------------------------------------------------------------------------
2026-02-05 18:37:02.148 [new] ID=3471 Seq=4 ReqRX:Y ReqTX:- RepRX:- RepTX:-
2026-02-05 18:37:02.148 [update] ID=3471 Seq=4 ReqRX:Y ReqTX:Y RepRX:- RepTX:-
2026-02-05 18:37:02.148 [update] ID=3471 Seq=4 ReqRX:Y ReqTX:Y RepRX:Y RepTX:-
2026-02-05 18:37:02.148 [complete] ID=3471 Seq=4 ReqRX:Y ReqTX:Y RepRX:Y RepTX:Y
  Latency(us): ReqInternal=49.4  External=289.7  RepInternal=42.4  Total=381.5
--------------------------------------------------------------------------------
2026-02-05 18:37:03.154 [new] ID=3471 Seq=5 ReqRX:Y ReqTX:- RepRX:- RepTX:-
2026-02-05 18:37:03.154 [update] ID=3471 Seq=5 ReqRX:Y ReqTX:Y RepRX:- RepTX:-

=== ICMP Drop Detected: 2026-02-05 18:37:04.971 ===
Flow: 192.168.77.83 -> 192.168.76.244 (ID=3471, Seq=5)
  [0] ReqRX: recorded
  [1] ReqTX: recorded
  [2] RepRX: MISSING
  [3] RepTX: MISSING

Drop Location: EXTERNAL (network or peer)
  Request sent from enp24s0f0np0 but Reply NOT received at enp24s0f0np0
2026-02-05 18:37:05.228 [new] ID=3472 Seq=1 ReqRX:Y ReqTX:- RepRX:- RepTX:-
2026-02-05 18:37:05.228 [update] ID=3472 Seq=1 ReqRX:Y ReqTX:Y RepRX:- RepTX:-
2026-02-05 18:37:05.228 [update] ID=3472 Seq=1 ReqRX:Y ReqTX:Y RepRX:Y RepTX:-
2026-02-05 18:37:05.228 [complete] ID=3472 Seq=1 ReqRX:Y ReqTX:Y RepRX:Y RepTX:Y
  Latency(us): ReqInternal=79.7  External=376.4  RepInternal=58.2  Total=514.3
--------------------------------------------------------------------------------
2026-02-05 18:37:06.233 [new] ID=3472 Seq=2 ReqRX:Y ReqTX:- RepRX:- RepTX:-
2026-02-05 18:37:06.233 [update] ID=3472 Seq=2 ReqRX:Y ReqTX:Y RepRX:- RepTX:-
2026-02-05 18:37:06.234 [update] ID=3472 Seq=2 ReqRX:Y ReqTX:Y RepRX:Y RepTX:-
2026-02-05 18:37:06.234 [complete] ID=3472 Seq=2 ReqRX:Y ReqTX:Y RepRX:Y RepTX:Y
  Latency(us): ReqInternal=55.7  External=328.6  RepInternal=74.2  Total=458.5
--------------------------------------------------------------------------------
2026-02-05 18:37:07.234 [new] ID=3472 Seq=3 ReqRX:Y ReqTX:- RepRX:- RepTX:-
2026-02-05 18:37:07.234 [update] ID=3472 Seq=3 ReqRX:Y ReqTX:Y RepRX:- RepTX:-
2026-02-05 18:37:08.238 [new] ID=3472 Seq=4 ReqRX:Y ReqTX:- RepRX:- RepTX:-
2026-02-05 18:37:08.238 [update] ID=3472 Seq=4 ReqRX:Y ReqTX:Y RepRX:- RepTX:-
2026-02-05 18:37:08.238 [update] ID=3472 Seq=4 ReqRX:Y ReqTX:Y RepRX:Y RepTX:-
2026-02-05 18:37:08.238 [complete] ID=3472 Seq=4 ReqRX:Y ReqTX:Y RepRX:Y RepTX:Y
  Latency(us): ReqInternal=61.2  External=302.2  RepInternal=53.1  Total=416.4
--------------------------------------------------------------------------------

=== ICMP Drop Detected: 2026-02-05 18:37:09.040 ===
Flow: 192.168.77.83 -> 192.168.76.244 (ID=3472, Seq=3)
  [0] ReqRX: recorded
  [1] ReqTX: recorded
  [2] RepRX: MISSING
  [3] RepTX: MISSING

Drop Location: EXTERNAL (network or peer)
  Request sent from enp24s0f0np0 but Reply NOT received at enp24s0f0np0
2026-02-05 18:37:09.239 [new] ID=3472 Seq=5 ReqRX:Y ReqTX:- RepRX:- RepTX:-
2026-02-05 18:37:09.239 [update] ID=3472 Seq=5 ReqRX:Y ReqTX:Y RepRX:- RepTX:-
2026-02-05 18:37:09.240 [update] ID=3472 Seq=5 ReqRX:Y ReqTX:Y RepRX:Y RepTX:-
2026-02-05 18:37:09.240 [complete] ID=3472 Seq=5 ReqRX:Y ReqTX:Y RepRX:Y RepTX:Y
  Latency(us): ReqInternal=57.3  External=336.2  RepInternal=46.8  Total=440.3
--------------------------------------------------------------------------------
2026-02-05 18:37:11.315 [new] ID=3473 Seq=1 ReqRX:Y ReqTX:- RepRX:- RepTX:-
2026-02-05 18:37:11.315 [update] ID=3473 Seq=1 ReqRX:Y ReqTX:Y RepRX:- RepTX:-
2026-02-05 18:37:11.315 [update] ID=3473 Seq=1 ReqRX:Y ReqTX:Y RepRX:Y RepTX:-
2026-02-05 18:37:11.315 [complete] ID=3473 Seq=1 ReqRX:Y ReqTX:Y RepRX:Y RepTX:Y
  Latency(us): ReqInternal=74.4  External=449.5  RepInternal=48.9  Total=572.8
--------------------------------------------------------------------------------
2026-02-05 18:37:12.325 [new] ID=3473 Seq=2 ReqRX:Y ReqTX:- RepRX:- RepTX:-
2026-02-05 18:37:12.325 [update] ID=3473 Seq=2 ReqRX:Y ReqTX:Y RepRX:- RepTX:-
2026-02-05 18:37:13.325 [new] ID=3473 Seq=3 ReqRX:Y ReqTX:- RepRX:- RepTX:-
2026-02-05 18:37:13.325 [update] ID=3473 Seq=3 ReqRX:Y ReqTX:Y RepRX:- RepTX:-
2026-02-05 18:37:13.326 [update] ID=3473 Seq=3 ReqRX:Y ReqTX:Y RepRX:Y RepTX:-
2026-02-05 18:37:13.326 [complete] ID=3473 Seq=3 ReqRX:Y ReqTX:Y RepRX:Y RepTX:Y
  Latency(us): ReqInternal=58.8  External=402.5  RepInternal=57.9  Total=519.2
--------------------------------------------------------------------------------

=== ICMP Drop Detected: 2026-02-05 18:37:14.128 ===
Flow: 192.168.77.83 -> 192.168.76.244 (ID=3473, Seq=2)
  [0] ReqRX: recorded
  [1] ReqTX: recorded
  [2] RepRX: MISSING
  [3] RepTX: MISSING

Drop Location: EXTERNAL (network or peer)
  Request sent from enp24s0f0np0 but Reply NOT received at enp24s0f0np0
2026-02-05 18:37:14.331 [new] ID=3473 Seq=4 ReqRX:Y ReqTX:- RepRX:- RepTX:-
2026-02-05 18:37:14.331 [update] ID=3473 Seq=4 ReqRX:Y ReqTX:Y RepRX:- RepTX:-
2026-02-05 18:37:14.331 [update] ID=3473 Seq=4 ReqRX:Y ReqTX:Y RepRX:Y RepTX:-
2026-02-05 18:37:14.331 [complete] ID=3473 Seq=4 ReqRX:Y ReqTX:Y RepRX:Y RepTX:Y
  Latency(us): ReqInternal=69.2  External=369.5  RepInternal=47.9  Total=486.7
--------------------------------------------------------------------------------
2026-02-05 18:37:15.337 [new] ID=3473 Seq=5 ReqRX:Y ReqTX:- RepRX:- RepTX:-
2026-02-05 18:37:15.337 [update] ID=3473 Seq=5 ReqRX:Y ReqTX:Y RepRX:- RepTX:-
2026-02-05 18:37:15.337 [update] ID=3473 Seq=5 ReqRX:Y ReqTX:Y RepRX:Y RepTX:-
2026-02-05 18:37:15.337 [complete] ID=3473 Seq=5 ReqRX:Y ReqTX:Y RepRX:Y RepTX:Y
  Latency(us): ReqInternal=52.7  External=355.3  RepInternal=52.4  Total=460.4
--------------------------------------------------------------------------------
2026-02-05 18:37:17.413 [new] ID=3474 Seq=1 ReqRX:Y ReqTX:- RepRX:- RepTX:-
2026-02-05 18:37:17.413 [update] ID=3474 Seq=1 ReqRX:Y ReqTX:Y RepRX:- RepTX:-
2026-02-05 18:37:17.413 [update] ID=3474 Seq=1 ReqRX:Y ReqTX:Y RepRX:Y RepTX:-
2026-02-05 18:37:17.413 [complete] ID=3474 Seq=1 ReqRX:Y ReqTX:Y RepRX:Y RepTX:Y
  Latency(us): ReqInternal=78.0  External=385.4  RepInternal=46.9  Total=510.3
--------------------------------------------------------------------------------
2026-02-05 18:37:18.419 [new] ID=3474 Seq=2 ReqRX:Y ReqTX:- RepRX:- RepTX:-
2026-02-05 18:37:18.419 [update] ID=3474 Seq=2 ReqRX:Y ReqTX:Y RepRX:- RepTX:-
2026-02-05 18:37:18.419 [update] ID=3474 Seq=2 ReqRX:Y ReqTX:Y RepRX:Y RepTX:-
2026-02-05 18:37:18.419 [complete] ID=3474 Seq=2 ReqRX:Y ReqTX:Y RepRX:Y RepTX:Y
  Latency(us): ReqInternal=60.1  External=397.5  RepInternal=58.7  Total=516.4
--------------------------------------------------------------------------------
2026-02-05 18:37:19.424 [new] ID=3474 Seq=3 ReqRX:Y ReqTX:- RepRX:- RepTX:-
2026-02-05 18:37:19.424 [update] ID=3474 Seq=3 ReqRX:Y ReqTX:Y RepRX:- RepTX:-
2026-02-05 18:37:19.425 [update] ID=3474 Seq=3 ReqRX:Y ReqTX:Y RepRX:Y RepTX:-
2026-02-05 18:37:19.425 [complete] ID=3474 Seq=3 ReqRX:Y ReqTX:Y RepRX:Y RepTX:Y
  Latency(us): ReqInternal=50.8  External=395.4  RepInternal=57.7  Total=503.9
--------------------------------------------------------------------------------
2026-02-05 18:37:20.430 [new] ID=3474 Seq=4 ReqRX:Y ReqTX:- RepRX:- RepTX:-
2026-02-05 18:37:20.430 [update] ID=3474 Seq=4 ReqRX:Y ReqTX:Y RepRX:- RepTX:-
2026-02-05 18:37:20.430 [update] ID=3474 Seq=4 ReqRX:Y ReqTX:Y RepRX:Y RepTX:-
2026-02-05 18:37:20.430 [complete] ID=3474 Seq=4 ReqRX:Y ReqTX:Y RepRX:Y RepTX:Y
  Latency(us): ReqInternal=67.2  External=325.8  RepInternal=69.3  Total=462.3
--------------------------------------------------------------------------------
2026-02-05 18:37:21.435 [new] ID=3474 Seq=5 ReqRX:Y ReqTX:- RepRX:- RepTX:-
2026-02-05 18:37:21.435 [update] ID=3474 Seq=5 ReqRX:Y ReqTX:Y RepRX:- RepTX:-
2026-02-05 18:37:21.435 [update] ID=3474 Seq=5 ReqRX:Y ReqTX:Y RepRX:Y RepTX:-
2026-02-05 18:37:21.435 [complete] ID=3474 Seq=5 ReqRX:Y ReqTX:Y RepRX:Y RepTX:Y
  Latency(us): ReqInternal=63.5  External=342.5  RepInternal=70.7  Total=476.7
--------------------------------------------------------------------------------
2026-02-05 18:37:23.509 [new] ID=3475 Seq=1 ReqRX:Y ReqTX:- RepRX:- RepTX:-
2026-02-05 18:37:23.509 [update] ID=3475 Seq=1 ReqRX:Y ReqTX:Y RepRX:- RepTX:-
2026-02-05 18:37:23.510 [update] ID=3475 Seq=1 ReqRX:Y ReqTX:Y RepRX:Y RepTX:-
2026-02-05 18:37:23.510 [complete] ID=3475 Seq=1 ReqRX:Y ReqTX:Y RepRX:Y RepTX:Y
  Latency(us): ReqInternal=70.3  External=408.7  RepInternal=58.2  Total=537.1
--------------------------------------------------------------------------------
2026-02-05 18:37:24.515 [new] ID=3475 Seq=2 ReqRX:Y ReqTX:- RepRX:- RepTX:-
2026-02-05 18:37:24.515 [update] ID=3475 Seq=2 ReqRX:Y ReqTX:Y RepRX:- RepTX:-
2026-02-05 18:37:24.515 [update] ID=3475 Seq=2 ReqRX:Y ReqTX:Y RepRX:Y RepTX:-
2026-02-05 18:37:24.515 [complete] ID=3475 Seq=2 ReqRX:Y ReqTX:Y RepRX:Y RepTX:Y
  Latency(us): ReqInternal=51.9  External=363.4  RepInternal=49.4  Total=464.7
--------------------------------------------------------------------------------
2026-02-05 18:37:25.521 [new] ID=3475 Seq=3 ReqRX:Y ReqTX:- RepRX:- RepTX:-
2026-02-05 18:37:25.521 [update] ID=3475 Seq=3 ReqRX:Y ReqTX:Y RepRX:- RepTX:-
2026-02-05 18:37:25.522 [update] ID=3475 Seq=3 ReqRX:Y ReqTX:Y RepRX:Y RepTX:-
2026-02-05 18:37:25.522 [complete] ID=3475 Seq=3 ReqRX:Y ReqTX:Y RepRX:Y RepTX:Y
  Latency(us): ReqInternal=60.2  External=350.6  RepInternal=57.1  Total=467.9
--------------------------------------------------------------------------------
2026-02-05 18:37:26.526 [new] ID=3475 Seq=4 ReqRX:Y ReqTX:- RepRX:- RepTX:-
2026-02-05 18:37:26.526 [update] ID=3475 Seq=4 ReqRX:Y ReqTX:Y RepRX:- RepTX:-
2026-02-05 18:37:26.526 [update] ID=3475 Seq=4 ReqRX:Y ReqTX:Y RepRX:Y RepTX:-
2026-02-05 18:37:26.526 [complete] ID=3475 Seq=4 ReqRX:Y ReqTX:Y RepRX:Y RepTX:Y
  Latency(us): ReqInternal=59.4  External=317.4  RepInternal=47.8  Total=424.6
--------------------------------------------------------------------------------

Detaching...

=== ICMP Flow Statistics ===
Total flows tracked: 22
Complete flows: 19
Request internal drops: 0
External drops: 3
Reply internal drops: 0
