Auto-detecting QEMU PID for device vnet35...
QEMU PID: 22529
Found 8 vhost threads: [22550, 22551, 22552, 22554, 22555, 22556, 22557, 22558]
Device filter: vnet35
Target vhost TIDs: [22550, 22551, 22552, 22554, 22555, 22556, 22557, 22558]
Flow filter: proto=icmp,src=192.168.77.83,dst=192.168.76.244

Warmup: 2s (learning eventfds)...
Warmup complete.

Tracing... Hit Ctrl+C to end.
[18:37:06.233] tid=22558 queue=7 s0=16us s1=7us s2=20us total=43us
[18:37:07.235] tid=22558 queue=7 s0=22us s1=8us s2=37us total=67us
[18:37:08.238] tid=22551 queue=1 s0=0us s1=8us s2=24us total=0us
[18:37:09.239] tid=22555 queue=4 s0=0us s1=5us s2=19us total=0us
[18:37:11.315] tid=22556 queue=5 s0=0us s1=6us s2=28us total=0us
[18:37:12.320] tid=22556 queue=5 s0=16us s1=9us s2=22us total=47us
[18:37:13.325] tid=22556 queue=5 s0=16us s1=8us s2=19us total=43us
[18:37:14.331] tid=22556 queue=5 s0=21us s1=9us s2=27us total=57us
[18:37:15.337] tid=22556 queue=5 s0=16us s1=7us s2=19us total=42us
[18:37:17.413] tid=22557 queue=6 s0=0us s1=5us s2=17us total=0us
[18:37:18.419] tid=22557 queue=6 s0=15us s1=5us s2=24us total=44us
[18:37:19.424] tid=22557 queue=6 s0=19us s1=8us s2=19us total=46us
[18:37:20.430] tid=22557 queue=6 s0=15us s1=6us s2=23us total=44us
[18:37:21.435] tid=22557 queue=6 s0=14us s1=5us s2=23us total=42us
[18:37:23.509] tid=22558 queue=7 s0=11us s1=5us s2=22us total=38us
[18:37:24.515] tid=22558 queue=7 s0=12us s1=5us s2=16us total=33us
[18:37:25.521] tid=22558 queue=7 s0=706us s1=6us s2=21us total=733us
[18:37:26.526] tid=22558 queue=7 s0=17us s1=5us s2=25us total=47us
[18:37:27.534] tid=22558 queue=7 s0=21us s1=9us s2=11us total=41us

============================================================
Summary Statistics
============================================================
S0 (ioeventfd->kick):   cnt=      15  avg=      62.5us
S1 (kick->sendmsg):     cnt=      19  avg=       6.6us
S2 (sendmsg->receive):  cnt=      19  avg=      21.9us
Total chain:            cnt=      15  avg=      91.1us
