=== ICMP Drop Detector ===
Source IP: 192.168.77.83
Destination IP: 192.168.76.244
RX Interface(s): enp24s0f0np0(ifindex=3)
TX Interface(s): vnet130(ifindex=196)
Timeout: 1000 ms

Flow path:
  [0] Request RX at enp24s0f0np0
  [1] Request TX at vnet130
  [2] Reply RX at vnet130
  [3] Reply TX at enp24s0f0np0

Tracing... Hit Ctrl-C to end.

2026-02-04 18:19:00.725 [new] ID=162 Seq=5 ReqRX:Y ReqTX:- RepRX:- RepTX:-
2026-02-04 18:19:00.725 [update] ID=162 Seq=5 ReqRX:Y ReqTX:Y RepRX:- RepTX:-
2026-02-04 18:19:00.725 [update] ID=162 Seq=5 ReqRX:Y ReqTX:Y RepRX:Y RepTX:-
2026-02-04 18:19:00.725 [complete] ID=162 Seq=5 ReqRX:Y ReqTX:Y RepRX:Y RepTX:Y
  Latency(us): ReqInternal=79.9  External=137.9  RepInternal=59.5  Total=277.2
--------------------------------------------------------------------------------
2026-02-04 18:19:01.748 [new] ID=162 Seq=6 ReqRX:Y ReqTX:- RepRX:- RepTX:-
2026-02-04 18:19:01.749 [update] ID=162 Seq=6 ReqRX:Y ReqTX:Y RepRX:- RepTX:-
2026-02-04 18:19:01.749 [update] ID=162 Seq=6 ReqRX:Y ReqTX:Y RepRX:Y RepTX:-
2026-02-04 18:19:01.749 [complete] ID=162 Seq=6 ReqRX:Y ReqTX:Y RepRX:Y RepTX:Y
  Latency(us): ReqInternal=69.2  External=134.2  RepInternal=47.1  Total=250.5
--------------------------------------------------------------------------------
2026-02-04 18:19:02.773 [new] ID=162 Seq=7 ReqRX:Y ReqTX:- RepRX:- RepTX:-
2026-02-04 18:19:02.773 [update] ID=162 Seq=7 ReqRX:Y ReqTX:Y RepRX:- RepTX:-
2026-02-04 18:19:02.773 [update] ID=162 Seq=7 ReqRX:Y ReqTX:Y RepRX:Y RepTX:-
2026-02-04 18:19:02.773 [complete] ID=162 Seq=7 ReqRX:Y ReqTX:Y RepRX:Y RepTX:Y
  Latency(us): ReqInternal=63.4  External=90.0  RepInternal=56.1  Total=209.5
--------------------------------------------------------------------------------
2026-02-04 18:19:03.796 [new] ID=162 Seq=8 ReqRX:Y ReqTX:- RepRX:- RepTX:-
2026-02-04 18:19:03.797 [update] ID=162 Seq=8 ReqRX:Y ReqTX:Y RepRX:- RepTX:-
2026-02-04 18:19:03.797 [update] ID=162 Seq=8 ReqRX:Y ReqTX:Y RepRX:Y RepTX:-
2026-02-04 18:19:03.797 [complete] ID=162 Seq=8 ReqRX:Y ReqTX:Y RepRX:Y RepTX:Y
  Latency(us): ReqInternal=74.2  External=79.8  RepInternal=55.2  Total=209.2
--------------------------------------------------------------------------------
2026-02-04 18:19:04.820 [new] ID=162 Seq=9 ReqRX:Y ReqTX:- RepRX:- RepTX:-
2026-02-04 18:19:04.821 [update] ID=162 Seq=9 ReqRX:Y ReqTX:Y RepRX:- RepTX:-
2026-02-04 18:19:04.821 [update] ID=162 Seq=9 ReqRX:Y ReqTX:Y RepRX:Y RepTX:-
2026-02-04 18:19:04.821 [complete] ID=162 Seq=9 ReqRX:Y ReqTX:Y RepRX:Y RepTX:Y
  Latency(us): ReqInternal=67.7  External=85.8  RepInternal=57.2  Total=210.8
--------------------------------------------------------------------------------
2026-02-04 18:19:05.845 [new] ID=162 Seq=10 ReqRX:Y ReqTX:- RepRX:- RepTX:-
2026-02-04 18:19:05.845 [update] ID=162 Seq=10 ReqRX:Y ReqTX:Y RepRX:- RepTX:-
2026-02-04 18:19:05.845 [complete] ID=162 Seq=10 ReqRX:Y ReqTX:Y RepRX:Y RepTX:Y
  Latency(us): ReqInternal=73.8  External=118.5  RepInternal=71.2  Total=263.5
--------------------------------------------------------------------------------
2026-02-04 18:19:05.845 [update] ID=162 Seq=10 ReqRX:Y ReqTX:Y RepRX:Y RepTX:Y
2026-02-04 18:19:06.868 [new] ID=162 Seq=11 ReqRX:Y ReqTX:- RepRX:- RepTX:-
2026-02-04 18:19:06.869 [update] ID=162 Seq=11 ReqRX:Y ReqTX:Y RepRX:- RepTX:-
2026-02-04 18:19:06.869 [update] ID=162 Seq=11 ReqRX:Y ReqTX:Y RepRX:Y RepTX:-
2026-02-04 18:19:06.869 [complete] ID=162 Seq=11 ReqRX:Y ReqTX:Y RepRX:Y RepTX:Y
  Latency(us): ReqInternal=62.8  External=92.6  RepInternal=53.9  Total=209.3
--------------------------------------------------------------------------------
2026-02-04 18:19:07.892 [new] ID=162 Seq=12 ReqRX:Y ReqTX:- RepRX:- RepTX:-
2026-02-04 18:19:07.893 [update] ID=162 Seq=12 ReqRX:Y ReqTX:Y RepRX:- RepTX:-
2026-02-04 18:19:07.893 [update] ID=162 Seq=12 ReqRX:Y ReqTX:Y RepRX:Y RepTX:-
2026-02-04 18:19:07.893 [complete] ID=162 Seq=12 ReqRX:Y ReqTX:Y RepRX:Y RepTX:Y
  Latency(us): ReqInternal=67.0  External=73.4  RepInternal=53.1  Total=193.5
--------------------------------------------------------------------------------
2026-02-04 18:19:08.916 [new] ID=162 Seq=13 ReqRX:Y ReqTX:- RepRX:- RepTX:-
2026-02-04 18:19:08.917 [update] ID=162 Seq=13 ReqRX:Y ReqTX:Y RepRX:- RepTX:-
2026-02-04 18:19:08.917 [update] ID=162 Seq=13 ReqRX:Y ReqTX:Y RepRX:Y RepTX:-
2026-02-04 18:19:08.917 [complete] ID=162 Seq=13 ReqRX:Y ReqTX:Y RepRX:Y RepTX:Y
  Latency(us): ReqInternal=82.5  External=113.5  RepInternal=43.0  Total=239.0
--------------------------------------------------------------------------------
2026-02-04 18:19:09.940 [new] ID=162 Seq=14 ReqRX:Y ReqTX:- RepRX:- RepTX:-
2026-02-04 18:19:09.941 [update] ID=162 Seq=14 ReqRX:Y ReqTX:Y RepRX:- RepTX:-
2026-02-04 18:19:09.941 [update] ID=162 Seq=14 ReqRX:Y ReqTX:Y RepRX:Y RepTX:-
2026-02-04 18:19:09.941 [complete] ID=162 Seq=14 ReqRX:Y ReqTX:Y RepRX:Y RepTX:Y
  Latency(us): ReqInternal=74.3  External=107.2  RepInternal=39.8  Total=221.3
--------------------------------------------------------------------------------
2026-02-04 18:19:10.965 [new] ID=162 Seq=15 ReqRX:Y ReqTX:- RepRX:- RepTX:-
2026-02-04 18:19:10.965 [update] ID=162 Seq=15 ReqRX:Y ReqTX:Y RepRX:- RepTX:-
2026-02-04 18:19:10.965 [update] ID=162 Seq=15 ReqRX:Y ReqTX:Y RepRX:Y RepTX:-
2026-02-04 18:19:10.965 [complete] ID=162 Seq=15 ReqRX:Y ReqTX:Y RepRX:Y RepTX:Y
  Latency(us): ReqInternal=89.0  External=780.5  RepInternal=63.2  Total=932.7
--------------------------------------------------------------------------------
2026-02-04 18:19:11.966 [new] ID=162 Seq=16 ReqRX:Y ReqTX:- RepRX:- RepTX:-
2026-02-04 18:19:11.966 [update] ID=162 Seq=16 ReqRX:Y ReqTX:Y RepRX:- RepTX:-
2026-02-04 18:19:11.966 [update] ID=162 Seq=16 ReqRX:Y ReqTX:Y RepRX:Y RepTX:-
2026-02-04 18:19:11.966 [complete] ID=162 Seq=16 ReqRX:Y ReqTX:Y RepRX:Y RepTX:Y
  Latency(us): ReqInternal=71.2  External=155.1  RepInternal=44.0  Total=270.3
--------------------------------------------------------------------------------
2026-02-04 18:19:13.012 [new] ID=162 Seq=17 ReqRX:Y ReqTX:- RepRX:- RepTX:-
2026-02-04 18:19:13.013 [update] ID=162 Seq=17 ReqRX:Y ReqTX:Y RepRX:- RepTX:-
2026-02-04 18:19:13.013 [update] ID=162 Seq=17 ReqRX:Y ReqTX:Y RepRX:Y RepTX:-
2026-02-04 18:19:13.013 [complete] ID=162 Seq=17 ReqRX:Y ReqTX:Y RepRX:Y RepTX:Y
  Latency(us): ReqInternal=74.8  External=87.7  RepInternal=50.5  Total=213.0
--------------------------------------------------------------------------------
2026-02-04 18:19:14.036 [new] ID=162 Seq=18 ReqRX:Y ReqTX:- RepRX:- RepTX:-
2026-02-04 18:19:14.037 [update] ID=162 Seq=18 ReqRX:Y ReqTX:Y RepRX:- RepTX:-
2026-02-04 18:19:14.037 [update] ID=162 Seq=18 ReqRX:Y ReqTX:Y RepRX:Y RepTX:-
2026-02-04 18:19:14.037 [complete] ID=162 Seq=18 ReqRX:Y ReqTX:Y RepRX:Y RepTX:Y
  Latency(us): ReqInternal=72.2  External=85.2  RepInternal=37.8  Total=195.2
--------------------------------------------------------------------------------
2026-02-04 18:19:15.060 [new] ID=162 Seq=19 ReqRX:Y ReqTX:- RepRX:- RepTX:-
2026-02-04 18:19:15.061 [update] ID=162 Seq=19 ReqRX:Y ReqTX:Y RepRX:- RepTX:-
2026-02-04 18:19:15.061 [update] ID=162 Seq=19 ReqRX:Y ReqTX:Y RepRX:Y RepTX:-
2026-02-04 18:19:15.061 [complete] ID=162 Seq=19 ReqRX:Y ReqTX:Y RepRX:Y RepTX:Y
  Latency(us): ReqInternal=78.6  External=133.2  RepInternal=51.3  Total=263.1
--------------------------------------------------------------------------------
2026-02-04 18:19:16.084 [new] ID=162 Seq=20 ReqRX:Y ReqTX:- RepRX:- RepTX:-
2026-02-04 18:19:16.085 [update] ID=162 Seq=20 ReqRX:Y ReqTX:Y RepRX:- RepTX:-
2026-02-04 18:19:16.085 [update] ID=162 Seq=20 ReqRX:Y ReqTX:Y RepRX:Y RepTX:-
2026-02-04 18:19:16.085 [complete] ID=162 Seq=20 ReqRX:Y ReqTX:Y RepRX:Y RepTX:Y
  Latency(us): ReqInternal=75.5  External=91.0  RepInternal=52.6  Total=219.1
--------------------------------------------------------------------------------
2026-02-04 18:19:17.109 [new] ID=162 Seq=21 ReqRX:Y ReqTX:- RepRX:- RepTX:-
2026-02-04 18:19:17.109 [update] ID=162 Seq=21 ReqRX:Y ReqTX:Y RepRX:- RepTX:-
2026-02-04 18:19:17.109 [update] ID=162 Seq=21 ReqRX:Y ReqTX:Y RepRX:Y RepTX:-
2026-02-04 18:19:17.109 [complete] ID=162 Seq=21 ReqRX:Y ReqTX:Y RepRX:Y RepTX:Y
  Latency(us): ReqInternal=71.0  External=74.1  RepInternal=37.7  Total=182.8
--------------------------------------------------------------------------------
2026-02-04 18:19:18.132 [new] ID=162 Seq=22 ReqRX:Y ReqTX:- RepRX:- RepTX:-
2026-02-04 18:19:18.133 [update] ID=162 Seq=22 ReqRX:Y ReqTX:Y RepRX:- RepTX:-
2026-02-04 18:19:18.133 [update] ID=162 Seq=22 ReqRX:Y ReqTX:Y RepRX:Y RepTX:-
2026-02-04 18:19:18.133 [complete] ID=162 Seq=22 ReqRX:Y ReqTX:Y RepRX:Y RepTX:Y
  Latency(us): ReqInternal=74.4  External=104.4  RepInternal=47.9  Total=226.7
--------------------------------------------------------------------------------
2026-02-04 18:19:19.156 [new] ID=162 Seq=23 ReqRX:Y ReqTX:- RepRX:- RepTX:-
2026-02-04 18:19:19.157 [update] ID=162 Seq=23 ReqRX:Y ReqTX:Y RepRX:- RepTX:-
2026-02-04 18:19:19.157 [update] ID=162 Seq=23 ReqRX:Y ReqTX:Y RepRX:Y RepTX:-
2026-02-04 18:19:19.157 [complete] ID=162 Seq=23 ReqRX:Y ReqTX:Y RepRX:Y RepTX:Y
  Latency(us): ReqInternal=64.9  External=101.9  RepInternal=51.4  Total=218.3
--------------------------------------------------------------------------------
2026-02-04 18:19:20.180 [new] ID=162 Seq=24 ReqRX:Y ReqTX:- RepRX:- RepTX:-
2026-02-04 18:19:20.181 [update] ID=162 Seq=24 ReqRX:Y ReqTX:Y RepRX:- RepTX:-
2026-02-04 18:19:20.181 [update] ID=162 Seq=24 ReqRX:Y ReqTX:Y RepRX:Y RepTX:-
2026-02-04 18:19:20.181 [complete] ID=162 Seq=24 ReqRX:Y ReqTX:Y RepRX:Y RepTX:Y
  Latency(us): ReqInternal=69.5  External=743.7  RepInternal=68.6  Total=881.8
--------------------------------------------------------------------------------
2026-02-04 18:19:21.182 [new] ID=162 Seq=25 ReqRX:Y ReqTX:- RepRX:- RepTX:-
2026-02-04 18:19:21.182 [update] ID=162 Seq=25 ReqRX:Y ReqTX:Y RepRX:- RepTX:-
2026-02-04 18:19:21.182 [update] ID=162 Seq=25 ReqRX:Y ReqTX:Y RepRX:Y RepTX:-
2026-02-04 18:19:21.182 [complete] ID=162 Seq=25 ReqRX:Y ReqTX:Y RepRX:Y RepTX:Y
  Latency(us): ReqInternal=69.5  External=63.5  RepInternal=46.6  Total=179.5
--------------------------------------------------------------------------------
2026-02-04 18:19:22.229 [new] ID=162 Seq=26 ReqRX:Y ReqTX:- RepRX:- RepTX:-
2026-02-04 18:19:22.229 [update] ID=162 Seq=26 ReqRX:Y ReqTX:Y RepRX:- RepTX:-
2026-02-04 18:19:22.229 [update] ID=162 Seq=26 ReqRX:Y ReqTX:Y RepRX:Y RepTX:-
2026-02-04 18:19:22.229 [complete] ID=162 Seq=26 ReqRX:Y ReqTX:Y RepRX:Y RepTX:Y
  Latency(us): ReqInternal=49.5  External=103.3  RepInternal=63.3  Total=216.1
--------------------------------------------------------------------------------
2026-02-04 18:19:23.253 [new] ID=162 Seq=27 ReqRX:Y ReqTX:- RepRX:- RepTX:-
2026-02-04 18:19:23.253 [update] ID=162 Seq=27 ReqRX:Y ReqTX:Y RepRX:- RepTX:-
2026-02-04 18:19:23.253 [update] ID=162 Seq=27 ReqRX:Y ReqTX:Y RepRX:Y RepTX:-
2026-02-04 18:19:23.253 [complete] ID=162 Seq=27 ReqRX:Y ReqTX:Y RepRX:Y RepTX:Y
  Latency(us): ReqInternal=68.7  External=173.0  RepInternal=50.0  Total=291.8
--------------------------------------------------------------------------------
2026-02-04 18:19:24.277 [new] ID=162 Seq=28 ReqRX:Y ReqTX:- RepRX:- RepTX:-
2026-02-04 18:19:24.277 [update] ID=162 Seq=28 ReqRX:Y ReqTX:Y RepRX:- RepTX:-
2026-02-04 18:19:24.277 [update] ID=162 Seq=28 ReqRX:Y ReqTX:Y RepRX:Y RepTX:-
2026-02-04 18:19:24.277 [complete] ID=162 Seq=28 ReqRX:Y ReqTX:Y RepRX:Y RepTX:Y
  Latency(us): ReqInternal=68.8  External=89.8  RepInternal=48.2  Total=206.8
--------------------------------------------------------------------------------
2026-02-04 18:19:25.300 [new] ID=162 Seq=29 ReqRX:Y ReqTX:- RepRX:- RepTX:-
2026-02-04 18:19:25.301 [update] ID=162 Seq=29 ReqRX:Y ReqTX:Y RepRX:- RepTX:-
2026-02-04 18:19:25.301 [update] ID=162 Seq=29 ReqRX:Y ReqTX:Y RepRX:Y RepTX:-
2026-02-04 18:19:25.301 [complete] ID=162 Seq=29 ReqRX:Y ReqTX:Y RepRX:Y RepTX:Y
  Latency(us): ReqInternal=67.1  External=116.6  RepInternal=49.3  Total=232.9
--------------------------------------------------------------------------------
2026-02-04 18:19:26.325 [new] ID=162 Seq=30 ReqRX:Y ReqTX:- RepRX:- RepTX:-
2026-02-04 18:19:26.325 [update] ID=162 Seq=30 ReqRX:Y ReqTX:Y RepRX:- RepTX:-
2026-02-04 18:19:26.325 [update] ID=162 Seq=30 ReqRX:Y ReqTX:Y RepRX:Y RepTX:-
2026-02-04 18:19:26.325 [complete] ID=162 Seq=30 ReqRX:Y ReqTX:Y RepRX:Y RepTX:Y
  Latency(us): ReqInternal=75.0  External=155.7  RepInternal=51.3  Total=282.0
--------------------------------------------------------------------------------
2026-02-04 18:19:27.349 [new] ID=162 Seq=31 ReqRX:Y ReqTX:- RepRX:- RepTX:-
2026-02-04 18:19:27.349 [update] ID=162 Seq=31 ReqRX:Y ReqTX:Y RepRX:- RepTX:-
2026-02-04 18:19:27.349 [update] ID=162 Seq=31 ReqRX:Y ReqTX:Y RepRX:Y RepTX:-
2026-02-04 18:19:27.349 [complete] ID=162 Seq=31 ReqRX:Y ReqTX:Y RepRX:Y RepTX:Y
  Latency(us): ReqInternal=64.1  External=102.8  RepInternal=51.5  Total=218.3
--------------------------------------------------------------------------------
2026-02-04 18:19:28.372 [new] ID=162 Seq=32 ReqRX:Y ReqTX:- RepRX:- RepTX:-
2026-02-04 18:19:28.373 [update] ID=162 Seq=32 ReqRX:Y ReqTX:Y RepRX:- RepTX:-
2026-02-04 18:19:28.373 [update] ID=162 Seq=32 ReqRX:Y ReqTX:Y RepRX:Y RepTX:-
2026-02-04 18:19:28.373 [complete] ID=162 Seq=32 ReqRX:Y ReqTX:Y RepRX:Y RepTX:Y
  Latency(us): ReqInternal=66.2  External=97.7  RepInternal=49.2  Total=213.1
--------------------------------------------------------------------------------
2026-02-04 18:19:29.398 [new] ID=162 Seq=33 ReqRX:Y ReqTX:- RepRX:- RepTX:-
2026-02-04 18:19:29.398 [update] ID=162 Seq=33 ReqRX:Y ReqTX:Y RepRX:- RepTX:-
2026-02-04 18:19:29.398 [update] ID=162 Seq=33 ReqRX:Y ReqTX:Y RepRX:Y RepTX:-
2026-02-04 18:19:29.398 [complete] ID=162 Seq=33 ReqRX:Y ReqTX:Y RepRX:Y RepTX:Y
  Latency(us): ReqInternal=77.5  External=197.6  RepInternal=51.3  Total=326.3
--------------------------------------------------------------------------------

Detaching...

=== ICMP Flow Statistics ===
Total flows tracked: 29
Complete flows: 29
Request internal drops: 0
External drops: 0
Reply internal drops: 0
Error in atexit._run_exitfuncs:
Traceback (most recent call last):
  File "/usr/lib/python3.6/site-packages/bcc/__init__.py", line 1655, in cleanup
    self.detach_tracepoint(k)
  File "/usr/lib/python3.6/site-packages/bcc/__init__.py", line 1150, in detach_tracepoint
    res = lib.bpf_close_perf_event_fd(self.tracepoint_fds[tp])
KeyboardInterrupt
