=== ICMP Drop Detector ===
Source IP: 192.168.77.83
Destination IP: 192.168.77.84
RX Interface(s): vnet35(ifindex=62)
TX Interface(s): enp24s0f0np0(ifindex=3)
Timeout: 1000 ms

Flow path:
  [0] Request RX at vnet35
  [1] Request TX at enp24s0f0np0
  [2] Reply RX at enp24s0f0np0
  [3] Reply TX at vnet35

Tracing... Hit Ctrl-C to end.

2026-02-06 15:14:22.130 [new] ID=15573 Seq=7 ReqRX:Y ReqTX:- RepRX:- RepTX:-
2026-02-06 15:14:22.130 [update] ID=15573 Seq=7 ReqRX:Y ReqTX:Y RepRX:- RepTX:-
2026-02-06 15:14:22.131 [update] ID=15573 Seq=7 ReqRX:Y ReqTX:Y RepRX:Y RepTX:-
2026-02-06 15:14:22.131 [complete] ID=15573 Seq=7 ReqRX:Y ReqTX:Y RepRX:Y RepTX:Y
  Latency(us): ReqInternal=62.5  External=404.9  RepInternal=50.9  Total=518.4
--------------------------------------------------------------------------------
2026-02-06 15:14:23.157 [new] ID=15573 Seq=8 ReqRX:Y ReqTX:- RepRX:- RepTX:-
2026-02-06 15:14:23.157 [update] ID=15573 Seq=8 ReqRX:Y ReqTX:Y RepRX:- RepTX:-
2026-02-06 15:14:24.178 [new] ID=15573 Seq=9 ReqRX:Y ReqTX:- RepRX:- RepTX:-
2026-02-06 15:14:24.178 [update] ID=15573 Seq=9 ReqRX:Y ReqTX:Y RepRX:- RepTX:-
2026-02-06 15:14:24.178 [update] ID=15573 Seq=9 ReqRX:Y ReqTX:Y RepRX:Y RepTX:-
2026-02-06 15:14:24.178 [complete] ID=15573 Seq=9 ReqRX:Y ReqTX:Y RepRX:Y RepTX:Y
  Latency(us): ReqInternal=45.8  External=296.5  RepInternal=55.0  Total=397.4
--------------------------------------------------------------------------------

=== ICMP Drop Detected: 2026-02-06 15:14:24.379 ===
Flow: 192.168.77.83 -> 192.168.77.84 (ID=15573, Seq=8)
  [0] ReqRX: recorded
  [1] ReqTX: recorded
  [2] RepRX: MISSING
  [3] RepTX: MISSING

Drop Location: EXTERNAL (network or peer)
  Request sent from enp24s0f0np0 but Reply NOT received at enp24s0f0np0
2026-02-06 15:14:25.202 [new] ID=15573 Seq=10 ReqRX:Y ReqTX:- RepRX:- RepTX:-
2026-02-06 15:14:25.202 [update] ID=15573 Seq=10 ReqRX:Y ReqTX:Y RepRX:- RepTX:-
2026-02-06 15:14:25.202 [update] ID=15573 Seq=10 ReqRX:Y ReqTX:Y RepRX:Y RepTX:-
2026-02-06 15:14:25.202 [complete] ID=15573 Seq=10 ReqRX:Y ReqTX:Y RepRX:Y RepTX:Y
  Latency(us): ReqInternal=44.4  External=342.5  RepInternal=42.3  Total=429.2
--------------------------------------------------------------------------------
2026-02-06 15:14:26.226 [new] ID=15573 Seq=11 ReqRX:Y ReqTX:- RepRX:- RepTX:-
2026-02-06 15:14:26.226 [update] ID=15573 Seq=11 ReqRX:Y ReqTX:Y RepRX:- RepTX:-
2026-02-06 15:14:26.226 [update] ID=15573 Seq=11 ReqRX:Y ReqTX:Y RepRX:Y RepTX:-
2026-02-06 15:14:26.226 [complete] ID=15573 Seq=11 ReqRX:Y ReqTX:Y RepRX:Y RepTX:Y
  Latency(us): ReqInternal=53.4  External=320.7  RepInternal=50.8  Total=424.9
--------------------------------------------------------------------------------
2026-02-06 15:14:27.250 [new] ID=15573 Seq=12 ReqRX:Y ReqTX:- RepRX:- RepTX:-
2026-02-06 15:14:27.250 [update] ID=15573 Seq=12 ReqRX:Y ReqTX:Y RepRX:- RepTX:-
2026-02-06 15:14:27.250 [update] ID=15573 Seq=12 ReqRX:Y ReqTX:Y RepRX:Y RepTX:-
2026-02-06 15:14:27.251 [complete] ID=15573 Seq=12 ReqRX:Y ReqTX:Y RepRX:Y RepTX:Y
  Latency(us): ReqInternal=45.7  External=439.9  RepInternal=44.2  Total=529.9
--------------------------------------------------------------------------------
2026-02-06 15:14:28.274 [new] ID=15573 Seq=13 ReqRX:Y ReqTX:- RepRX:- RepTX:-
2026-02-06 15:14:28.274 [update] ID=15573 Seq=13 ReqRX:Y ReqTX:Y RepRX:- RepTX:-
2026-02-06 15:14:28.275 [update] ID=15573 Seq=13 ReqRX:Y ReqTX:Y RepRX:Y RepTX:-
2026-02-06 15:14:28.275 [complete] ID=15573 Seq=13 ReqRX:Y ReqTX:Y RepRX:Y RepTX:Y
  Latency(us): ReqInternal=42.4  External=311.1  RepInternal=48.0  Total=401.5
--------------------------------------------------------------------------------
2026-02-06 15:14:29.298 [new] ID=15573 Seq=14 ReqRX:Y ReqTX:- RepRX:- RepTX:-
2026-02-06 15:14:29.298 [update] ID=15573 Seq=14 ReqRX:Y ReqTX:Y RepRX:- RepTX:-
2026-02-06 15:14:29.298 [update] ID=15573 Seq=14 ReqRX:Y ReqTX:Y RepRX:Y RepTX:-
2026-02-06 15:14:29.298 [complete] ID=15573 Seq=14 ReqRX:Y ReqTX:Y RepRX:Y RepTX:Y
  Latency(us): ReqInternal=41.9  External=357.6  RepInternal=35.6  Total=435.0
--------------------------------------------------------------------------------
2026-02-06 15:14:30.322 [new] ID=15573 Seq=15 ReqRX:Y ReqTX:- RepRX:- RepTX:-
2026-02-06 15:14:30.322 [update] ID=15573 Seq=15 ReqRX:Y ReqTX:Y RepRX:- RepTX:-
2026-02-06 15:14:30.323 [update] ID=15573 Seq=15 ReqRX:Y ReqTX:Y RepRX:Y RepTX:-
2026-02-06 15:14:30.323 [complete] ID=15573 Seq=15 ReqRX:Y ReqTX:Y RepRX:Y RepTX:Y
  Latency(us): ReqInternal=46.6  External=810.4  RepInternal=52.0  Total=909.0
--------------------------------------------------------------------------------
2026-02-06 15:14:31.323 [new] ID=15573 Seq=16 ReqRX:Y ReqTX:- RepRX:- RepTX:-
2026-02-06 15:14:31.323 [update] ID=15573 Seq=16 ReqRX:Y ReqTX:Y RepRX:- RepTX:-
2026-02-06 15:14:31.323 [update] ID=15573 Seq=16 ReqRX:Y ReqTX:Y RepRX:Y RepTX:-
2026-02-06 15:14:31.323 [complete] ID=15573 Seq=16 ReqRX:Y ReqTX:Y RepRX:Y RepTX:Y
  Latency(us): ReqInternal=55.3  External=252.1  RepInternal=40.9  Total=348.3
--------------------------------------------------------------------------------
2026-02-06 15:14:32.370 [new] ID=15573 Seq=17 ReqRX:Y ReqTX:- RepRX:- RepTX:-
2026-02-06 15:14:32.370 [update] ID=15573 Seq=17 ReqRX:Y ReqTX:Y RepRX:- RepTX:-
2026-02-06 15:14:32.371 [update] ID=15573 Seq=17 ReqRX:Y ReqTX:Y RepRX:Y RepTX:-
2026-02-06 15:14:32.371 [complete] ID=15573 Seq=17 ReqRX:Y ReqTX:Y RepRX:Y RepTX:Y
  Latency(us): ReqInternal=59.7  External=356.8  RepInternal=52.6  Total=469.1
--------------------------------------------------------------------------------
2026-02-06 15:14:33.394 [new] ID=15573 Seq=18 ReqRX:Y ReqTX:- RepRX:- RepTX:-
2026-02-06 15:14:33.394 [update] ID=15573 Seq=18 ReqRX:Y ReqTX:Y RepRX:- RepTX:-
2026-02-06 15:14:33.394 [update] ID=15573 Seq=18 ReqRX:Y ReqTX:Y RepRX:Y RepTX:-
2026-02-06 15:14:33.394 [complete] ID=15573 Seq=18 ReqRX:Y ReqTX:Y RepRX:Y RepTX:Y
  Latency(us): ReqInternal=60.2  External=290.4  RepInternal=55.8  Total=406.4
--------------------------------------------------------------------------------
2026-02-06 15:14:34.418 [new] ID=15573 Seq=19 ReqRX:Y ReqTX:- RepRX:- RepTX:-
2026-02-06 15:14:34.418 [update] ID=15573 Seq=19 ReqRX:Y ReqTX:Y RepRX:- RepTX:-
2026-02-06 15:14:34.420 [update] ID=15573 Seq=19 ReqRX:Y ReqTX:Y RepRX:Y RepTX:-
2026-02-06 15:14:34.420 [complete] ID=15573 Seq=19 ReqRX:Y ReqTX:Y RepRX:Y RepTX:Y
  Latency(us): ReqInternal=48.9  External=2027.7  RepInternal=57.3  Total=2133.9
--------------------------------------------------------------------------------
2026-02-06 15:14:35.420 [new] ID=15573 Seq=20 ReqRX:Y ReqTX:- RepRX:- RepTX:-
2026-02-06 15:14:35.420 [update] ID=15573 Seq=20 ReqRX:Y ReqTX:Y RepRX:- RepTX:-
2026-02-06 15:14:35.427 [update] ID=15573 Seq=20 ReqRX:Y ReqTX:Y RepRX:Y RepTX:-
2026-02-06 15:14:35.427 [complete] ID=15573 Seq=20 ReqRX:Y ReqTX:Y RepRX:Y RepTX:Y
  Latency(us): ReqInternal=60.2  External=7257.2  RepInternal=47.7  Total=7365.1
--------------------------------------------------------------------------------
2026-02-06 15:14:36.421 [new] ID=15573 Seq=21 ReqRX:Y ReqTX:- RepRX:- RepTX:-
2026-02-06 15:14:36.421 [update] ID=15573 Seq=21 ReqRX:Y ReqTX:Y RepRX:- RepTX:-
2026-02-06 15:14:36.425 [update] ID=15573 Seq=21 ReqRX:Y ReqTX:Y RepRX:Y RepTX:-
2026-02-06 15:14:36.425 [complete] ID=15573 Seq=21 ReqRX:Y ReqTX:Y RepRX:Y RepTX:Y
  Latency(us): ReqInternal=49.0  External=3475.6  RepInternal=48.1  Total=3572.6
--------------------------------------------------------------------------------
2026-02-06 15:14:37.423 [new] ID=15573 Seq=22 ReqRX:Y ReqTX:- RepRX:- RepTX:-
2026-02-06 15:14:37.423 [update] ID=15573 Seq=22 ReqRX:Y ReqTX:Y RepRX:- RepTX:-
2026-02-06 15:14:37.423 [update] ID=15573 Seq=22 ReqRX:Y ReqTX:Y RepRX:Y RepTX:-
2026-02-06 15:14:37.423 [complete] ID=15573 Seq=22 ReqRX:Y ReqTX:Y RepRX:Y RepTX:Y
  Latency(us): ReqInternal=49.5  External=239.2  RepInternal=44.9  Total=333.7
--------------------------------------------------------------------------------
2026-02-06 15:14:38.450 [new] ID=15573 Seq=23 ReqRX:Y ReqTX:- RepRX:- RepTX:-
2026-02-06 15:14:38.450 [update] ID=15573 Seq=23 ReqRX:Y ReqTX:Y RepRX:- RepTX:-
2026-02-06 15:14:38.450 [update] ID=15573 Seq=23 ReqRX:Y ReqTX:Y RepRX:Y RepTX:-
2026-02-06 15:14:38.450 [complete] ID=15573 Seq=23 ReqRX:Y ReqTX:Y RepRX:Y RepTX:Y
  Latency(us): ReqInternal=40.7  External=389.9  RepInternal=47.2  Total=477.9
--------------------------------------------------------------------------------
2026-02-06 15:14:39.474 [new] ID=15573 Seq=24 ReqRX:Y ReqTX:- RepRX:- RepTX:-
2026-02-06 15:14:39.474 [update] ID=15573 Seq=24 ReqRX:Y ReqTX:Y RepRX:- RepTX:-
2026-02-06 15:14:39.474 [update] ID=15573 Seq=24 ReqRX:Y ReqTX:Y RepRX:Y RepTX:-
2026-02-06 15:14:39.475 [complete] ID=15573 Seq=24 ReqRX:Y ReqTX:Y RepRX:Y RepTX:Y
  Latency(us): ReqInternal=65.1  External=294.4  RepInternal=51.5  Total=411.1
--------------------------------------------------------------------------------
2026-02-06 15:14:40.498 [new] ID=15573 Seq=25 ReqRX:Y ReqTX:- RepRX:- RepTX:-
2026-02-06 15:14:40.498 [update] ID=15573 Seq=25 ReqRX:Y ReqTX:Y RepRX:- RepTX:-
2026-02-06 15:14:40.498 [update] ID=15573 Seq=25 ReqRX:Y ReqTX:Y RepRX:Y RepTX:-
2026-02-06 15:14:40.498 [complete] ID=15573 Seq=25 ReqRX:Y ReqTX:Y RepRX:Y RepTX:Y
  Latency(us): ReqInternal=45.2  External=298.2  RepInternal=49.0  Total=392.4
--------------------------------------------------------------------------------
2026-02-06 15:14:41.522 [new] ID=15573 Seq=26 ReqRX:Y ReqTX:- RepRX:- RepTX:-
2026-02-06 15:14:41.522 [update] ID=15573 Seq=26 ReqRX:Y ReqTX:Y RepRX:- RepTX:-
2026-02-06 15:14:41.522 [update] ID=15573 Seq=26 ReqRX:Y ReqTX:Y RepRX:Y RepTX:-
2026-02-06 15:14:41.522 [complete] ID=15573 Seq=26 ReqRX:Y ReqTX:Y RepRX:Y RepTX:Y
  Latency(us): ReqInternal=50.5  External=219.5  RepInternal=52.5  Total=322.6
--------------------------------------------------------------------------------
2026-02-06 15:14:42.548 [new] ID=15573 Seq=27 ReqRX:Y ReqTX:- RepRX:- RepTX:-
2026-02-06 15:14:42.548 [update] ID=15573 Seq=27 ReqRX:Y ReqTX:Y RepRX:- RepTX:-
2026-02-06 15:14:43.570 [new] ID=15573 Seq=28 ReqRX:Y ReqTX:- RepRX:- RepTX:-
2026-02-06 15:14:43.570 [update] ID=15573 Seq=28 ReqRX:Y ReqTX:Y RepRX:- RepTX:-
2026-02-06 15:14:43.571 [update] ID=15573 Seq=28 ReqRX:Y ReqTX:Y RepRX:Y RepTX:-
2026-02-06 15:14:43.571 [complete] ID=15573 Seq=28 ReqRX:Y ReqTX:Y RepRX:Y RepTX:Y
  Latency(us): ReqInternal=54.0  External=1002.9  RepInternal=47.2  Total=1104.0
--------------------------------------------------------------------------------

=== ICMP Drop Detected: 2026-02-06 15:14:44.072 ===
Flow: 192.168.77.83 -> 192.168.77.84 (ID=15573, Seq=27)
  [0] ReqRX: recorded
  [1] ReqTX: recorded
  [2] RepRX: MISSING
  [3] RepTX: MISSING

Drop Location: EXTERNAL (network or peer)
  Request sent from enp24s0f0np0 but Reply NOT received at enp24s0f0np0
2026-02-06 15:14:44.571 [new] ID=15573 Seq=29 ReqRX:Y ReqTX:- RepRX:- RepTX:-
2026-02-06 15:14:44.571 [update] ID=15573 Seq=29 ReqRX:Y ReqTX:Y RepRX:- RepTX:-
2026-02-06 15:14:44.572 [update] ID=15573 Seq=29 ReqRX:Y ReqTX:Y RepRX:Y RepTX:-
2026-02-06 15:14:44.572 [complete] ID=15573 Seq=29 ReqRX:Y ReqTX:Y RepRX:Y RepTX:Y
  Latency(us): ReqInternal=46.8  External=233.8  RepInternal=45.7  Total=326.4
--------------------------------------------------------------------------------
2026-02-06 15:14:45.618 [new] ID=15573 Seq=30 ReqRX:Y ReqTX:- RepRX:- RepTX:-
2026-02-06 15:14:45.618 [update] ID=15573 Seq=30 ReqRX:Y ReqTX:Y RepRX:- RepTX:-
2026-02-06 15:14:45.618 [update] ID=15573 Seq=30 ReqRX:Y ReqTX:Y RepRX:Y RepTX:-
2026-02-06 15:14:45.618 [complete] ID=15573 Seq=30 ReqRX:Y ReqTX:Y RepRX:Y RepTX:Y
  Latency(us): ReqInternal=50.6  External=296.4  RepInternal=53.0  Total=400.0
--------------------------------------------------------------------------------
2026-02-06 15:14:46.642 [new] ID=15573 Seq=31 ReqRX:Y ReqTX:- RepRX:- RepTX:-
2026-02-06 15:14:46.642 [update] ID=15573 Seq=31 ReqRX:Y ReqTX:Y RepRX:- RepTX:-
2026-02-06 15:14:46.642 [update] ID=15573 Seq=31 ReqRX:Y ReqTX:Y RepRX:Y RepTX:-
2026-02-06 15:14:46.642 [complete] ID=15573 Seq=31 ReqRX:Y ReqTX:Y RepRX:Y RepTX:Y
  Latency(us): ReqInternal=55.3  External=244.4  RepInternal=36.8  Total=336.6
--------------------------------------------------------------------------------
2026-02-06 15:14:47.666 [new] ID=15573 Seq=32 ReqRX:Y ReqTX:- RepRX:- RepTX:-
2026-02-06 15:14:47.666 [update] ID=15573 Seq=32 ReqRX:Y ReqTX:Y RepRX:- RepTX:-
2026-02-06 15:14:47.667 [update] ID=15573 Seq=32 ReqRX:Y ReqTX:Y RepRX:Y RepTX:-
2026-02-06 15:14:47.667 [complete] ID=15573 Seq=32 ReqRX:Y ReqTX:Y RepRX:Y RepTX:Y
  Latency(us): ReqInternal=52.4  External=562.9  RepInternal=42.4  Total=657.7
--------------------------------------------------------------------------------
2026-02-06 15:14:48.690 [new] ID=15573 Seq=33 ReqRX:Y ReqTX:- RepRX:- RepTX:-
2026-02-06 15:14:48.690 [update] ID=15573 Seq=33 ReqRX:Y ReqTX:Y RepRX:- RepTX:-
2026-02-06 15:14:48.690 [update] ID=15573 Seq=33 ReqRX:Y ReqTX:Y RepRX:Y RepTX:-
2026-02-06 15:14:48.690 [complete] ID=15573 Seq=33 ReqRX:Y ReqTX:Y RepRX:Y RepTX:Y
  Latency(us): ReqInternal=53.7  External=177.4  RepInternal=39.8  Total=270.8
--------------------------------------------------------------------------------

Detaching...

=== ICMP Flow Statistics ===
Total flows tracked: 27
Complete flows: 25
Request internal drops: 0
External drops: 2
Reply internal drops: 0
