=== ICMP Drop Detector ===
Source IP: 192.168.77.83
Destination IP: 192.168.76.244
RX Interface(s): vnet35(ifindex=62)
TX Interface(s): enp24s0f0np0(ifindex=3)
Timeout: 1000 ms

Flow path:
  [0] Request RX at vnet35
  [1] Request TX at enp24s0f0np0
  [2] Reply RX at enp24s0f0np0
  [3] Reply TX at vnet35

Tracing... Hit Ctrl-C to end.

2026-02-04 18:23:23.445 [new] ID=183 Seq=6 ReqRX:Y ReqTX:- RepRX:- RepTX:-
2026-02-04 18:23:23.445 [update] ID=183 Seq=6 ReqRX:Y ReqTX:Y RepRX:- RepTX:-
2026-02-04 18:23:23.445 [update] ID=183 Seq=6 ReqRX:Y ReqTX:Y RepRX:Y RepTX:-
2026-02-04 18:23:23.445 [complete] ID=183 Seq=6 ReqRX:Y ReqTX:Y RepRX:Y RepTX:Y
  Latency(us): ReqInternal=57.7  External=241.4  RepInternal=51.9  Total=351.0
--------------------------------------------------------------------------------
2026-02-04 18:23:24.469 [new] ID=183 Seq=7 ReqRX:Y ReqTX:- RepRX:- RepTX:-
2026-02-04 18:23:24.469 [update] ID=183 Seq=7 ReqRX:Y ReqTX:Y RepRX:- RepTX:-
2026-02-04 18:23:24.469 [update] ID=183 Seq=7 ReqRX:Y ReqTX:Y RepRX:Y RepTX:-
2026-02-04 18:23:24.469 [complete] ID=183 Seq=7 ReqRX:Y ReqTX:Y RepRX:Y RepTX:Y
  Latency(us): ReqInternal=62.7  External=287.4  RepInternal=61.3  Total=411.4
--------------------------------------------------------------------------------
2026-02-04 18:23:25.493 [new] ID=183 Seq=8 ReqRX:Y ReqTX:- RepRX:- RepTX:-
2026-02-04 18:23:25.493 [update] ID=183 Seq=8 ReqRX:Y ReqTX:Y RepRX:- RepTX:-
2026-02-04 18:23:25.493 [update] ID=183 Seq=8 ReqRX:Y ReqTX:Y RepRX:Y RepTX:-
2026-02-04 18:23:25.493 [complete] ID=183 Seq=8 ReqRX:Y ReqTX:Y RepRX:Y RepTX:Y
  Latency(us): ReqInternal=54.3  External=289.8  RepInternal=48.2  Total=392.3
--------------------------------------------------------------------------------
2026-02-04 18:23:26.517 [new] ID=183 Seq=9 ReqRX:Y ReqTX:- RepRX:- RepTX:-
2026-02-04 18:23:26.517 [update] ID=183 Seq=9 ReqRX:Y ReqTX:Y RepRX:- RepTX:-
2026-02-04 18:23:26.517 [update] ID=183 Seq=9 ReqRX:Y ReqTX:Y RepRX:Y RepTX:-
2026-02-04 18:23:26.517 [complete] ID=183 Seq=9 ReqRX:Y ReqTX:Y RepRX:Y RepTX:Y
  Latency(us): ReqInternal=46.4  External=307.1  RepInternal=47.3  Total=400.8
--------------------------------------------------------------------------------
2026-02-04 18:23:27.541 [new] ID=183 Seq=10 ReqRX:Y ReqTX:- RepRX:- RepTX:-
2026-02-04 18:23:27.541 [update] ID=183 Seq=10 ReqRX:Y ReqTX:Y RepRX:- RepTX:-
2026-02-04 18:23:27.541 [update] ID=183 Seq=10 ReqRX:Y ReqTX:Y RepRX:Y RepTX:-
2026-02-04 18:23:27.541 [complete] ID=183 Seq=10 ReqRX:Y ReqTX:Y RepRX:Y RepTX:Y
  Latency(us): ReqInternal=50.6  External=277.8  RepInternal=51.0  Total=379.4
--------------------------------------------------------------------------------
2026-02-04 18:23:28.565 [new] ID=183 Seq=11 ReqRX:Y ReqTX:- RepRX:- RepTX:-
2026-02-04 18:23:28.565 [update] ID=183 Seq=11 ReqRX:Y ReqTX:Y RepRX:- RepTX:-
2026-02-04 18:23:28.565 [update] ID=183 Seq=11 ReqRX:Y ReqTX:Y RepRX:Y RepTX:-
2026-02-04 18:23:28.565 [complete] ID=183 Seq=11 ReqRX:Y ReqTX:Y RepRX:Y RepTX:Y
  Latency(us): ReqInternal=54.3  External=276.1  RepInternal=47.1  Total=377.5
--------------------------------------------------------------------------------
2026-02-04 18:23:29.589 [new] ID=183 Seq=12 ReqRX:Y ReqTX:- RepRX:- RepTX:-
2026-02-04 18:23:29.589 [update] ID=183 Seq=12 ReqRX:Y ReqTX:Y RepRX:- RepTX:-
2026-02-04 18:23:29.589 [update] ID=183 Seq=12 ReqRX:Y ReqTX:Y RepRX:Y RepTX:-
2026-02-04 18:23:29.589 [complete] ID=183 Seq=12 ReqRX:Y ReqTX:Y RepRX:Y RepTX:Y
  Latency(us): ReqInternal=57.2  External=247.2  RepInternal=43.2  Total=347.6
--------------------------------------------------------------------------------
2026-02-04 18:23:30.613 [new] ID=183 Seq=13 ReqRX:Y ReqTX:- RepRX:- RepTX:-
2026-02-04 18:23:30.613 [update] ID=183 Seq=13 ReqRX:Y ReqTX:Y RepRX:- RepTX:-
2026-02-04 18:23:30.613 [update] ID=183 Seq=13 ReqRX:Y ReqTX:Y RepRX:Y RepTX:-
2026-02-04 18:23:30.613 [complete] ID=183 Seq=13 ReqRX:Y ReqTX:Y RepRX:Y RepTX:Y
  Latency(us): ReqInternal=50.8  External=266.7  RepInternal=48.1  Total=365.5
--------------------------------------------------------------------------------
2026-02-04 18:23:31.637 [new] ID=183 Seq=14 ReqRX:Y ReqTX:- RepRX:- RepTX:-
2026-02-04 18:23:31.637 [update] ID=183 Seq=14 ReqRX:Y ReqTX:Y RepRX:- RepTX:-
2026-02-04 18:23:31.637 [update] ID=183 Seq=14 ReqRX:Y ReqTX:Y RepRX:Y RepTX:-
2026-02-04 18:23:31.637 [complete] ID=183 Seq=14 ReqRX:Y ReqTX:Y RepRX:Y RepTX:Y
  Latency(us): ReqInternal=54.2  External=239.6  RepInternal=50.5  Total=344.4
--------------------------------------------------------------------------------
2026-02-04 18:23:32.661 [new] ID=183 Seq=15 ReqRX:Y ReqTX:- RepRX:- RepTX:-
2026-02-04 18:23:32.661 [update] ID=183 Seq=15 ReqRX:Y ReqTX:Y RepRX:- RepTX:-
2026-02-04 18:23:32.661 [update] ID=183 Seq=15 ReqRX:Y ReqTX:Y RepRX:Y RepTX:-
2026-02-04 18:23:32.661 [complete] ID=183 Seq=15 ReqRX:Y ReqTX:Y RepRX:Y RepTX:Y
  Latency(us): ReqInternal=51.9  External=299.5  RepInternal=50.3  Total=401.7
--------------------------------------------------------------------------------
2026-02-04 18:23:33.685 [new] ID=183 Seq=16 ReqRX:Y ReqTX:- RepRX:- RepTX:-
2026-02-04 18:23:33.685 [update] ID=183 Seq=16 ReqRX:Y ReqTX:Y RepRX:- RepTX:-
2026-02-04 18:23:33.685 [update] ID=183 Seq=16 ReqRX:Y ReqTX:Y RepRX:Y RepTX:-
2026-02-04 18:23:33.685 [complete] ID=183 Seq=16 ReqRX:Y ReqTX:Y RepRX:Y RepTX:Y
  Latency(us): ReqInternal=57.8  External=252.6  RepInternal=49.2  Total=359.6
--------------------------------------------------------------------------------
2026-02-04 18:23:34.709 [new] ID=183 Seq=17 ReqRX:Y ReqTX:- RepRX:- RepTX:-
2026-02-04 18:23:34.709 [update] ID=183 Seq=17 ReqRX:Y ReqTX:Y RepRX:- RepTX:-
2026-02-04 18:23:34.709 [update] ID=183 Seq=17 ReqRX:Y ReqTX:Y RepRX:Y RepTX:-
2026-02-04 18:23:34.709 [complete] ID=183 Seq=17 ReqRX:Y ReqTX:Y RepRX:Y RepTX:Y
  Latency(us): ReqInternal=52.8  External=241.4  RepInternal=49.6  Total=343.8
--------------------------------------------------------------------------------
2026-02-04 18:23:35.733 [new] ID=183 Seq=18 ReqRX:Y ReqTX:- RepRX:- RepTX:-
2026-02-04 18:23:35.733 [update] ID=183 Seq=18 ReqRX:Y ReqTX:Y RepRX:- RepTX:-
2026-02-04 18:23:35.733 [update] ID=183 Seq=18 ReqRX:Y ReqTX:Y RepRX:Y RepTX:-
2026-02-04 18:23:35.733 [complete] ID=183 Seq=18 ReqRX:Y ReqTX:Y RepRX:Y RepTX:Y
  Latency(us): ReqInternal=61.1  External=279.5  RepInternal=50.0  Total=390.7
--------------------------------------------------------------------------------
2026-02-04 18:23:36.757 [new] ID=183 Seq=19 ReqRX:Y ReqTX:- RepRX:- RepTX:-
2026-02-04 18:23:36.757 [update] ID=183 Seq=19 ReqRX:Y ReqTX:Y RepRX:- RepTX:-
2026-02-04 18:23:36.757 [update] ID=183 Seq=19 ReqRX:Y ReqTX:Y RepRX:Y RepTX:-
2026-02-04 18:23:36.757 [complete] ID=183 Seq=19 ReqRX:Y ReqTX:Y RepRX:Y RepTX:Y
  Latency(us): ReqInternal=50.7  External=357.9  RepInternal=56.7  Total=465.3
--------------------------------------------------------------------------------
2026-02-04 18:23:37.781 [new] ID=183 Seq=20 ReqRX:Y ReqTX:- RepRX:- RepTX:-
2026-02-04 18:23:37.781 [update] ID=183 Seq=20 ReqRX:Y ReqTX:Y RepRX:- RepTX:-
2026-02-04 18:23:37.781 [update] ID=183 Seq=20 ReqRX:Y ReqTX:Y RepRX:Y RepTX:-
2026-02-04 18:23:37.781 [complete] ID=183 Seq=20 ReqRX:Y ReqTX:Y RepRX:Y RepTX:Y
  Latency(us): ReqInternal=47.4  External=234.0  RepInternal=47.2  Total=328.6
--------------------------------------------------------------------------------
2026-02-04 18:23:38.805 [new] ID=183 Seq=21 ReqRX:Y ReqTX:- RepRX:- RepTX:-
2026-02-04 18:23:38.805 [update] ID=183 Seq=21 ReqRX:Y ReqTX:Y RepRX:- RepTX:-
2026-02-04 18:23:38.805 [update] ID=183 Seq=21 ReqRX:Y ReqTX:Y RepRX:Y RepTX:-
2026-02-04 18:23:38.805 [complete] ID=183 Seq=21 ReqRX:Y ReqTX:Y RepRX:Y RepTX:Y
  Latency(us): ReqInternal=52.1  External=251.0  RepInternal=54.6  Total=357.7
--------------------------------------------------------------------------------
2026-02-04 18:23:39.829 [new] ID=183 Seq=22 ReqRX:Y ReqTX:- RepRX:- RepTX:-
2026-02-04 18:23:39.829 [update] ID=183 Seq=22 ReqRX:Y ReqTX:Y RepRX:- RepTX:-
2026-02-04 18:23:39.829 [update] ID=183 Seq=22 ReqRX:Y ReqTX:Y RepRX:Y RepTX:-
2026-02-04 18:23:39.829 [complete] ID=183 Seq=22 ReqRX:Y ReqTX:Y RepRX:Y RepTX:Y
  Latency(us): ReqInternal=53.9  External=255.2  RepInternal=68.0  Total=377.1
--------------------------------------------------------------------------------
2026-02-04 18:23:40.853 [new] ID=183 Seq=23 ReqRX:Y ReqTX:- RepRX:- RepTX:-
2026-02-04 18:23:40.853 [update] ID=183 Seq=23 ReqRX:Y ReqTX:Y RepRX:- RepTX:-
2026-02-04 18:23:40.853 [update] ID=183 Seq=23 ReqRX:Y ReqTX:Y RepRX:Y RepTX:-
2026-02-04 18:23:40.853 [complete] ID=183 Seq=23 ReqRX:Y ReqTX:Y RepRX:Y RepTX:Y
  Latency(us): ReqInternal=47.5  External=265.0  RepInternal=45.5  Total=358.0
--------------------------------------------------------------------------------
2026-02-04 18:23:41.877 [new] ID=183 Seq=24 ReqRX:Y ReqTX:- RepRX:- RepTX:-
2026-02-04 18:23:41.877 [update] ID=183 Seq=24 ReqRX:Y ReqTX:Y RepRX:- RepTX:-
2026-02-04 18:23:41.877 [update] ID=183 Seq=24 ReqRX:Y ReqTX:Y RepRX:Y RepTX:-
2026-02-04 18:23:41.877 [complete] ID=183 Seq=24 ReqRX:Y ReqTX:Y RepRX:Y RepTX:Y
  Latency(us): ReqInternal=54.7  External=248.2  RepInternal=49.3  Total=352.2
--------------------------------------------------------------------------------
2026-02-04 18:23:42.901 [new] ID=183 Seq=25 ReqRX:Y ReqTX:- RepRX:- RepTX:-
2026-02-04 18:23:42.901 [update] ID=183 Seq=25 ReqRX:Y ReqTX:Y RepRX:- RepTX:-
2026-02-04 18:23:42.901 [update] ID=183 Seq=25 ReqRX:Y ReqTX:Y RepRX:Y RepTX:-
2026-02-04 18:23:42.901 [complete] ID=183 Seq=25 ReqRX:Y ReqTX:Y RepRX:Y RepTX:Y
  Latency(us): ReqInternal=65.7  External=266.1  RepInternal=53.7  Total=385.4
--------------------------------------------------------------------------------
2026-02-04 18:23:43.925 [new] ID=183 Seq=26 ReqRX:Y ReqTX:- RepRX:- RepTX:-
2026-02-04 18:23:43.925 [update] ID=183 Seq=26 ReqRX:Y ReqTX:Y RepRX:- RepTX:-
2026-02-04 18:23:43.925 [update] ID=183 Seq=26 ReqRX:Y ReqTX:Y RepRX:Y RepTX:-
2026-02-04 18:23:43.925 [complete] ID=183 Seq=26 ReqRX:Y ReqTX:Y RepRX:Y RepTX:Y
  Latency(us): ReqInternal=50.4  External=249.6  RepInternal=45.0  Total=345.1
--------------------------------------------------------------------------------
2026-02-04 18:23:44.949 [new] ID=183 Seq=27 ReqRX:Y ReqTX:- RepRX:- RepTX:-
2026-02-04 18:23:44.949 [update] ID=183 Seq=27 ReqRX:Y ReqTX:Y RepRX:- RepTX:-
2026-02-04 18:23:44.949 [update] ID=183 Seq=27 ReqRX:Y ReqTX:Y RepRX:Y RepTX:-
2026-02-04 18:23:44.949 [complete] ID=183 Seq=27 ReqRX:Y ReqTX:Y RepRX:Y RepTX:Y
  Latency(us): ReqInternal=53.8  External=235.1  RepInternal=46.3  Total=335.3
--------------------------------------------------------------------------------
2026-02-04 18:23:45.972 [new] ID=183 Seq=28 ReqRX:Y ReqTX:- RepRX:- RepTX:-
2026-02-04 18:23:45.973 [update] ID=183 Seq=28 ReqRX:Y ReqTX:Y RepRX:- RepTX:-
2026-02-04 18:23:45.973 [update] ID=183 Seq=28 ReqRX:Y ReqTX:Y RepRX:Y RepTX:-
2026-02-04 18:23:45.973 [complete] ID=183 Seq=28 ReqRX:Y ReqTX:Y RepRX:Y RepTX:Y
  Latency(us): ReqInternal=56.5  External=237.9  RepInternal=50.5  Total=344.9
--------------------------------------------------------------------------------
2026-02-04 18:23:46.997 [new] ID=183 Seq=29 ReqRX:Y ReqTX:- RepRX:- RepTX:-
2026-02-04 18:23:46.997 [update] ID=183 Seq=29 ReqRX:Y ReqTX:Y RepRX:- RepTX:-
2026-02-04 18:23:46.997 [update] ID=183 Seq=29 ReqRX:Y ReqTX:Y RepRX:Y RepTX:-
2026-02-04 18:23:46.997 [complete] ID=183 Seq=29 ReqRX:Y ReqTX:Y RepRX:Y RepTX:Y
  Latency(us): ReqInternal=48.2  External=240.1  RepInternal=47.9  Total=336.2
--------------------------------------------------------------------------------
2026-02-04 18:23:48.021 [new] ID=183 Seq=30 ReqRX:Y ReqTX:- RepRX:- RepTX:-
2026-02-04 18:23:48.021 [update] ID=183 Seq=30 ReqRX:Y ReqTX:Y RepRX:- RepTX:-
2026-02-04 18:23:48.021 [update] ID=183 Seq=30 ReqRX:Y ReqTX:Y RepRX:Y RepTX:-
2026-02-04 18:23:48.021 [complete] ID=183 Seq=30 ReqRX:Y ReqTX:Y RepRX:Y RepTX:Y
  Latency(us): ReqInternal=51.8  External=236.6  RepInternal=50.7  Total=339.1
--------------------------------------------------------------------------------
2026-02-04 18:23:49.045 [new] ID=183 Seq=31 ReqRX:Y ReqTX:- RepRX:- RepTX:-
2026-02-04 18:23:49.045 [update] ID=183 Seq=31 ReqRX:Y ReqTX:Y RepRX:- RepTX:-
2026-02-04 18:23:49.045 [update] ID=183 Seq=31 ReqRX:Y ReqTX:Y RepRX:Y RepTX:-
2026-02-04 18:23:49.045 [complete] ID=183 Seq=31 ReqRX:Y ReqTX:Y RepRX:Y RepTX:Y
  Latency(us): ReqInternal=53.5  External=210.0  RepInternal=59.8  Total=323.2
--------------------------------------------------------------------------------
2026-02-04 18:23:50.069 [new] ID=183 Seq=32 ReqRX:Y ReqTX:- RepRX:- RepTX:-
2026-02-04 18:23:50.069 [update] ID=183 Seq=32 ReqRX:Y ReqTX:Y RepRX:- RepTX:-
2026-02-04 18:23:50.069 [update] ID=183 Seq=32 ReqRX:Y ReqTX:Y RepRX:Y RepTX:-
2026-02-04 18:23:50.069 [complete] ID=183 Seq=32 ReqRX:Y ReqTX:Y RepRX:Y RepTX:Y
  Latency(us): ReqInternal=55.4  External=237.6  RepInternal=49.2  Total=342.2
--------------------------------------------------------------------------------

Detaching...

=== ICMP Flow Statistics ===
Total flows tracked: 27
Complete flows: 27
Request internal drops: 0
External drops: 0
Reply internal drops: 0
