=== ICMP Drop Detector ===
Source IP: 192.168.77.83
Destination IP: 192.168.76.244
RX Interface(s): vnet35(ifindex=62)
TX Interface(s): enp24s0f0np0(ifindex=3)
Timeout: 1000 ms

Flow path:
  [0] Request RX at vnet35
  [1] Request TX at enp24s0f0np0
  [2] Reply RX at enp24s0f0np0
  [3] Reply TX at vnet35

Tracing... Hit Ctrl-C to end.

2026-02-04 17:50:23.796 [new] ID=154 Seq=6 ReqRX:Y ReqTX:- RepRX:- RepTX:-
2026-02-04 17:50:23.797 [update] ID=154 Seq=6 ReqRX:Y ReqTX:Y RepRX:- RepTX:-
2026-02-04 17:50:23.797 [update] ID=154 Seq=6 ReqRX:Y ReqTX:Y RepRX:Y RepTX:-
2026-02-04 17:50:23.797 [complete] ID=154 Seq=6 ReqRX:Y ReqTX:Y RepRX:Y RepTX:Y
  Latency(us): ReqInternal=52.8  External=303.7  RepInternal=63.8  Total=420.3
--------------------------------------------------------------------------------
2026-02-04 17:50:24.820 [new] ID=154 Seq=7 ReqRX:Y ReqTX:- RepRX:- RepTX:-
2026-02-04 17:50:24.820 [update] ID=154 Seq=7 ReqRX:Y ReqTX:Y RepRX:- RepTX:-
2026-02-04 17:50:24.821 [update] ID=154 Seq=7 ReqRX:Y ReqTX:Y RepRX:Y RepTX:-
2026-02-04 17:50:24.821 [complete] ID=154 Seq=7 ReqRX:Y ReqTX:Y RepRX:Y RepTX:Y
  Latency(us): ReqInternal=62.4  External=291.3  RepInternal=43.2  Total=396.9
--------------------------------------------------------------------------------
2026-02-04 17:50:25.844 [new] ID=154 Seq=8 ReqRX:Y ReqTX:- RepRX:- RepTX:-
2026-02-04 17:50:25.844 [update] ID=154 Seq=8 ReqRX:Y ReqTX:Y RepRX:- RepTX:-
2026-02-04 17:50:25.845 [update] ID=154 Seq=8 ReqRX:Y ReqTX:Y RepRX:Y RepTX:-
2026-02-04 17:50:25.845 [complete] ID=154 Seq=8 ReqRX:Y ReqTX:Y RepRX:Y RepTX:Y
  Latency(us): ReqInternal=45.5  External=269.4  RepInternal=38.2  Total=353.1
--------------------------------------------------------------------------------
2026-02-04 17:50:26.868 [new] ID=154 Seq=9 ReqRX:Y ReqTX:- RepRX:- RepTX:-
2026-02-04 17:50:26.868 [update] ID=154 Seq=9 ReqRX:Y ReqTX:Y RepRX:- RepTX:-
2026-02-04 17:50:26.869 [update] ID=154 Seq=9 ReqRX:Y ReqTX:Y RepRX:Y RepTX:-
2026-02-04 17:50:26.869 [complete] ID=154 Seq=9 ReqRX:Y ReqTX:Y RepRX:Y RepTX:Y
  Latency(us): ReqInternal=49.6  External=240.2  RepInternal=44.3  Total=334.1
--------------------------------------------------------------------------------
2026-02-04 17:50:27.892 [new] ID=154 Seq=10 ReqRX:Y ReqTX:- RepRX:- RepTX:-
2026-02-04 17:50:27.892 [update] ID=154 Seq=10 ReqRX:Y ReqTX:Y RepRX:- RepTX:-
2026-02-04 17:50:27.893 [update] ID=154 Seq=10 ReqRX:Y ReqTX:Y RepRX:Y RepTX:-
2026-02-04 17:50:27.893 [complete] ID=154 Seq=10 ReqRX:Y ReqTX:Y RepRX:Y RepTX:Y
  Latency(us): ReqInternal=77.0  External=250.6  RepInternal=39.7  Total=367.3
--------------------------------------------------------------------------------
2026-02-04 17:50:28.916 [new] ID=154 Seq=11 ReqRX:Y ReqTX:- RepRX:- RepTX:-
2026-02-04 17:50:28.916 [update] ID=154 Seq=11 ReqRX:Y ReqTX:Y RepRX:- RepTX:-
2026-02-04 17:50:28.917 [update] ID=154 Seq=11 ReqRX:Y ReqTX:Y RepRX:Y RepTX:-
2026-02-04 17:50:28.917 [complete] ID=154 Seq=11 ReqRX:Y ReqTX:Y RepRX:Y RepTX:Y
  Latency(us): ReqInternal=60.7  External=229.6  RepInternal=47.4  Total=337.7
--------------------------------------------------------------------------------
2026-02-04 17:50:29.940 [new] ID=154 Seq=12 ReqRX:Y ReqTX:- RepRX:- RepTX:-
2026-02-04 17:50:29.940 [update] ID=154 Seq=12 ReqRX:Y ReqTX:Y RepRX:- RepTX:-
2026-02-04 17:50:29.941 [update] ID=154 Seq=12 ReqRX:Y ReqTX:Y RepRX:Y RepTX:-
2026-02-04 17:50:29.941 [complete] ID=154 Seq=12 ReqRX:Y ReqTX:Y RepRX:Y RepTX:Y
  Latency(us): ReqInternal=60.3  External=271.4  RepInternal=42.0  Total=373.7
--------------------------------------------------------------------------------
2026-02-04 17:50:30.964 [new] ID=154 Seq=13 ReqRX:Y ReqTX:- RepRX:- RepTX:-
2026-02-04 17:50:30.964 [update] ID=154 Seq=13 ReqRX:Y ReqTX:Y RepRX:- RepTX:-
2026-02-04 17:50:30.965 [update] ID=154 Seq=13 ReqRX:Y ReqTX:Y RepRX:Y RepTX:-
2026-02-04 17:50:30.965 [complete] ID=154 Seq=13 ReqRX:Y ReqTX:Y RepRX:Y RepTX:Y
  Latency(us): ReqInternal=54.8  External=262.6  RepInternal=45.4  Total=362.7
--------------------------------------------------------------------------------
2026-02-04 17:50:31.988 [new] ID=154 Seq=14 ReqRX:Y ReqTX:- RepRX:- RepTX:-
2026-02-04 17:50:31.988 [update] ID=154 Seq=14 ReqRX:Y ReqTX:Y RepRX:- RepTX:-
2026-02-04 17:50:31.989 [update] ID=154 Seq=14 ReqRX:Y ReqTX:Y RepRX:Y RepTX:-
2026-02-04 17:50:31.989 [complete] ID=154 Seq=14 ReqRX:Y ReqTX:Y RepRX:Y RepTX:Y
  Latency(us): ReqInternal=53.9  External=274.8  RepInternal=47.6  Total=376.3
--------------------------------------------------------------------------------
2026-02-04 17:50:33.013 [new] ID=154 Seq=15 ReqRX:Y ReqTX:- RepRX:- RepTX:-
2026-02-04 17:50:33.013 [update] ID=154 Seq=15 ReqRX:Y ReqTX:Y RepRX:- RepTX:-
2026-02-04 17:50:33.013 [update] ID=154 Seq=15 ReqRX:Y ReqTX:Y RepRX:Y RepTX:-
2026-02-04 17:50:33.013 [complete] ID=154 Seq=15 ReqRX:Y ReqTX:Y RepRX:Y RepTX:Y
  Latency(us): ReqInternal=60.0  External=252.9  RepInternal=42.4  Total=355.3
--------------------------------------------------------------------------------
2026-02-04 17:50:34.037 [new] ID=154 Seq=16 ReqRX:Y ReqTX:- RepRX:- RepTX:-
2026-02-04 17:50:34.037 [update] ID=154 Seq=16 ReqRX:Y ReqTX:Y RepRX:- RepTX:-
2026-02-04 17:50:34.037 [update] ID=154 Seq=16 ReqRX:Y ReqTX:Y RepRX:Y RepTX:-
2026-02-04 17:50:34.037 [complete] ID=154 Seq=16 ReqRX:Y ReqTX:Y RepRX:Y RepTX:Y
  Latency(us): ReqInternal=67.8  External=243.2  RepInternal=49.1  Total=360.1
--------------------------------------------------------------------------------
2026-02-04 17:50:35.060 [new] ID=154 Seq=17 ReqRX:Y ReqTX:- RepRX:- RepTX:-
2026-02-04 17:50:35.060 [update] ID=154 Seq=17 ReqRX:Y ReqTX:Y RepRX:- RepTX:-
2026-02-04 17:50:35.061 [update] ID=154 Seq=17 ReqRX:Y ReqTX:Y RepRX:Y RepTX:-
2026-02-04 17:50:35.061 [complete] ID=154 Seq=17 ReqRX:Y ReqTX:Y RepRX:Y RepTX:Y
  Latency(us): ReqInternal=65.5  External=249.4  RepInternal=44.8  Total=359.7
--------------------------------------------------------------------------------
2026-02-04 17:50:36.084 [new] ID=154 Seq=18 ReqRX:Y ReqTX:- RepRX:- RepTX:-
2026-02-04 17:50:36.084 [update] ID=154 Seq=18 ReqRX:Y ReqTX:Y RepRX:- RepTX:-
2026-02-04 17:50:36.085 [update] ID=154 Seq=18 ReqRX:Y ReqTX:Y RepRX:Y RepTX:-
2026-02-04 17:50:36.085 [complete] ID=154 Seq=18 ReqRX:Y ReqTX:Y RepRX:Y RepTX:Y
  Latency(us): ReqInternal=61.7  External=263.3  RepInternal=36.3  Total=361.3
--------------------------------------------------------------------------------
2026-02-04 17:50:37.111 [new] ID=154 Seq=19 ReqRX:Y ReqTX:- RepRX:- RepTX:-
2026-02-04 17:50:37.111 [update] ID=154 Seq=19 ReqRX:Y ReqTX:Y RepRX:- RepTX:-
2026-02-04 17:50:38.133 [new] ID=154 Seq=20 ReqRX:Y ReqTX:- RepRX:- RepTX:-
2026-02-04 17:50:38.133 [update] ID=154 Seq=20 ReqRX:Y ReqTX:Y RepRX:- RepTX:-

=== ICMP Drop Detected: 2026-02-04 17:50:38.935 ===
Flow: 192.168.77.83 -> 192.168.76.244 (ID=154, Seq=19)
  [0] ReqRX: recorded
  [1] ReqTX: recorded
  [2] RepRX: MISSING
  [3] RepTX: MISSING

Drop Location: EXTERNAL (network or peer)
  Request sent from enp24s0f0np0 but Reply NOT received at enp24s0f0np0
2026-02-04 17:50:39.157 [new] ID=154 Seq=21 ReqRX:Y ReqTX:- RepRX:- RepTX:-
2026-02-04 17:50:39.157 [update] ID=154 Seq=21 ReqRX:Y ReqTX:Y RepRX:- RepTX:-

=== ICMP Drop Detected: 2026-02-04 17:50:39.962 ===
Flow: 192.168.77.83 -> 192.168.76.244 (ID=154, Seq=20)
  [0] ReqRX: recorded
  [1] ReqTX: recorded
  [2] RepRX: MISSING
  [3] RepTX: MISSING

Drop Location: EXTERNAL (network or peer)
  Request sent from enp24s0f0np0 but Reply NOT received at enp24s0f0np0
2026-02-04 17:50:40.180 [new] ID=154 Seq=22 ReqRX:Y ReqTX:- RepRX:- RepTX:-
2026-02-04 17:50:40.180 [update] ID=154 Seq=22 ReqRX:Y ReqTX:Y RepRX:- RepTX:-
2026-02-04 17:50:40.181 [update] ID=154 Seq=22 ReqRX:Y ReqTX:Y RepRX:Y RepTX:-
2026-02-04 17:50:40.181 [complete] ID=154 Seq=22 ReqRX:Y ReqTX:Y RepRX:Y RepTX:Y
  Latency(us): ReqInternal=48.9  External=235.6  RepInternal=34.9  Total=319.4
--------------------------------------------------------------------------------

=== ICMP Drop Detected: 2026-02-04 17:50:40.982 ===
Flow: 192.168.77.83 -> 192.168.76.244 (ID=154, Seq=21)
  [0] ReqRX: recorded
  [1] ReqTX: recorded
  [2] RepRX: MISSING
  [3] RepTX: MISSING

Drop Location: EXTERNAL (network or peer)
  Request sent from enp24s0f0np0 but Reply NOT received at enp24s0f0np0
2026-02-04 17:50:41.204 [new] ID=154 Seq=23 ReqRX:Y ReqTX:- RepRX:- RepTX:-
2026-02-04 17:50:41.204 [update] ID=154 Seq=23 ReqRX:Y ReqTX:Y RepRX:- RepTX:-
2026-02-04 17:50:41.204 [update] ID=154 Seq=23 ReqRX:Y ReqTX:Y RepRX:Y RepTX:-
2026-02-04 17:50:41.205 [complete] ID=154 Seq=23 ReqRX:Y ReqTX:Y RepRX:Y RepTX:Y
  Latency(us): ReqInternal=60.6  External=207.6  RepInternal=63.2  Total=331.4
--------------------------------------------------------------------------------
2026-02-04 17:50:42.228 [new] ID=154 Seq=24 ReqRX:Y ReqTX:- RepRX:- RepTX:-
2026-02-04 17:50:42.228 [update] ID=154 Seq=24 ReqRX:Y ReqTX:Y RepRX:- RepTX:-
2026-02-04 17:50:42.229 [update] ID=154 Seq=24 ReqRX:Y ReqTX:Y RepRX:Y RepTX:-
2026-02-04 17:50:42.229 [complete] ID=154 Seq=24 ReqRX:Y ReqTX:Y RepRX:Y RepTX:Y
  Latency(us): ReqInternal=67.8  External=250.7  RepInternal=44.5  Total=363.0
--------------------------------------------------------------------------------
2026-02-04 17:50:43.252 [new] ID=154 Seq=25 ReqRX:Y ReqTX:- RepRX:- RepTX:-
2026-02-04 17:50:43.252 [update] ID=154 Seq=25 ReqRX:Y ReqTX:Y RepRX:- RepTX:-
2026-02-04 17:50:43.253 [update] ID=154 Seq=25 ReqRX:Y ReqTX:Y RepRX:Y RepTX:-
2026-02-04 17:50:43.253 [complete] ID=154 Seq=25 ReqRX:Y ReqTX:Y RepRX:Y RepTX:Y
  Latency(us): ReqInternal=52.7  External=239.7  RepInternal=54.7  Total=347.2
--------------------------------------------------------------------------------
2026-02-04 17:50:44.276 [new] ID=154 Seq=26 ReqRX:Y ReqTX:- RepRX:- RepTX:-
2026-02-04 17:50:44.276 [update] ID=154 Seq=26 ReqRX:Y ReqTX:Y RepRX:- RepTX:-
2026-02-04 17:50:44.277 [update] ID=154 Seq=26 ReqRX:Y ReqTX:Y RepRX:Y RepTX:-
2026-02-04 17:50:44.277 [complete] ID=154 Seq=26 ReqRX:Y ReqTX:Y RepRX:Y RepTX:Y
  Latency(us): ReqInternal=48.8  External=236.3  RepInternal=39.4  Total=324.5
--------------------------------------------------------------------------------
2026-02-04 17:50:45.300 [new] ID=154 Seq=27 ReqRX:Y ReqTX:- RepRX:- RepTX:-
2026-02-04 17:50:45.301 [update] ID=154 Seq=27 ReqRX:Y ReqTX:Y RepRX:- RepTX:-
2026-02-04 17:50:45.301 [update] ID=154 Seq=27 ReqRX:Y ReqTX:Y RepRX:Y RepTX:-
2026-02-04 17:50:45.301 [complete] ID=154 Seq=27 ReqRX:Y ReqTX:Y RepRX:Y RepTX:Y
  Latency(us): ReqInternal=64.5  External=228.4  RepInternal=47.2  Total=340.1
--------------------------------------------------------------------------------
2026-02-04 17:50:46.324 [new] ID=154 Seq=28 ReqRX:Y ReqTX:- RepRX:- RepTX:-
2026-02-04 17:50:46.324 [update] ID=154 Seq=28 ReqRX:Y ReqTX:Y RepRX:- RepTX:-
2026-02-04 17:50:46.325 [update] ID=154 Seq=28 ReqRX:Y ReqTX:Y RepRX:Y RepTX:-
2026-02-04 17:50:46.325 [complete] ID=154 Seq=28 ReqRX:Y ReqTX:Y RepRX:Y RepTX:Y
  Latency(us): ReqInternal=45.5  External=233.9  RepInternal=48.8  Total=328.2
--------------------------------------------------------------------------------
2026-02-04 17:50:47.348 [new] ID=154 Seq=29 ReqRX:Y ReqTX:- RepRX:- RepTX:-
2026-02-04 17:50:47.348 [update] ID=154 Seq=29 ReqRX:Y ReqTX:Y RepRX:- RepTX:-
2026-02-04 17:50:47.349 [update] ID=154 Seq=29 ReqRX:Y ReqTX:Y RepRX:Y RepTX:-
2026-02-04 17:50:47.349 [complete] ID=154 Seq=29 ReqRX:Y ReqTX:Y RepRX:Y RepTX:Y
  Latency(us): ReqInternal=48.0  External=230.9  RepInternal=32.7  Total=311.6
--------------------------------------------------------------------------------
2026-02-04 17:50:48.372 [new] ID=154 Seq=30 ReqRX:Y ReqTX:- RepRX:- RepTX:-
2026-02-04 17:50:48.372 [update] ID=154 Seq=30 ReqRX:Y ReqTX:Y RepRX:- RepTX:-
2026-02-04 17:50:48.373 [update] ID=154 Seq=30 ReqRX:Y ReqTX:Y RepRX:Y RepTX:-
2026-02-04 17:50:48.373 [complete] ID=154 Seq=30 ReqRX:Y ReqTX:Y RepRX:Y RepTX:Y
  Latency(us): ReqInternal=54.8  External=290.0  RepInternal=33.5  Total=378.3
--------------------------------------------------------------------------------
2026-02-04 17:50:49.396 [new] ID=154 Seq=31 ReqRX:Y ReqTX:- RepRX:- RepTX:-
2026-02-04 17:50:49.396 [update] ID=154 Seq=31 ReqRX:Y ReqTX:Y RepRX:- RepTX:-
2026-02-04 17:50:49.397 [update] ID=154 Seq=31 ReqRX:Y ReqTX:Y RepRX:Y RepTX:-
2026-02-04 17:50:49.397 [complete] ID=154 Seq=31 ReqRX:Y ReqTX:Y RepRX:Y RepTX:Y
  Latency(us): ReqInternal=62.6  External=253.2  RepInternal=36.4  Total=352.3
--------------------------------------------------------------------------------
2026-02-04 17:50:50.420 [new] ID=154 Seq=32 ReqRX:Y ReqTX:- RepRX:- RepTX:-
2026-02-04 17:50:50.420 [update] ID=154 Seq=32 ReqRX:Y ReqTX:Y RepRX:- RepTX:-
2026-02-04 17:50:50.421 [update] ID=154 Seq=32 ReqRX:Y ReqTX:Y RepRX:Y RepTX:-
2026-02-04 17:50:50.421 [complete] ID=154 Seq=32 ReqRX:Y ReqTX:Y RepRX:Y RepTX:Y
  Latency(us): ReqInternal=63.0  External=239.0  RepInternal=34.0  Total=336.1
--------------------------------------------------------------------------------

Detaching...

=== ICMP Flow Statistics ===
Total flows tracked: 27
Complete flows: 24
Request internal drops: 0
External drops: 3
Reply internal drops: 0
