=== ICMP Drop Detector ===
Source IP: 192.168.77.83
Destination IP: 192.168.76.244
RX Interface(s): vnet35(ifindex=62)
TX Interface(s): enp24s0f0np0(ifindex=3)
Timeout: 1000 ms

Flow path:
  [0] Request RX at vnet35
  [1] Request TX at enp24s0f0np0
  [2] Reply RX at enp24s0f0np0
  [3] Reply TX at vnet35

Tracing... Hit Ctrl-C to end.

2026-02-05 17:47:50.170 [new] ID=3019 Seq=5 ReqRX:Y ReqTX:- RepRX:- RepTX:-
2026-02-05 17:47:50.200 [update] ID=3019 Seq=5 ReqRX:Y ReqTX:Y RepRX:Y RepTX:-
2026-02-05 17:47:50.200 [complete] ID=3019 Seq=5 ReqRX:Y ReqTX:Y RepRX:Y RepTX:Y
  Latency(us): ReqInternal=20075.2  External=246.7  RepInternal=56.4  Total=20378.3
--------------------------------------------------------------------------------
2026-02-05 17:47:50.200 [update] ID=3019 Seq=5 ReqRX:Y ReqTX:Y RepRX:Y RepTX:Y
2026-02-05 17:47:50.625 [new] ID=3018 Seq=7 ReqRX:Y ReqTX:- RepRX:- RepTX:-
2026-02-05 17:47:50.645 [update] ID=3018 Seq=7 ReqRX:Y ReqTX:Y RepRX:- RepTX:-
2026-02-05 17:47:50.645 [update] ID=3018 Seq=7 ReqRX:Y ReqTX:Y RepRX:Y RepTX:-
2026-02-05 17:47:50.645 [complete] ID=3018 Seq=7 ReqRX:Y ReqTX:Y RepRX:Y RepTX:Y
  Latency(us): ReqInternal=20060.7  External=288.1  RepInternal=44.1  Total=20392.9
--------------------------------------------------------------------------------
2026-02-05 17:47:51.627 [new] ID=3018 Seq=8 ReqRX:Y ReqTX:- RepRX:- RepTX:-
2026-02-05 17:47:51.647 [update] ID=3018 Seq=8 ReqRX:Y ReqTX:Y RepRX:- RepTX:-
2026-02-05 17:47:51.647 [update] ID=3018 Seq=8 ReqRX:Y ReqTX:Y RepRX:Y RepTX:-
2026-02-05 17:47:51.647 [complete] ID=3018 Seq=8 ReqRX:Y ReqTX:Y RepRX:Y RepTX:Y
  Latency(us): ReqInternal=20075.5  External=233.8  RepInternal=42.0  Total=20351.3
--------------------------------------------------------------------------------
2026-02-05 17:47:52.205 [new] ID=3020 Seq=1 ReqRX:Y ReqTX:- RepRX:- RepTX:-
2026-02-05 17:47:52.225 [update] ID=3020 Seq=1 ReqRX:Y ReqTX:Y RepRX:- RepTX:-
2026-02-05 17:47:52.225 [update] ID=3020 Seq=1 ReqRX:Y ReqTX:Y RepRX:Y RepTX:-
2026-02-05 17:47:52.225 [complete] ID=3020 Seq=1 ReqRX:Y ReqTX:Y RepRX:Y RepTX:Y
  Latency(us): ReqInternal=20088.3  External=307.0  RepInternal=52.1  Total=20447.4
--------------------------------------------------------------------------------
2026-02-05 17:47:52.628 [new] ID=3018 Seq=9 ReqRX:Y ReqTX:- RepRX:- RepTX:-
2026-02-05 17:47:52.648 [update] ID=3018 Seq=9 ReqRX:Y ReqTX:Y RepRX:- RepTX:-
2026-02-05 17:47:52.648 [update] ID=3018 Seq=9 ReqRX:Y ReqTX:Y RepRX:Y RepTX:-
2026-02-05 17:47:52.648 [complete] ID=3018 Seq=9 ReqRX:Y ReqTX:Y RepRX:Y RepTX:Y
  Latency(us): ReqInternal=20060.4  External=250.1  RepInternal=43.5  Total=20354.1
--------------------------------------------------------------------------------
2026-02-05 17:47:53.209 [new] ID=3020 Seq=2 ReqRX:Y ReqTX:- RepRX:- RepTX:-
2026-02-05 17:47:53.229 [update] ID=3020 Seq=2 ReqRX:Y ReqTX:Y RepRX:- RepTX:-
2026-02-05 17:47:53.230 [update] ID=3020 Seq=2 ReqRX:Y ReqTX:Y RepRX:Y RepTX:-
2026-02-05 17:47:53.230 [complete] ID=3020 Seq=2 ReqRX:Y ReqTX:Y RepRX:Y RepTX:Y
  Latency(us): ReqInternal=20069.4  External=227.1  RepInternal=39.9  Total=20336.4
--------------------------------------------------------------------------------
2026-02-05 17:47:53.630 [new] ID=3018 Seq=10 ReqRX:Y ReqTX:- RepRX:- RepTX:-
2026-02-05 17:47:53.650 [update] ID=3018 Seq=10 ReqRX:Y ReqTX:Y RepRX:- RepTX:-
2026-02-05 17:47:53.650 [update] ID=3018 Seq=10 ReqRX:Y ReqTX:Y RepRX:Y RepTX:-
2026-02-05 17:47:53.650 [complete] ID=3018 Seq=10 ReqRX:Y ReqTX:Y RepRX:Y RepTX:Y
  Latency(us): ReqInternal=20064.7  External=251.2  RepInternal=44.8  Total=20360.7
--------------------------------------------------------------------------------
2026-02-05 17:47:54.213 [new] ID=3020 Seq=3 ReqRX:Y ReqTX:- RepRX:- RepTX:-
2026-02-05 17:47:54.233 [update] ID=3020 Seq=3 ReqRX:Y ReqTX:Y RepRX:- RepTX:-
2026-02-05 17:47:54.234 [update] ID=3020 Seq=3 ReqRX:Y ReqTX:Y RepRX:Y RepTX:-
2026-02-05 17:47:54.234 [complete] ID=3020 Seq=3 ReqRX:Y ReqTX:Y RepRX:Y RepTX:Y
  Latency(us): ReqInternal=20065.2  External=250.3  RepInternal=43.7  Total=20359.3
--------------------------------------------------------------------------------
2026-02-05 17:47:54.631 [new] ID=3018 Seq=11 ReqRX:Y ReqTX:- RepRX:- RepTX:-
2026-02-05 17:47:54.652 [update] ID=3018 Seq=11 ReqRX:Y ReqTX:Y RepRX:Y RepTX:-
2026-02-05 17:47:54.652 [complete] ID=3018 Seq=11 ReqRX:Y ReqTX:Y RepRX:Y RepTX:Y
  Latency(us): ReqInternal=20083.1  External=277.7  RepInternal=48.8  Total=20409.5
--------------------------------------------------------------------------------
2026-02-05 17:47:54.652 [update] ID=3018 Seq=11 ReqRX:Y ReqTX:Y RepRX:Y RepTX:Y
2026-02-05 17:47:55.218 [new] ID=3020 Seq=4 ReqRX:Y ReqTX:- RepRX:- RepTX:-
2026-02-05 17:47:55.238 [update] ID=3020 Seq=4 ReqRX:Y ReqTX:Y RepRX:- RepTX:-
2026-02-05 17:47:55.238 [update] ID=3020 Seq=4 ReqRX:Y ReqTX:Y RepRX:Y RepTX:-
2026-02-05 17:47:55.238 [complete] ID=3020 Seq=4 ReqRX:Y ReqTX:Y RepRX:Y RepTX:Y
  Latency(us): ReqInternal=20063.5  External=258.3  RepInternal=42.9  Total=20364.8
--------------------------------------------------------------------------------
2026-02-05 17:47:55.633 [new] ID=3018 Seq=12 ReqRX:Y ReqTX:- RepRX:- RepTX:-
2026-02-05 17:47:55.657 [update] ID=3018 Seq=12 ReqRX:Y ReqTX:Y RepRX:Y RepTX:-
2026-02-05 17:47:55.657 [complete] ID=3018 Seq=12 ReqRX:Y ReqTX:Y RepRX:Y RepTX:Y
  Latency(us): ReqInternal=20068.5  External=265.3  RepInternal=40.2  Total=20374.0
--------------------------------------------------------------------------------
2026-02-05 17:47:55.657 [update] ID=3018 Seq=12 ReqRX:Y ReqTX:Y RepRX:Y RepTX:Y
2026-02-05 17:47:56.222 [new] ID=3020 Seq=5 ReqRX:Y ReqTX:- RepRX:- RepTX:-
2026-02-05 17:47:56.243 [update] ID=3020 Seq=5 ReqRX:Y ReqTX:Y RepRX:- RepTX:-
2026-02-05 17:47:56.243 [update] ID=3020 Seq=5 ReqRX:Y ReqTX:Y RepRX:Y RepTX:-
2026-02-05 17:47:56.243 [complete] ID=3020 Seq=5 ReqRX:Y ReqTX:Y RepRX:Y RepTX:Y
  Latency(us): ReqInternal=20080.8  External=262.4  RepInternal=46.9  Total=20390.1
--------------------------------------------------------------------------------
2026-02-05 17:47:56.635 [new] ID=3018 Seq=13 ReqRX:Y ReqTX:- RepRX:- RepTX:-
2026-02-05 17:47:56.655 [update] ID=3018 Seq=13 ReqRX:Y ReqTX:Y RepRX:Y RepTX:-
2026-02-05 17:47:56.655 [complete] ID=3018 Seq=13 ReqRX:Y ReqTX:Y RepRX:Y RepTX:Y
  Latency(us): ReqInternal=20048.1  External=238.1  RepInternal=45.3  Total=20331.4
--------------------------------------------------------------------------------
2026-02-05 17:47:56.655 [update] ID=3018 Seq=13 ReqRX:Y ReqTX:Y RepRX:Y RepTX:Y
2026-02-05 17:47:57.636 [new] ID=3018 Seq=14 ReqRX:Y ReqTX:- RepRX:- RepTX:-
2026-02-05 17:47:57.656 [update] ID=3018 Seq=14 ReqRX:Y ReqTX:Y RepRX:- RepTX:-
2026-02-05 17:47:57.657 [update] ID=3018 Seq=14 ReqRX:Y ReqTX:Y RepRX:Y RepTX:-
2026-02-05 17:47:57.657 [complete] ID=3018 Seq=14 ReqRX:Y ReqTX:Y RepRX:Y RepTX:Y
  Latency(us): ReqInternal=20065.8  External=300.3  RepInternal=47.4  Total=20413.5
--------------------------------------------------------------------------------
2026-02-05 17:47:58.258 [new] ID=3021 Seq=1 ReqRX:Y ReqTX:- RepRX:- RepTX:-
2026-02-05 17:47:58.278 [update] ID=3021 Seq=1 ReqRX:Y ReqTX:Y RepRX:- RepTX:-
2026-02-05 17:47:58.278 [update] ID=3021 Seq=1 ReqRX:Y ReqTX:Y RepRX:Y RepTX:-
2026-02-05 17:47:58.278 [complete] ID=3021 Seq=1 ReqRX:Y ReqTX:Y RepRX:Y RepTX:Y
  Latency(us): ReqInternal=20088.8  External=323.3  RepInternal=45.6  Total=20457.7
--------------------------------------------------------------------------------
2026-02-05 17:47:58.638 [new] ID=3018 Seq=15 ReqRX:Y ReqTX:- RepRX:- RepTX:-
2026-02-05 17:47:58.658 [update] ID=3018 Seq=15 ReqRX:Y ReqTX:Y RepRX:- RepTX:-
2026-02-05 17:47:58.658 [update] ID=3018 Seq=15 ReqRX:Y ReqTX:Y RepRX:Y RepTX:-
2026-02-05 17:47:58.658 [complete] ID=3018 Seq=15 ReqRX:Y ReqTX:Y RepRX:Y RepTX:Y
  Latency(us): ReqInternal=20073.8  External=239.0  RepInternal=53.8  Total=20366.6
--------------------------------------------------------------------------------
2026-02-05 17:47:59.264 [new] ID=3021 Seq=2 ReqRX:Y ReqTX:- RepRX:- RepTX:-
2026-02-05 17:47:59.284 [update] ID=3021 Seq=2 ReqRX:Y ReqTX:Y RepRX:- RepTX:-
2026-02-05 17:47:59.284 [update] ID=3021 Seq=2 ReqRX:Y ReqTX:Y RepRX:Y RepTX:-
2026-02-05 17:47:59.284 [complete] ID=3021 Seq=2 ReqRX:Y ReqTX:Y RepRX:Y RepTX:Y
  Latency(us): ReqInternal=20074.0  External=244.0  RepInternal=45.8  Total=20363.7
--------------------------------------------------------------------------------
2026-02-05 17:47:59.642 [new] ID=3018 Seq=16 ReqRX:Y ReqTX:- RepRX:- RepTX:-
2026-02-05 17:47:59.660 [update] ID=3018 Seq=16 ReqRX:Y ReqTX:Y RepRX:- RepTX:-
2026-02-05 17:47:59.660 [update] ID=3018 Seq=16 ReqRX:Y ReqTX:Y RepRX:Y RepTX:-
2026-02-05 17:47:59.660 [complete] ID=3018 Seq=16 ReqRX:Y ReqTX:Y RepRX:Y RepTX:Y
  Latency(us): ReqInternal=20071.4  External=234.1  RepInternal=41.6  Total=20347.1
--------------------------------------------------------------------------------
2026-02-05 17:48:00.269 [new] ID=3021 Seq=3 ReqRX:Y ReqTX:- RepRX:- RepTX:-
2026-02-05 17:48:00.295 [update] ID=3021 Seq=3 ReqRX:Y ReqTX:Y RepRX:Y RepTX:-
2026-02-05 17:48:00.295 [complete] ID=3021 Seq=3 ReqRX:Y ReqTX:Y RepRX:Y RepTX:Y
  Latency(us): ReqInternal=20072.9  External=367.2  RepInternal=58.8  Total=20498.9
--------------------------------------------------------------------------------
2026-02-05 17:48:00.295 [update] ID=3021 Seq=3 ReqRX:Y ReqTX:Y RepRX:Y RepTX:Y
2026-02-05 17:48:00.642 [new] ID=3018 Seq=17 ReqRX:Y ReqTX:- RepRX:- RepTX:-
2026-02-05 17:48:00.661 [update] ID=3018 Seq=17 ReqRX:Y ReqTX:Y RepRX:- RepTX:-
2026-02-05 17:48:00.662 [update] ID=3018 Seq=17 ReqRX:Y ReqTX:Y RepRX:Y RepTX:-
2026-02-05 17:48:00.662 [complete] ID=3018 Seq=17 ReqRX:Y ReqTX:Y RepRX:Y RepTX:Y
  Latency(us): ReqInternal=20075.7  External=272.6  RepInternal=49.1  Total=20397.4
--------------------------------------------------------------------------------
2026-02-05 17:48:01.275 [new] ID=3021 Seq=4 ReqRX:Y ReqTX:- RepRX:- RepTX:-
2026-02-05 17:48:01.295 [update] ID=3021 Seq=4 ReqRX:Y ReqTX:Y RepRX:- RepTX:-
2026-02-05 17:48:01.295 [update] ID=3021 Seq=4 ReqRX:Y ReqTX:Y RepRX:Y RepTX:-
2026-02-05 17:48:01.296 [complete] ID=3021 Seq=4 ReqRX:Y ReqTX:Y RepRX:Y RepTX:Y
  Latency(us): ReqInternal=20063.4  External=422.2  RepInternal=74.5  Total=20560.2
--------------------------------------------------------------------------------
2026-02-05 17:48:01.643 [new] ID=3018 Seq=18 ReqRX:Y ReqTX:- RepRX:- RepTX:-
2026-02-05 17:48:01.663 [update] ID=3018 Seq=18 ReqRX:Y ReqTX:Y RepRX:- RepTX:-
2026-02-05 17:48:01.663 [update] ID=3018 Seq=18 ReqRX:Y ReqTX:Y RepRX:Y RepTX:-
2026-02-05 17:48:01.663 [complete] ID=3018 Seq=18 ReqRX:Y ReqTX:Y RepRX:Y RepTX:Y
  Latency(us): ReqInternal=20071.8  External=233.8  RepInternal=43.5  Total=20349.2
--------------------------------------------------------------------------------
2026-02-05 17:48:02.281 [new] ID=3021 Seq=5 ReqRX:Y ReqTX:- RepRX:- RepTX:-
2026-02-05 17:48:02.301 [update] ID=3021 Seq=5 ReqRX:Y ReqTX:Y RepRX:- RepTX:-
2026-02-05 17:48:02.301 [update] ID=3021 Seq=5 ReqRX:Y ReqTX:Y RepRX:Y RepTX:-
2026-02-05 17:48:02.301 [complete] ID=3021 Seq=5 ReqRX:Y ReqTX:Y RepRX:Y RepTX:Y
  Latency(us): ReqInternal=20055.4  External=229.4  RepInternal=47.0  Total=20331.7
--------------------------------------------------------------------------------
2026-02-05 17:48:02.645 [new] ID=3018 Seq=19 ReqRX:Y ReqTX:- RepRX:- RepTX:-
2026-02-05 17:48:02.665 [update] ID=3018 Seq=19 ReqRX:Y ReqTX:Y RepRX:- RepTX:-
2026-02-05 17:48:02.665 [update] ID=3018 Seq=19 ReqRX:Y ReqTX:Y RepRX:Y RepTX:-
2026-02-05 17:48:02.665 [complete] ID=3018 Seq=19 ReqRX:Y ReqTX:Y RepRX:Y RepTX:Y
  Latency(us): ReqInternal=20069.3  External=234.1  RepInternal=42.8  Total=20346.2
--------------------------------------------------------------------------------
2026-02-05 17:48:03.647 [new] ID=3018 Seq=20 ReqRX:Y ReqTX:- RepRX:- RepTX:-
2026-02-05 17:48:03.667 [update] ID=3018 Seq=20 ReqRX:Y ReqTX:Y RepRX:Y RepTX:-
2026-02-05 17:48:03.667 [complete] ID=3018 Seq=20 ReqRX:Y ReqTX:Y RepRX:Y RepTX:Y
  Latency(us): ReqInternal=20069.8  External=346.9  RepInternal=44.6  Total=20461.3
--------------------------------------------------------------------------------
2026-02-05 17:48:03.667 [update] ID=3018 Seq=20 ReqRX:Y ReqTX:Y RepRX:Y RepTX:Y
2026-02-05 17:48:04.317 [new] ID=3022 Seq=1 ReqRX:Y ReqTX:- RepRX:- RepTX:-
2026-02-05 17:48:04.337 [update] ID=3022 Seq=1 ReqRX:Y ReqTX:Y RepRX:- RepTX:-
2026-02-05 17:48:04.337 [update] ID=3022 Seq=1 ReqRX:Y ReqTX:Y RepRX:Y RepTX:-
2026-02-05 17:48:04.337 [complete] ID=3022 Seq=1 ReqRX:Y ReqTX:Y RepRX:Y RepTX:Y
  Latency(us): ReqInternal=20079.7  External=296.7  RepInternal=43.7  Total=20420.0
--------------------------------------------------------------------------------
2026-02-05 17:48:04.648 [new] ID=3018 Seq=21 ReqRX:Y ReqTX:- RepRX:- RepTX:-
2026-02-05 17:48:04.668 [update] ID=3018 Seq=21 ReqRX:Y ReqTX:Y RepRX:- RepTX:-
2026-02-05 17:48:04.668 [update] ID=3018 Seq=21 ReqRX:Y ReqTX:Y RepRX:Y RepTX:-
2026-02-05 17:48:04.669 [complete] ID=3018 Seq=21 ReqRX:Y ReqTX:Y RepRX:Y RepTX:Y
  Latency(us): ReqInternal=20062.2  External=294.1  RepInternal=48.1  Total=20404.3
--------------------------------------------------------------------------------
2026-02-05 17:48:05.322 [new] ID=3022 Seq=2 ReqRX:Y ReqTX:- RepRX:- RepTX:-
2026-02-05 17:48:05.343 [update] ID=3022 Seq=2 ReqRX:Y ReqTX:Y RepRX:- RepTX:-
2026-02-05 17:48:05.343 [update] ID=3022 Seq=2 ReqRX:Y ReqTX:Y RepRX:Y RepTX:-
2026-02-05 17:48:05.343 [complete] ID=3022 Seq=2 ReqRX:Y ReqTX:Y RepRX:Y RepTX:Y
  Latency(us): ReqInternal=20064.9  External=261.5  RepInternal=39.1  Total=20365.5
--------------------------------------------------------------------------------
2026-02-05 17:48:05.650 [new] ID=3018 Seq=22 ReqRX:Y ReqTX:- RepRX:- RepTX:-
2026-02-05 17:48:05.670 [update] ID=3018 Seq=22 ReqRX:Y ReqTX:Y RepRX:- RepTX:-
2026-02-05 17:48:05.670 [update] ID=3018 Seq=22 ReqRX:Y ReqTX:Y RepRX:Y RepTX:-
2026-02-05 17:48:05.670 [complete] ID=3018 Seq=22 ReqRX:Y ReqTX:Y RepRX:Y RepTX:Y
  Latency(us): ReqInternal=20068.2  External=326.0  RepInternal=49.2  Total=20443.5
--------------------------------------------------------------------------------
2026-02-05 17:48:06.328 [new] ID=3022 Seq=3 ReqRX:Y ReqTX:- RepRX:- RepTX:-
2026-02-05 17:48:06.348 [update] ID=3022 Seq=3 ReqRX:Y ReqTX:Y RepRX:- RepTX:-
2026-02-05 17:48:06.348 [update] ID=3022 Seq=3 ReqRX:Y ReqTX:Y RepRX:Y RepTX:-
2026-02-05 17:48:06.348 [complete] ID=3022 Seq=3 ReqRX:Y ReqTX:Y RepRX:Y RepTX:Y
  Latency(us): ReqInternal=20066.2  External=214.1  RepInternal=44.8  Total=20325.1
--------------------------------------------------------------------------------
2026-02-05 17:48:06.652 [new] ID=3018 Seq=23 ReqRX:Y ReqTX:- RepRX:- RepTX:-
2026-02-05 17:48:06.672 [update] ID=3018 Seq=23 ReqRX:Y ReqTX:Y RepRX:- RepTX:-
2026-02-05 17:48:06.672 [update] ID=3018 Seq=23 ReqRX:Y ReqTX:Y RepRX:Y RepTX:-
2026-02-05 17:48:06.672 [complete] ID=3018 Seq=23 ReqRX:Y ReqTX:Y RepRX:Y RepTX:Y
  Latency(us): ReqInternal=20062.7  External=255.9  RepInternal=47.5  Total=20366.1
--------------------------------------------------------------------------------
2026-02-05 17:48:07.333 [new] ID=3022 Seq=4 ReqRX:Y ReqTX:- RepRX:- RepTX:-
2026-02-05 17:48:07.355 [update] ID=3022 Seq=4 ReqRX:Y ReqTX:Y RepRX:- RepTX:-
2026-02-05 17:48:07.355 [update] ID=3022 Seq=4 ReqRX:Y ReqTX:Y RepRX:Y RepTX:-
2026-02-05 17:48:07.355 [complete] ID=3022 Seq=4 ReqRX:Y ReqTX:Y RepRX:Y RepTX:Y
  Latency(us): ReqInternal=20064.1  External=318.0  RepInternal=50.5  Total=20432.6
--------------------------------------------------------------------------------
2026-02-05 17:48:07.653 [new] ID=3018 Seq=24 ReqRX:Y ReqTX:- RepRX:- RepTX:-
2026-02-05 17:48:07.673 [update] ID=3018 Seq=24 ReqRX:Y ReqTX:Y RepRX:- RepTX:-
2026-02-05 17:48:07.673 [update] ID=3018 Seq=24 ReqRX:Y ReqTX:Y RepRX:Y RepTX:-
2026-02-05 17:48:07.673 [complete] ID=3018 Seq=24 ReqRX:Y ReqTX:Y RepRX:Y RepTX:Y
  Latency(us): ReqInternal=20052.4  External=266.9  RepInternal=50.7  Total=20370.0
--------------------------------------------------------------------------------
2026-02-05 17:48:08.339 [new] ID=3022 Seq=5 ReqRX:Y ReqTX:- RepRX:- RepTX:-
2026-02-05 17:48:08.359 [update] ID=3022 Seq=5 ReqRX:Y ReqTX:Y RepRX:- RepTX:-
2026-02-05 17:48:08.359 [update] ID=3022 Seq=5 ReqRX:Y ReqTX:Y RepRX:Y RepTX:-
2026-02-05 17:48:08.359 [complete] ID=3022 Seq=5 ReqRX:Y ReqTX:Y RepRX:Y RepTX:Y
  Latency(us): ReqInternal=20064.8  External=265.0  RepInternal=47.9  Total=20377.8
--------------------------------------------------------------------------------
2026-02-05 17:48:08.655 [new] ID=3018 Seq=25 ReqRX:Y ReqTX:- RepRX:- RepTX:-
2026-02-05 17:48:08.675 [update] ID=3018 Seq=25 ReqRX:Y ReqTX:Y RepRX:- RepTX:-
2026-02-05 17:48:08.675 [update] ID=3018 Seq=25 ReqRX:Y ReqTX:Y RepRX:Y RepTX:-
2026-02-05 17:48:08.675 [complete] ID=3018 Seq=25 ReqRX:Y ReqTX:Y RepRX:Y RepTX:Y
  Latency(us): ReqInternal=20067.7  External=247.7  RepInternal=44.9  Total=20360.3
--------------------------------------------------------------------------------
2026-02-05 17:48:09.657 [new] ID=3018 Seq=26 ReqRX:Y ReqTX:- RepRX:- RepTX:-
2026-02-05 17:48:09.677 [update] ID=3018 Seq=26 ReqRX:Y ReqTX:Y RepRX:- RepTX:-
2026-02-05 17:48:09.677 [update] ID=3018 Seq=26 ReqRX:Y ReqTX:Y RepRX:Y RepTX:-
2026-02-05 17:48:09.677 [complete] ID=3018 Seq=26 ReqRX:Y ReqTX:Y RepRX:Y RepTX:Y
  Latency(us): ReqInternal=20066.5  External=280.4  RepInternal=40.7  Total=20387.6
--------------------------------------------------------------------------------
2026-02-05 17:48:10.375 [new] ID=3023 Seq=1 ReqRX:Y ReqTX:- RepRX:- RepTX:-
2026-02-05 17:48:10.395 [update] ID=3023 Seq=1 ReqRX:Y ReqTX:Y RepRX:- RepTX:-
2026-02-05 17:48:10.395 [update] ID=3023 Seq=1 ReqRX:Y ReqTX:Y RepRX:Y RepTX:-
2026-02-05 17:48:10.395 [complete] ID=3023 Seq=1 ReqRX:Y ReqTX:Y RepRX:Y RepTX:Y
  Latency(us): ReqInternal=20088.2  External=307.0  RepInternal=42.9  Total=20438.1
--------------------------------------------------------------------------------
2026-02-05 17:48:10.658 [new] ID=3018 Seq=27 ReqRX:Y ReqTX:- RepRX:- RepTX:-
2026-02-05 17:48:10.678 [update] ID=3018 Seq=27 ReqRX:Y ReqTX:Y RepRX:- RepTX:-
2026-02-05 17:48:10.678 [update] ID=3018 Seq=27 ReqRX:Y ReqTX:Y RepRX:Y RepTX:-
2026-02-05 17:48:10.679 [complete] ID=3018 Seq=27 ReqRX:Y ReqTX:Y RepRX:Y RepTX:Y
  Latency(us): ReqInternal=20050.6  External=225.1  RepInternal=45.2  Total=20320.9
--------------------------------------------------------------------------------
2026-02-05 17:48:11.380 [new] ID=3023 Seq=2 ReqRX:Y ReqTX:- RepRX:- RepTX:-
2026-02-05 17:48:11.400 [update] ID=3023 Seq=2 ReqRX:Y ReqTX:Y RepRX:- RepTX:-
2026-02-05 17:48:11.401 [update] ID=3023 Seq=2 ReqRX:Y ReqTX:Y RepRX:Y RepTX:-
2026-02-05 17:48:11.401 [complete] ID=3023 Seq=2 ReqRX:Y ReqTX:Y RepRX:Y RepTX:Y
  Latency(us): ReqInternal=20063.8  External=242.9  RepInternal=47.8  Total=20354.5
--------------------------------------------------------------------------------
2026-02-05 17:48:11.661 [new] ID=3018 Seq=28 ReqRX:Y ReqTX:- RepRX:- RepTX:-
2026-02-05 17:48:11.681 [update] ID=3018 Seq=28 ReqRX:Y ReqTX:Y RepRX:Y RepTX:-
2026-02-05 17:48:11.681 [complete] ID=3018 Seq=28 ReqRX:Y ReqTX:Y RepRX:Y RepTX:Y
  Latency(us): ReqInternal=20065.2  External=291.8  RepInternal=37.6  Total=20394.6
--------------------------------------------------------------------------------
2026-02-05 17:48:11.682 [update] ID=3018 Seq=28 ReqRX:Y ReqTX:Y RepRX:Y RepTX:Y
2026-02-05 17:48:12.386 [new] ID=3023 Seq=3 ReqRX:Y ReqTX:- RepRX:- RepTX:-
2026-02-05 17:48:12.406 [update] ID=3023 Seq=3 ReqRX:Y ReqTX:Y RepRX:Y RepTX:-
2026-02-05 17:48:12.406 [complete] ID=3023 Seq=3 ReqRX:Y ReqTX:Y RepRX:Y RepTX:Y
  Latency(us): ReqInternal=20065.5  External=255.2  RepInternal=47.0  Total=20367.8
--------------------------------------------------------------------------------
2026-02-05 17:48:12.406 [update] ID=3023 Seq=3 ReqRX:Y ReqTX:Y RepRX:Y RepTX:Y
2026-02-05 17:48:12.662 [new] ID=3018 Seq=29 ReqRX:Y ReqTX:- RepRX:- RepTX:-
2026-02-05 17:48:12.682 [update] ID=3018 Seq=29 ReqRX:Y ReqTX:Y RepRX:- RepTX:-
2026-02-05 17:48:12.682 [update] ID=3018 Seq=29 ReqRX:Y ReqTX:Y RepRX:Y RepTX:-
2026-02-05 17:48:12.682 [complete] ID=3018 Seq=29 ReqRX:Y ReqTX:Y RepRX:Y RepTX:Y
  Latency(us): ReqInternal=20064.7  External=242.5  RepInternal=47.0  Total=20354.2
--------------------------------------------------------------------------------
2026-02-05 17:48:13.391 [new] ID=3023 Seq=4 ReqRX:Y ReqTX:- RepRX:- RepTX:-
2026-02-05 17:48:13.412 [update] ID=3023 Seq=4 ReqRX:Y ReqTX:Y RepRX:- RepTX:-
2026-02-05 17:48:13.412 [update] ID=3023 Seq=4 ReqRX:Y ReqTX:Y RepRX:Y RepTX:-
2026-02-05 17:48:13.412 [complete] ID=3023 Seq=4 ReqRX:Y ReqTX:Y RepRX:Y RepTX:Y
  Latency(us): ReqInternal=20068.7  External=225.1  RepInternal=49.9  Total=20343.6
--------------------------------------------------------------------------------
2026-02-05 17:48:13.663 [new] ID=3018 Seq=30 ReqRX:Y ReqTX:- RepRX:- RepTX:-
2026-02-05 17:48:13.684 [update] ID=3018 Seq=30 ReqRX:Y ReqTX:Y RepRX:Y RepTX:-
2026-02-05 17:48:13.684 [complete] ID=3018 Seq=30 ReqRX:Y ReqTX:Y RepRX:Y RepTX:Y
  Latency(us): ReqInternal=20052.6  External=247.0  RepInternal=42.9  Total=20342.5
--------------------------------------------------------------------------------
2026-02-05 17:48:13.684 [update] ID=3018 Seq=30 ReqRX:Y ReqTX:Y RepRX:Y RepTX:Y
2026-02-05 17:48:14.397 [new] ID=3023 Seq=5 ReqRX:Y ReqTX:- RepRX:- RepTX:-
2026-02-05 17:48:14.417 [update] ID=3023 Seq=5 ReqRX:Y ReqTX:Y RepRX:- RepTX:-
2026-02-05 17:48:14.417 [update] ID=3023 Seq=5 ReqRX:Y ReqTX:Y RepRX:Y RepTX:-
2026-02-05 17:48:14.417 [complete] ID=3023 Seq=5 ReqRX:Y ReqTX:Y RepRX:Y RepTX:Y
  Latency(us): ReqInternal=20065.0  External=217.5  RepInternal=42.0  Total=20324.5
--------------------------------------------------------------------------------
2026-02-05 17:48:14.665 [new] ID=3018 Seq=31 ReqRX:Y ReqTX:- RepRX:- RepTX:-
2026-02-05 17:48:14.685 [update] ID=3018 Seq=31 ReqRX:Y ReqTX:Y RepRX:- RepTX:-
2026-02-05 17:48:14.685 [update] ID=3018 Seq=31 ReqRX:Y ReqTX:Y RepRX:Y RepTX:-
2026-02-05 17:48:14.685 [complete] ID=3018 Seq=31 ReqRX:Y ReqTX:Y RepRX:Y RepTX:Y
  Latency(us): ReqInternal=20057.8  External=274.5  RepInternal=48.4  Total=20380.7
--------------------------------------------------------------------------------
2026-02-05 17:48:15.667 [new] ID=3018 Seq=32 ReqRX:Y ReqTX:- RepRX:- RepTX:-
2026-02-05 17:48:15.687 [update] ID=3018 Seq=32 ReqRX:Y ReqTX:Y RepRX:- RepTX:-
2026-02-05 17:48:15.687 [update] ID=3018 Seq=32 ReqRX:Y ReqTX:Y RepRX:Y RepTX:-
2026-02-05 17:48:15.687 [complete] ID=3018 Seq=32 ReqRX:Y ReqTX:Y RepRX:Y RepTX:Y
  Latency(us): ReqInternal=20078.6  External=219.5  RepInternal=46.5  Total=20344.5
--------------------------------------------------------------------------------
2026-02-05 17:48:16.432 [new] ID=3024 Seq=1 ReqRX:Y ReqTX:- RepRX:- RepTX:-
2026-02-05 17:48:16.453 [update] ID=3024 Seq=1 ReqRX:Y ReqTX:Y RepRX:Y RepTX:-
2026-02-05 17:48:16.453 [complete] ID=3024 Seq=1 ReqRX:Y ReqTX:Y RepRX:Y RepTX:Y
  Latency(us): ReqInternal=20095.2  External=317.7  RepInternal=50.4  Total=20463.3
--------------------------------------------------------------------------------
2026-02-05 17:48:16.454 [update] ID=3024 Seq=1 ReqRX:Y ReqTX:Y RepRX:Y RepTX:Y
2026-02-05 17:48:16.668 [new] ID=3018 Seq=33 ReqRX:Y ReqTX:- RepRX:- RepTX:-
2026-02-05 17:48:16.688 [update] ID=3018 Seq=33 ReqRX:Y ReqTX:Y RepRX:- RepTX:-
2026-02-05 17:48:16.688 [update] ID=3018 Seq=33 ReqRX:Y ReqTX:Y RepRX:Y RepTX:-
2026-02-05 17:48:16.688 [complete] ID=3018 Seq=33 ReqRX:Y ReqTX:Y RepRX:Y RepTX:Y
  Latency(us): ReqInternal=20060.4  External=232.2  RepInternal=48.2  Total=20340.9
--------------------------------------------------------------------------------

Detaching...

=== ICMP Flow Statistics ===
Total flows tracked: 49
Complete flows: 49
Request internal drops: 0
External drops: 0
Reply internal drops: 0
