Detected kernel version: 4.19, distro: centos
IRQ bypass module: loaded
Using 4.x (pointer only, 8 bytes) vhost structure layout
Packet filters:
  Protocol: ICMP
  Source IP: 192.168.77.83
  Destination IP: 192.168.76.244
Successfully attached to tun_net_xmit
Successfully attached to vhost_add_used_and_signal_n
Successfully attached to eventfd_signal
Successfully attached to irqfd_wakeup (KVM interrupt injection)
Successfully attached to vmx_deliver_posted_interrupt (IRQ bypass hardware path)
Device filter: vnet130
Queue filter: All queues

================================================================================
TUN TX QUEUE INTERRUPT TRACING STARTED
================================================================================
Tracing: tun_net_xmit -> vhost_signal -> eventfd_signal -> irqfd_wakeup -> posted_int
Correlation: Stage 2->3->4 via eventfd_ctx, Stage 4->5 via GSI/vector
Press Ctrl+C to stop

Clearing BPF maps for clean state...
Maps cleared. Ready for tracing.


================================================================================
TUN TX INTERRUPT TRACING STOPPED - FINAL SUMMARY
================================================================================

TUN TX Queue Interrupt Tracing completed.
Total events collected: 0
