=== Kernel ICMP RTT Tracer ===
Trace Direction: RX
Ping Session: 192.168.77.83 -> 192.168.76.244
Local IP: 192.168.76.244 (0xc0a84cf4)
Remote IP: 192.168.77.83 (0xc0a84d53)
Monitoring interface(s): ens4(ifindex=4)

BPF program loaded successfully

Verifying probe attachments:
  [OK] ip_local_out found in kallsyms
  [OK] __ip_local_out found in kallsyms
  [OK] ip_rcv found in kallsyms
  [OK] icmp_rcv found in kallsyms
  [OK] netif_receive_skb tracepoint exists
  [OK] net_dev_xmit tracepoint exists

Tracing ICMP RTT (src=192.168.77.83, dst=192.168.76.244, dir=rx) ... Hit Ctrl-C to end.
Exiting.
Traceback (most recent call last):
  File "/tmp/kernel_icmp_rtt.py", line 1009, in <module>
    b.perf_buffer_poll()
  File "/usr/lib/python3.9/site-packages/bcc/__init__.py", line 1727, in perf_buffer_poll
    lib.perf_reader_poll(len(readers), readers, timeout)
KeyboardInterrupt

During handling of the above exception, another exception occurred:

Traceback (most recent call last):
  File "/tmp/kernel_icmp_rtt.py", line 1010, in <module>
    except KeyboardInterrupt:
KeyboardInterrupt
